Using pre-set license
Built from '2020.3/staging' branch; Version is '2020.3.20f1 (41c4e627c95f) revision 4310246'; Using compiler version '192528614'; Build Type 'Release'
OS: 'Windows 10 Pro; OS build 19043.1348; Version 2009; 64bit' Language: 'zh' Physical Memory: 24436 MB
BatchMode: 1, IsHumanControllingUs: 0, StartBugReporterOnCrash: 0, Is64bit: 1, IsPro: 0

COMMAND LINE ARGUMENTS:
F:\unity\2020.3.20f1\Editor\Unity.exe
-adb2
-batchMode
-noUpm
-name
AssetImportWorker0
-projectPath
E:/dotnet/ET-Branch_final/Unity
-logFile
Logs/AssetImportWorker0.log
-srvPort
53586
Successfully changed project path to: E:/dotnet/ET-Branch_final/Unity
E:/dotnet/ET-Branch_final/Unity
Using Asset Import Pipeline V2.
Refreshing native plugins compatible for Editor in 35.81 ms, found 1 plugins.
Preloading 0 native plugins for Editor in 0.00 ms.
Initialize engine version: 2020.3.20f1 (41c4e627c95f)
[Subsystems] Discovering subsystems at path F:/unity/2020.3.20f1/Editor/Data/Resources/UnitySubsystems
[Subsystems] Discovering subsystems at path E:/dotnet/ET-Branch_final/Unity/Assets
GfxDevice: creating device client; threaded=0
Direct3D:
    Version:  Direct3D 11.0 [level 11.1]
    Renderer: Intel(R) UHD Graphics 630 (ID=0x9bc8)
    Vendor:   
    VRAM:     12218 MB
    Driver:   27.20.100.9316
Initialize mono
Mono path[0] = 'F:/unity/2020.3.20f1/Editor/Data/Managed'
Mono path[1] = 'F:/unity/2020.3.20f1/Editor/Data/MonoBleedingEdge/lib/mono/unityjit'
Mono config path = 'F:/unity/2020.3.20f1/Editor/Data/MonoBleedingEdge/etc'
Using monoOptions --debugger-agent=transport=dt_socket,embedding=1,server=y,suspend=n,address=127.0.0.1:56884
Begin MonoManager ReloadAssembly
Registering precompiled unity dll's ...
Register platform support module: F:/unity/2020.3.20f1/Editor/Data/PlaybackEngines/WindowsStandaloneSupport/UnityEditor.WindowsStandalone.Extensions.dll
Registered in 0.000763 seconds.
Native extension for WindowsStandalone target not found
Refreshing native plugins compatible for Editor in 34.85 ms, found 1 plugins.
Preloading 0 native plugins for Editor in 0.00 ms.
Mono: successfully reloaded assembly
- Completed reload, in  0.856 seconds
Domain Reload Profiling:
	ReloadAssembly (856ms)
		BeginReloadAssembly (47ms)
			ExecutionOrderSort (0ms)
			DisableScriptedObjects (0ms)
			BackupInstance (0ms)
			ReleaseScriptingObjects (0ms)
			CreateAndSetChildDomain (1ms)
		EndReloadAssembly (399ms)
			LoadAssemblies (46ms)
			RebuildTransferFunctionScriptingTraits (0ms)
			SetupTypeCache (145ms)
			ReleaseScriptCaches (0ms)
			RebuildScriptCaches (34ms)
			SetupLoadedEditorAssemblies (156ms)
				LogAssemblyErrors (0ms)
				InitializePlatformSupportModulesInManaged (3ms)
				SetLoadedEditorAssemblies (0ms)
				RefreshPlugins (35ms)
				BeforeProcessingInitializeOnLoad (12ms)
				ProcessInitializeOnLoadAttributes (78ms)
				ProcessInitializeOnLoadMethodAttributes (28ms)
				AfterProcessingInitializeOnLoad (0ms)
				EditorAssembliesLoaded (0ms)
			ExecutionOrderSort2 (0ms)
			AwakeInstancesAfterBackupRestoration (0ms)
Platform modules already initialized, skipping
Registering precompiled user dll's ...
Registered in 0.003363 seconds.
Begin MonoManager ReloadAssembly
Native extension for WindowsStandalone target not found
Refreshing native plugins compatible for Editor in 0.41 ms, found 1 plugins.
Preloading 0 native plugins for Editor in 0.00 ms.
Copy Hotfix Code
UnityEngine.StackTraceUtility:ExtractStackTrace ()
UnityEngine.DebugLogHandler:LogFormat (UnityEngine.LogType,UnityEngine.Object,string,object[])
UnityEngine.Logger:Log (UnityEngine.LogType,object)
UnityEngine.Debug:Log (object)
ETModel.Log:Info (string) (at Assets/Model/Base/Log.cs:19)
ETEditor.Startup:CopyCode () (at Assets/Editor/BuildEditor/BuildHotfixEditor.cs:37)
ETEditor.Startup:.cctor () (at Assets/Editor/BuildEditor/BuildHotfixEditor.cs:29)
System.Runtime.CompilerServices.RuntimeHelpers:RunClassConstructor (System.RuntimeTypeHandle)
UnityEditor.EditorAssemblies:ProcessInitializeOnLoadAttributes (System.Type[])

(Filename: Assets/Model/Base/Log.cs Line: 19)

复制Hotfix.dll, Hotfix.pdb到Res/Code完成
UnityEngine.StackTraceUtility:ExtractStackTrace ()
UnityEngine.DebugLogHandler:LogFormat (UnityEngine.LogType,UnityEngine.Object,string,object[])
UnityEngine.Logger:Log (UnityEngine.LogType,object)
UnityEngine.Debug:Log (object)
ETModel.Log:Info (string) (at Assets/Model/Base/Log.cs:19)
ETEditor.Startup:CopyCode () (at Assets/Editor/BuildEditor/BuildHotfixEditor.cs:42)
ETEditor.Startup:.cctor () (at Assets/Editor/BuildEditor/BuildHotfixEditor.cs:29)
System.Runtime.CompilerServices.RuntimeHelpers:RunClassConstructor (System.RuntimeTypeHandle)
UnityEditor.EditorAssemblies:ProcessInitializeOnLoadAttributes (System.Type[])

(Filename: Assets/Model/Base/Log.cs Line: 19)

Check Code.prefab
UnityEngine.StackTraceUtility:ExtractStackTrace ()
UnityEngine.DebugLogHandler:LogFormat (UnityEngine.LogType,UnityEngine.Object,string,object[])
UnityEngine.Logger:Log (UnityEngine.LogType,object)
UnityEngine.Debug:Log (object)
ETModel.Log:Info (string) (at Assets/Model/Base/Log.cs:19)
ETEditor.Startup:CheckCode () (at Assets/Editor/BuildEditor/BuildHotfixEditor.cs:50)
ETEditor.Startup:.cctor () (at Assets/Editor/BuildEditor/BuildHotfixEditor.cs:31)
System.Runtime.CompilerServices.RuntimeHelpers:RunClassConstructor (System.RuntimeTypeHandle)
UnityEditor.EditorAssemblies:ProcessInitializeOnLoadAttributes (System.Type[])

(Filename: Assets/Model/Base/Log.cs Line: 19)

Assets/Bundles/Independent/Code.prefab 不存在 自动创建Code.prefab
UnityEngine.StackTraceUtility:ExtractStackTrace ()
UnityEngine.DebugLogHandler:LogFormat (UnityEngine.LogType,UnityEngine.Object,string,object[])
UnityEngine.Logger:Log (UnityEngine.LogType,object)
UnityEngine.Debug:LogWarning (object)
ETModel.Log:Warning (string) (at Assets/Model/Base/Log.cs:24)
ETEditor.Startup:LoadIndependent (string) (at Assets/Editor/BuildEditor/BuildHotfixEditor.cs:131)
ETEditor.Startup:CheckCode () (at Assets/Editor/BuildEditor/BuildHotfixEditor.cs:51)
ETEditor.Startup:.cctor () (at Assets/Editor/BuildEditor/BuildHotfixEditor.cs:31)
System.Runtime.CompilerServices.RuntimeHelpers:RunClassConstructor (System.RuntimeTypeHandle)
UnityEditor.EditorAssemblies:ProcessInitializeOnLoadAttributes (System.Type[])

(Filename: Assets/Model/Base/Log.cs Line: 24)

RefreshInfo: StopAssetImportingV2(NoUpdateAssetOptions) scanfilter: 
RefreshProfiler: Total: 0.000ms
UnityEngine.MissingReferenceException: The object of type 'GameObject' has been destroyed but you are still trying to access it.
Your script should either check if it is null or you should not destroy the object.
  at (wrapper managed-to-native) UnityEngine.GameObject.GetComponentFastPath(UnityEngine.GameObject,System.Type,intptr)
  at UnityEngine.GameObject.GetComponent[T] () [0x00021] in <db669848fd36442a9a56d5bbfe61997f>:0 
  at ETEditor.Startup.CheckCode () [0x0001d] in E:\dotnet\ET-Branch_final\Unity\Assets\Editor\BuildEditor\BuildHotfixEditor.cs:52 
  at ETEditor.Startup..cctor () [0x00007] in E:\dotnet\ET-Branch_final\Unity\Assets\Editor\BuildEditor\BuildHotfixEditor.cs:31 
UnityEngine.StackTraceUtility:ExtractStackTrace ()
UnityEngine.DebugLogHandler:LogFormat (UnityEngine.LogType,UnityEngine.Object,string,object[])
UnityEngine.Logger:Log (UnityEngine.LogType,object)
UnityEngine.Debug:LogError (object)
UnityEditor.EditorAssemblies:ProcessInitializeOnLoadAttributes (System.Type[])

Mono: successfully reloaded assembly
- Completed reload, in  0.908 seconds
Domain Reload Profiling:
	ReloadAssembly (908ms)
		BeginReloadAssembly (130ms)
			ExecutionOrderSort (0ms)
			DisableScriptedObjects (5ms)
			BackupInstance (0ms)
			ReleaseScriptingObjects (0ms)
			CreateAndSetChildDomain (17ms)
		EndReloadAssembly (723ms)
			LoadAssemblies (85ms)
			RebuildTransferFunctionScriptingTraits (0ms)
			SetupTypeCache (265ms)
			ReleaseScriptCaches (0ms)
			RebuildScriptCaches (52ms)
			SetupLoadedEditorAssemblies (229ms)
				LogAssemblyErrors (0ms)
				InitializePlatformSupportModulesInManaged (5ms)
				SetLoadedEditorAssemblies (0ms)
				RefreshPlugins (0ms)
				BeforeProcessingInitializeOnLoad (90ms)
				ProcessInitializeOnLoadAttributes (119ms)
				ProcessInitializeOnLoadMethodAttributes (12ms)
				AfterProcessingInitializeOnLoad (2ms)
				EditorAssembliesLoaded (0ms)
			ExecutionOrderSort2 (0ms)
			AwakeInstancesAfterBackupRestoration (6ms)
Platform modules already initialized, skipping
========================================================================
Worker process is ready to serve import requests
Launched and connected shader compiler UnityShaderCompiler.exe after 0.04 seconds
Refreshing native plugins compatible for Editor in 0.41 ms, found 1 plugins.
Preloading 0 native plugins for Editor in 0.00 ms.
Unloading 2248 Unused Serialized files (Serialized files now loaded: 0)
System memory in use before: 94.0 MB.
System memory in use after: 94.1 MB.

Unloading 37 unused Assets to reduce memory usage. Loaded Objects now: 2681.
Total: 2.199600 ms (FindLiveObjects: 0.204400 ms CreateObjectMapping: 0.079200 ms MarkObjects: 1.848500 ms  DeleteObjects: 0.066700 ms)

AssetImportParameters requested are different than current active one (requested -> active):
  requireTextureImportCompression: false -> true
  custom:framework-win-MediaFoundation: 216162199b28c13a410421893ffa2e32 -> 
  custom:video-decoder-ogg-theora: a1e56fd34408186e4bbccfd4996cb3dc -> 
  custom:container-muxer-webm: aa71ff27fc2769a1b78a27578f13a17b -> 
  custom:container-demuxer-webm: 4f35f7cbe854078d1ac9338744f61a02 -> 
  custom:container-demuxer-ogg: 62fdf1f143b41e24485cea50d1cbac27 -> 
  custom:video-encoder-webm-vp8: eb34c28f22e8b96e1ab97ce403110664 -> 
  custom:video-decoder-webm-vp8: 9c59270c3fd7afecdb556c50c9e8de78 -> 
  custom:audio-decoder-ogg-vorbis: bf7c407c2cedff20999df2af8eb42d56 -> 
  custom:audio-encoder-webm-vorbis: bf7c407c2cedff20999df2af8eb42d56 -> 
========================================================================
Received Import Request.
  path: Assets/Bundles/Independent/Config.prefab
  artifactKey: Guid(59151e2fab0f8f645bac00178f4344ac) Importer(815301076,1909f56bfc062723c751e8b465ee728b)
Start importing Assets/Bundles/Independent/Config.prefab using Guid(59151e2fab0f8f645bac00178f4344ac) Importer(815301076,1909f56bfc062723c751e8b465ee728b)  -> (artifact id: 'eff1ec18cd52182547b14e68a5f5db56') in 0.031108 seconds 
  Import took 0.034067 seconds .

========================================================================
Received Prepare
Registering precompiled user dll's ...
Registered in 0.003792 seconds.
Begin MonoManager ReloadAssembly
Native extension for WindowsStandalone target not found
Refreshing native plugins compatible for Editor in 0.44 ms, found 1 plugins.
Preloading 0 native plugins for Editor in 0.00 ms.
Copy Hotfix Code
UnityEngine.StackTraceUtility:ExtractStackTrace ()
UnityEngine.DebugLogHandler:LogFormat (UnityEngine.LogType,UnityEngine.Object,string,object[])
UnityEngine.Logger:Log (UnityEngine.LogType,object)
UnityEngine.Debug:Log (object)
ETModel.Log:Info (string) (at Assets/Model/Base/Log.cs:19)
ETEditor.Startup:CopyCode () (at Assets/Editor/BuildEditor/BuildHotfixEditor.cs:37)
ETEditor.Startup:.cctor () (at Assets/Editor/BuildEditor/BuildHotfixEditor.cs:29)
System.Runtime.CompilerServices.RuntimeHelpers:RunClassConstructor (System.RuntimeTypeHandle)
UnityEditor.EditorAssemblies:ProcessInitializeOnLoadAttributes (System.Type[])

(Filename: Assets/Model/Base/Log.cs Line: 19)

复制Hotfix.dll, Hotfix.pdb到Res/Code完成
UnityEngine.StackTraceUtility:ExtractStackTrace ()
UnityEngine.DebugLogHandler:LogFormat (UnityEngine.LogType,UnityEngine.Object,string,object[])
UnityEngine.Logger:Log (UnityEngine.LogType,object)
UnityEngine.Debug:Log (object)
ETModel.Log:Info (string) (at Assets/Model/Base/Log.cs:19)
ETEditor.Startup:CopyCode () (at Assets/Editor/BuildEditor/BuildHotfixEditor.cs:42)
ETEditor.Startup:.cctor () (at Assets/Editor/BuildEditor/BuildHotfixEditor.cs:29)
System.Runtime.CompilerServices.RuntimeHelpers:RunClassConstructor (System.RuntimeTypeHandle)
UnityEditor.EditorAssemblies:ProcessInitializeOnLoadAttributes (System.Type[])

(Filename: Assets/Model/Base/Log.cs Line: 19)

Check Code.prefab
UnityEngine.StackTraceUtility:ExtractStackTrace ()
UnityEngine.DebugLogHandler:LogFormat (UnityEngine.LogType,UnityEngine.Object,string,object[])
UnityEngine.Logger:Log (UnityEngine.LogType,object)
UnityEngine.Debug:Log (object)
ETModel.Log:Info (string) (at Assets/Model/Base/Log.cs:19)
ETEditor.Startup:CheckCode () (at Assets/Editor/BuildEditor/BuildHotfixEditor.cs:50)
ETEditor.Startup:.cctor () (at Assets/Editor/BuildEditor/BuildHotfixEditor.cs:31)
System.Runtime.CompilerServices.RuntimeHelpers:RunClassConstructor (System.RuntimeTypeHandle)
UnityEditor.EditorAssemblies:ProcessInitializeOnLoadAttributes (System.Type[])

(Filename: Assets/Model/Base/Log.cs Line: 19)

System.Exception: 获取Code的ReferenceCollector key失败, key: Hotfix.dll ---> System.NullReferenceException: Object reference not set to an instance of an object
  at ETModel.GameObjectHelper.Get[T] (UnityEngine.GameObject gameObject, System.String key) [0x00002] in E:\dotnet\ET-Branch_final\Unity\Assets\Model\Helper\GameObjectHelper.cs:12 
   --- End of inner exception stack trace ---
  at ETModel.GameObjectHelper.Get[T] (UnityEngine.GameObject gameObject, System.String key) [0x00013] in E:\dotnet\ET-Branch_final\Unity\Assets\Model\Helper\GameObjectHelper.cs:16 
  at ETEditor.Startup.<CheckCode>g__CheckNull|8_0 (System.String type, ETEditor.Startup+<>c__DisplayClass8_0& ) [0x00001] in E:\dotnet\ET-Branch_final\Unity\Assets\Editor\BuildEditor\BuildHotfixEditor.cs:56 
  at ETEditor.Startup.CheckCode () [0x00030] in E:\dotnet\ET-Branch_final\Unity\Assets\Editor\BuildEditor\BuildHotfixEditor.cs:69 
  at ETEditor.Startup..cctor () [0x00007] in E:\dotnet\ET-Branch_final\Unity\Assets\Editor\BuildEditor\BuildHotfixEditor.cs:31 
UnityEngine.StackTraceUtility:ExtractStackTrace ()
UnityEngine.DebugLogHandler:LogFormat (UnityEngine.LogType,UnityEngine.Object,string,object[])
UnityEngine.Logger:Log (UnityEngine.LogType,object)
UnityEngine.Debug:LogError (object)
UnityEditor.EditorAssemblies:ProcessInitializeOnLoadAttributes (System.Type[])

Mono: successfully reloaded assembly
- Completed reload, in  0.796 seconds
Domain Reload Profiling:
	ReloadAssembly (796ms)
		BeginReloadAssembly (90ms)
			ExecutionOrderSort (0ms)
			DisableScriptedObjects (6ms)
			BackupInstance (0ms)
			ReleaseScriptingObjects (0ms)
			CreateAndSetChildDomain (26ms)
		EndReloadAssembly (655ms)
			LoadAssemblies (78ms)
			RebuildTransferFunctionScriptingTraits (0ms)
			SetupTypeCache (247ms)
			ReleaseScriptCaches (1ms)
			RebuildScriptCaches (40ms)
			SetupLoadedEditorAssemblies (194ms)
				LogAssemblyErrors (0ms)
				InitializePlatformSupportModulesInManaged (5ms)
				SetLoadedEditorAssemblies (0ms)
				RefreshPlugins (0ms)
				BeforeProcessingInitializeOnLoad (80ms)
				ProcessInitializeOnLoadAttributes (99ms)
				ProcessInitializeOnLoadMethodAttributes (7ms)
				AfterProcessingInitializeOnLoad (2ms)
				EditorAssembliesLoaded (0ms)
			ExecutionOrderSort2 (0ms)
			AwakeInstancesAfterBackupRestoration (7ms)
Platform modules already initialized, skipping
Refreshing native plugins compatible for Editor in 0.40 ms, found 1 plugins.
Preloading 0 native plugins for Editor in 0.00 ms.
Unloading 2225 Unused Serialized files (Serialized files now loaded: 0)
System memory in use before: 92.2 MB.
System memory in use after: 92.3 MB.

Unloading 22 unused Assets to reduce memory usage. Loaded Objects now: 2687.
Total: 2.144800 ms (FindLiveObjects: 0.229200 ms CreateObjectMapping: 0.092400 ms MarkObjects: 1.806000 ms  DeleteObjects: 0.015700 ms)

AssetImportParameters requested are different than current active one (requested -> active):
  requireTextureImportCompression: false -> true
  custom:framework-win-MediaFoundation: 216162199b28c13a410421893ffa2e32 -> 
  custom:video-decoder-ogg-theora: a1e56fd34408186e4bbccfd4996cb3dc -> 
  custom:container-muxer-webm: aa71ff27fc2769a1b78a27578f13a17b -> 
  custom:container-demuxer-webm: 4f35f7cbe854078d1ac9338744f61a02 -> 
  custom:container-demuxer-ogg: 62fdf1f143b41e24485cea50d1cbac27 -> 
  custom:video-encoder-webm-vp8: eb34c28f22e8b96e1ab97ce403110664 -> 
  custom:video-decoder-webm-vp8: 9c59270c3fd7afecdb556c50c9e8de78 -> 
  custom:audio-decoder-ogg-vorbis: bf7c407c2cedff20999df2af8eb42d56 -> 
  custom:audio-encoder-webm-vorbis: bf7c407c2cedff20999df2af8eb42d56 -> 
========================================================================
Received Prepare
Registering precompiled user dll's ...
Registered in 0.007877 seconds.
Begin MonoManager ReloadAssembly
Native extension for WindowsStandalone target not found
Refreshing native plugins compatible for Editor in 0.90 ms, found 1 plugins.
Preloading 0 native plugins for Editor in 0.00 ms.
Copy Hotfix Code
UnityEngine.StackTraceUtility:ExtractStackTrace ()
UnityEngine.DebugLogHandler:LogFormat (UnityEngine.LogType,UnityEngine.Object,string,object[])
UnityEngine.Logger:Log (UnityEngine.LogType,object)
UnityEngine.Debug:Log (object)
ETModel.Log:Info (string) (at Assets/Model/Base/Log.cs:19)
ETEditor.Startup:CopyCode () (at Assets/Editor/BuildEditor/BuildHotfixEditor.cs:37)
ETEditor.Startup:.cctor () (at Assets/Editor/BuildEditor/BuildHotfixEditor.cs:29)
System.Runtime.CompilerServices.RuntimeHelpers:RunClassConstructor (System.RuntimeTypeHandle)
UnityEditor.EditorAssemblies:ProcessInitializeOnLoadAttributes (System.Type[])

(Filename: Assets/Model/Base/Log.cs Line: 19)

复制Hotfix.dll, Hotfix.pdb到Res/Code完成
UnityEngine.StackTraceUtility:ExtractStackTrace ()
UnityEngine.DebugLogHandler:LogFormat (UnityEngine.LogType,UnityEngine.Object,string,object[])
UnityEngine.Logger:Log (UnityEngine.LogType,object)
UnityEngine.Debug:Log (object)
ETModel.Log:Info (string) (at Assets/Model/Base/Log.cs:19)
ETEditor.Startup:CopyCode () (at Assets/Editor/BuildEditor/BuildHotfixEditor.cs:42)
ETEditor.Startup:.cctor () (at Assets/Editor/BuildEditor/BuildHotfixEditor.cs:29)
System.Runtime.CompilerServices.RuntimeHelpers:RunClassConstructor (System.RuntimeTypeHandle)
UnityEditor.EditorAssemblies:ProcessInitializeOnLoadAttributes (System.Type[])

(Filename: Assets/Model/Base/Log.cs Line: 19)

Check Code.prefab
UnityEngine.StackTraceUtility:ExtractStackTrace ()
UnityEngine.DebugLogHandler:LogFormat (UnityEngine.LogType,UnityEngine.Object,string,object[])
UnityEngine.Logger:Log (UnityEngine.LogType,object)
UnityEngine.Debug:Log (object)
ETModel.Log:Info (string) (at Assets/Model/Base/Log.cs:19)
ETEditor.Startup:CheckCode () (at Assets/Editor/BuildEditor/BuildHotfixEditor.cs:50)
ETEditor.Startup:.cctor () (at Assets/Editor/BuildEditor/BuildHotfixEditor.cs:31)
System.Runtime.CompilerServices.RuntimeHelpers:RunClassConstructor (System.RuntimeTypeHandle)
UnityEditor.EditorAssemblies:ProcessInitializeOnLoadAttributes (System.Type[])

(Filename: Assets/Model/Base/Log.cs Line: 19)

System.Exception: 获取Code的ReferenceCollector key失败, key: Hotfix.dll ---> System.NullReferenceException: Object reference not set to an instance of an object
  at ETModel.GameObjectHelper.Get[T] (UnityEngine.GameObject gameObject, System.String key) [0x00002] in E:\dotnet\ET-Branch_final\Unity\Assets\Model\Helper\GameObjectHelper.cs:12 
   --- End of inner exception stack trace ---
  at ETModel.GameObjectHelper.Get[T] (UnityEngine.GameObject gameObject, System.String key) [0x00013] in E:\dotnet\ET-Branch_final\Unity\Assets\Model\Helper\GameObjectHelper.cs:16 
  at ETEditor.Startup.<CheckCode>g__CheckNull|8_0 (System.String type, ETEditor.Startup+<>c__DisplayClass8_0& ) [0x00001] in E:\dotnet\ET-Branch_final\Unity\Assets\Editor\BuildEditor\BuildHotfixEditor.cs:56 
  at ETEditor.Startup.CheckCode () [0x00030] in E:\dotnet\ET-Branch_final\Unity\Assets\Editor\BuildEditor\BuildHotfixEditor.cs:69 
  at ETEditor.Startup..cctor () [0x00007] in E:\dotnet\ET-Branch_final\Unity\Assets\Editor\BuildEditor\BuildHotfixEditor.cs:31 
UnityEngine.StackTraceUtility:ExtractStackTrace ()
UnityEngine.DebugLogHandler:LogFormat (UnityEngine.LogType,UnityEngine.Object,string,object[])
UnityEngine.Logger:Log (UnityEngine.LogType,object)
UnityEngine.Debug:LogError (object)
UnityEditor.EditorAssemblies:ProcessInitializeOnLoadAttributes (System.Type[])

Mono: successfully reloaded assembly
- Completed reload, in  1.344 seconds
Domain Reload Profiling:
	ReloadAssembly (1345ms)
		BeginReloadAssembly (154ms)
			ExecutionOrderSort (0ms)
			DisableScriptedObjects (9ms)
			BackupInstance (0ms)
			ReleaseScriptingObjects (0ms)
			CreateAndSetChildDomain (48ms)
		EndReloadAssembly (1108ms)
			LoadAssemblies (108ms)
			RebuildTransferFunctionScriptingTraits (0ms)
			SetupTypeCache (393ms)
			ReleaseScriptCaches (2ms)
			RebuildScriptCaches (76ms)
			SetupLoadedEditorAssemblies (345ms)
				LogAssemblyErrors (0ms)
				InitializePlatformSupportModulesInManaged (8ms)
				SetLoadedEditorAssemblies (1ms)
				RefreshPlugins (1ms)
				BeforeProcessingInitializeOnLoad (131ms)
				ProcessInitializeOnLoadAttributes (186ms)
				ProcessInitializeOnLoadMethodAttributes (16ms)
				AfterProcessingInitializeOnLoad (3ms)
				EditorAssembliesLoaded (1ms)
			ExecutionOrderSort2 (0ms)
			AwakeInstancesAfterBackupRestoration (10ms)
Platform modules already initialized, skipping
Refreshing native plugins compatible for Editor in 0.84 ms, found 1 plugins.
Preloading 0 native plugins for Editor in 0.00 ms.
Unloading 2225 Unused Serialized files (Serialized files now loaded: 0)
System memory in use before: 92.3 MB.
System memory in use after: 92.4 MB.

Unloading 22 unused Assets to reduce memory usage. Loaded Objects now: 2689.
Total: 5.060200 ms (FindLiveObjects: 0.633300 ms CreateObjectMapping: 0.252400 ms MarkObjects: 4.124700 ms  DeleteObjects: 0.047900 ms)

AssetImportParameters requested are different than current active one (requested -> active):
  requireTextureImportCompression: false -> true
  custom:framework-win-MediaFoundation: 216162199b28c13a410421893ffa2e32 -> 
  custom:video-decoder-ogg-theora: a1e56fd34408186e4bbccfd4996cb3dc -> 
  custom:container-muxer-webm: aa71ff27fc2769a1b78a27578f13a17b -> 
  custom:container-demuxer-webm: 4f35f7cbe854078d1ac9338744f61a02 -> 
  custom:container-demuxer-ogg: 62fdf1f143b41e24485cea50d1cbac27 -> 
  custom:video-encoder-webm-vp8: eb34c28f22e8b96e1ab97ce403110664 -> 
  custom:video-decoder-webm-vp8: 9c59270c3fd7afecdb556c50c9e8de78 -> 
  custom:audio-decoder-ogg-vorbis: bf7c407c2cedff20999df2af8eb42d56 -> 
  custom:audio-encoder-webm-vorbis: bf7c407c2cedff20999df2af8eb42d56 -> 
========================================================================
Received Prepare
Registering precompiled user dll's ...
Registered in 0.003789 seconds.
Begin MonoManager ReloadAssembly
Native extension for WindowsStandalone target not found
Refreshing native plugins compatible for Editor in 0.41 ms, found 1 plugins.
Preloading 0 native plugins for Editor in 0.00 ms.
Copy Hotfix Code
UnityEngine.StackTraceUtility:ExtractStackTrace ()
UnityEngine.DebugLogHandler:LogFormat (UnityEngine.LogType,UnityEngine.Object,string,object[])
UnityEngine.Logger:Log (UnityEngine.LogType,object)
UnityEngine.Debug:Log (object)
ETModel.Log:Info (string) (at Assets/Model/Base/Log.cs:19)
ETEditor.Startup:CopyCode () (at Assets/Editor/BuildEditor/BuildHotfixEditor.cs:37)
ETEditor.Startup:.cctor () (at Assets/Editor/BuildEditor/BuildHotfixEditor.cs:29)
System.Runtime.CompilerServices.RuntimeHelpers:RunClassConstructor (System.RuntimeTypeHandle)
UnityEditor.EditorAssemblies:ProcessInitializeOnLoadAttributes (System.Type[])

(Filename: Assets/Model/Base/Log.cs Line: 19)

复制Hotfix.dll, Hotfix.pdb到Res/Code完成
UnityEngine.StackTraceUtility:ExtractStackTrace ()
UnityEngine.DebugLogHandler:LogFormat (UnityEngine.LogType,UnityEngine.Object,string,object[])
UnityEngine.Logger:Log (UnityEngine.LogType,object)
UnityEngine.Debug:Log (object)
ETModel.Log:Info (string) (at Assets/Model/Base/Log.cs:19)
ETEditor.Startup:CopyCode () (at Assets/Editor/BuildEditor/BuildHotfixEditor.cs:42)
ETEditor.Startup:.cctor () (at Assets/Editor/BuildEditor/BuildHotfixEditor.cs:29)
System.Runtime.CompilerServices.RuntimeHelpers:RunClassConstructor (System.RuntimeTypeHandle)
UnityEditor.EditorAssemblies:ProcessInitializeOnLoadAttributes (System.Type[])

(Filename: Assets/Model/Base/Log.cs Line: 19)

Check Code.prefab
UnityEngine.StackTraceUtility:ExtractStackTrace ()
UnityEngine.DebugLogHandler:LogFormat (UnityEngine.LogType,UnityEngine.Object,string,object[])
UnityEngine.Logger:Log (UnityEngine.LogType,object)
UnityEngine.Debug:Log (object)
ETModel.Log:Info (string) (at Assets/Model/Base/Log.cs:19)
ETEditor.Startup:CheckCode () (at Assets/Editor/BuildEditor/BuildHotfixEditor.cs:50)
ETEditor.Startup:.cctor () (at Assets/Editor/BuildEditor/BuildHotfixEditor.cs:31)
System.Runtime.CompilerServices.RuntimeHelpers:RunClassConstructor (System.RuntimeTypeHandle)
UnityEditor.EditorAssemblies:ProcessInitializeOnLoadAttributes (System.Type[])

(Filename: Assets/Model/Base/Log.cs Line: 19)

Assets/Bundles/Independent/Code.prefab 不存在 自动创建Code.prefab
UnityEngine.StackTraceUtility:ExtractStackTrace ()
UnityEngine.DebugLogHandler:LogFormat (UnityEngine.LogType,UnityEngine.Object,string,object[])
UnityEngine.Logger:Log (UnityEngine.LogType,object)
UnityEngine.Debug:LogWarning (object)
ETModel.Log:Warning (string) (at Assets/Model/Base/Log.cs:24)
ETEditor.Startup:LoadIndependent (string) (at Assets/Editor/BuildEditor/BuildHotfixEditor.cs:131)
ETEditor.Startup:CheckCode () (at Assets/Editor/BuildEditor/BuildHotfixEditor.cs:51)
ETEditor.Startup:.cctor () (at Assets/Editor/BuildEditor/BuildHotfixEditor.cs:31)
System.Runtime.CompilerServices.RuntimeHelpers:RunClassConstructor (System.RuntimeTypeHandle)
UnityEditor.EditorAssemblies:ProcessInitializeOnLoadAttributes (System.Type[])

(Filename: Assets/Model/Base/Log.cs Line: 24)

RefreshInfo: StopAssetImportingV2(NoUpdateAssetOptions) scanfilter: 
RefreshProfiler: Total: 0.000ms
System.NullReferenceException: Object reference not set to an instance of an object
  at ETEditor.Startup.LoadIndependent (System.String prefabName) [0x0009a] in E:\dotnet\ET-Branch_final\Unity\Assets\Editor\BuildEditor\BuildHotfixEditor.cs:141 
  at ETEditor.Startup.CheckCode () [0x0000c] in E:\dotnet\ET-Branch_final\Unity\Assets\Editor\BuildEditor\BuildHotfixEditor.cs:51 
  at ETEditor.Startup..cctor () [0x00007] in E:\dotnet\ET-Branch_final\Unity\Assets\Editor\BuildEditor\BuildHotfixEditor.cs:31 
UnityEngine.StackTraceUtility:ExtractStackTrace ()
UnityEngine.DebugLogHandler:LogFormat (UnityEngine.LogType,UnityEngine.Object,string,object[])
UnityEngine.Logger:Log (UnityEngine.LogType,object)
UnityEngine.Debug:LogError (object)
UnityEditor.EditorAssemblies:ProcessInitializeOnLoadAttributes (System.Type[])

Mono: successfully reloaded assembly
- Completed reload, in  0.845 seconds
Domain Reload Profiling:
	ReloadAssembly (846ms)
		BeginReloadAssembly (108ms)
			ExecutionOrderSort (0ms)
			DisableScriptedObjects (6ms)
			BackupInstance (0ms)
			ReleaseScriptingObjects (0ms)
			CreateAndSetChildDomain (29ms)
		EndReloadAssembly (681ms)
			LoadAssemblies (81ms)
			RebuildTransferFunctionScriptingTraits (0ms)
			SetupTypeCache (250ms)
			ReleaseScriptCaches (1ms)
			RebuildScriptCaches (46ms)
			SetupLoadedEditorAssemblies (202ms)
				LogAssemblyErrors (0ms)
				InitializePlatformSupportModulesInManaged (4ms)
				SetLoadedEditorAssemblies (0ms)
				RefreshPlugins (0ms)
				BeforeProcessingInitializeOnLoad (75ms)
				ProcessInitializeOnLoadAttributes (114ms)
				ProcessInitializeOnLoadMethodAttributes (7ms)
				AfterProcessingInitializeOnLoad (2ms)
				EditorAssembliesLoaded (0ms)
			ExecutionOrderSort2 (0ms)
			AwakeInstancesAfterBackupRestoration (7ms)
Platform modules already initialized, skipping
Refreshing native plugins compatible for Editor in 0.42 ms, found 1 plugins.
Preloading 0 native plugins for Editor in 0.00 ms.
Unloading 2224 Unused Serialized files (Serialized files now loaded: 0)
System memory in use before: 92.3 MB.
System memory in use after: 92.4 MB.

Unloading 21 unused Assets to reduce memory usage. Loaded Objects now: 2692.
Total: 2.322800 ms (FindLiveObjects: 0.185700 ms CreateObjectMapping: 0.067300 ms MarkObjects: 2.052100 ms  DeleteObjects: 0.016700 ms)

AssetImportParameters requested are different than current active one (requested -> active):
  requireTextureImportCompression: false -> true
  custom:framework-win-MediaFoundation: 216162199b28c13a410421893ffa2e32 -> 
  custom:video-decoder-ogg-theora: a1e56fd34408186e4bbccfd4996cb3dc -> 
  custom:container-muxer-webm: aa71ff27fc2769a1b78a27578f13a17b -> 
  custom:container-demuxer-webm: 4f35f7cbe854078d1ac9338744f61a02 -> 
  custom:container-demuxer-ogg: 62fdf1f143b41e24485cea50d1cbac27 -> 
  custom:video-encoder-webm-vp8: eb34c28f22e8b96e1ab97ce403110664 -> 
  custom:video-decoder-webm-vp8: 9c59270c3fd7afecdb556c50c9e8de78 -> 
  custom:audio-decoder-ogg-vorbis: bf7c407c2cedff20999df2af8eb42d56 -> 
  custom:audio-encoder-webm-vorbis: bf7c407c2cedff20999df2af8eb42d56 -> 
========================================================================
Received Prepare
Registering precompiled user dll's ...
Registered in 0.004725 seconds.
Begin MonoManager ReloadAssembly
Native extension for WindowsStandalone target not found
Refreshing native plugins compatible for Editor in 0.62 ms, found 1 plugins.
Preloading 0 native plugins for Editor in 0.00 ms.
Copy Hotfix Code
UnityEngine.StackTraceUtility:ExtractStackTrace ()
UnityEngine.DebugLogHandler:LogFormat (UnityEngine.LogType,UnityEngine.Object,string,object[])
UnityEngine.Logger:Log (UnityEngine.LogType,object)
UnityEngine.Debug:Log (object)
ETModel.Log:Info (string) (at Assets/Model/Base/Log.cs:19)
ETEditor.Startup:CopyCode () (at Assets/Editor/BuildEditor/BuildHotfixEditor.cs:37)
ETEditor.Startup:.cctor () (at Assets/Editor/BuildEditor/BuildHotfixEditor.cs:29)
System.Runtime.CompilerServices.RuntimeHelpers:RunClassConstructor (System.RuntimeTypeHandle)
UnityEditor.EditorAssemblies:ProcessInitializeOnLoadAttributes (System.Type[])

(Filename: Assets/Model/Base/Log.cs Line: 19)

复制Hotfix.dll, Hotfix.pdb到Res/Code完成
UnityEngine.StackTraceUtility:ExtractStackTrace ()
UnityEngine.DebugLogHandler:LogFormat (UnityEngine.LogType,UnityEngine.Object,string,object[])
UnityEngine.Logger:Log (UnityEngine.LogType,object)
UnityEngine.Debug:Log (object)
ETModel.Log:Info (string) (at Assets/Model/Base/Log.cs:19)
ETEditor.Startup:CopyCode () (at Assets/Editor/BuildEditor/BuildHotfixEditor.cs:42)
ETEditor.Startup:.cctor () (at Assets/Editor/BuildEditor/BuildHotfixEditor.cs:29)
System.Runtime.CompilerServices.RuntimeHelpers:RunClassConstructor (System.RuntimeTypeHandle)
UnityEditor.EditorAssemblies:ProcessInitializeOnLoadAttributes (System.Type[])

(Filename: Assets/Model/Base/Log.cs Line: 19)

Check Code.prefab
UnityEngine.StackTraceUtility:ExtractStackTrace ()
UnityEngine.DebugLogHandler:LogFormat (UnityEngine.LogType,UnityEngine.Object,string,object[])
UnityEngine.Logger:Log (UnityEngine.LogType,object)
UnityEngine.Debug:Log (object)
ETModel.Log:Info (string) (at Assets/Model/Base/Log.cs:19)
ETEditor.Startup:CheckCode () (at Assets/Editor/BuildEditor/BuildHotfixEditor.cs:50)
ETEditor.Startup:.cctor () (at Assets/Editor/BuildEditor/BuildHotfixEditor.cs:31)
System.Runtime.CompilerServices.RuntimeHelpers:RunClassConstructor (System.RuntimeTypeHandle)
UnityEditor.EditorAssemblies:ProcessInitializeOnLoadAttributes (System.Type[])

(Filename: Assets/Model/Base/Log.cs Line: 19)

System.Exception: 获取Code的ReferenceCollector key失败, key: Hotfix.dll ---> System.NullReferenceException: Object reference not set to an instance of an object
  at ETModel.GameObjectHelper.Get[T] (UnityEngine.GameObject gameObject, System.String key) [0x00002] in E:\dotnet\ET-Branch_final\Unity\Assets\Model\Helper\GameObjectHelper.cs:12 
   --- End of inner exception stack trace ---
  at ETModel.GameObjectHelper.Get[T] (UnityEngine.GameObject gameObject, System.String key) [0x00013] in E:\dotnet\ET-Branch_final\Unity\Assets\Model\Helper\GameObjectHelper.cs:16 
  at ETEditor.Startup.<CheckCode>g__CheckNull|8_0 (System.String type, ETEditor.Startup+<>c__DisplayClass8_0& ) [0x00001] in E:\dotnet\ET-Branch_final\Unity\Assets\Editor\BuildEditor\BuildHotfixEditor.cs:56 
  at ETEditor.Startup.CheckCode () [0x00030] in E:\dotnet\ET-Branch_final\Unity\Assets\Editor\BuildEditor\BuildHotfixEditor.cs:69 
  at ETEditor.Startup..cctor () [0x00007] in E:\dotnet\ET-Branch_final\Unity\Assets\Editor\BuildEditor\BuildHotfixEditor.cs:31 
UnityEngine.StackTraceUtility:ExtractStackTrace ()
UnityEngine.DebugLogHandler:LogFormat (UnityEngine.LogType,UnityEngine.Object,string,object[])
UnityEngine.Logger:Log (UnityEngine.LogType,object)
UnityEngine.Debug:LogError (object)
UnityEditor.EditorAssemblies:ProcessInitializeOnLoadAttributes (System.Type[])

Mono: successfully reloaded assembly
- Completed reload, in  1.678 seconds
Domain Reload Profiling:
	ReloadAssembly (1678ms)
		BeginReloadAssembly (155ms)
			ExecutionOrderSort (0ms)
			DisableScriptedObjects (10ms)
			BackupInstance (0ms)
			ReleaseScriptingObjects (0ms)
			CreateAndSetChildDomain (43ms)
		EndReloadAssembly (1432ms)
			LoadAssemblies (154ms)
			RebuildTransferFunctionScriptingTraits (0ms)
			SetupTypeCache (723ms)
			ReleaseScriptCaches (1ms)
			RebuildScriptCaches (81ms)
			SetupLoadedEditorAssemblies (295ms)
				LogAssemblyErrors (0ms)
				InitializePlatformSupportModulesInManaged (6ms)
				SetLoadedEditorAssemblies (1ms)
				RefreshPlugins (1ms)
				BeforeProcessingInitializeOnLoad (115ms)
				ProcessInitializeOnLoadAttributes (154ms)
				ProcessInitializeOnLoadMethodAttributes (14ms)
				AfterProcessingInitializeOnLoad (4ms)
				EditorAssembliesLoaded (1ms)
			ExecutionOrderSort2 (0ms)
			AwakeInstancesAfterBackupRestoration (21ms)
Platform modules already initialized, skipping
Refreshing native plugins compatible for Editor in 0.43 ms, found 1 plugins.
Preloading 0 native plugins for Editor in 0.00 ms.
Unloading 2225 Unused Serialized files (Serialized files now loaded: 0)
System memory in use before: 92.3 MB.
System memory in use after: 92.4 MB.

Unloading 22 unused Assets to reduce memory usage. Loaded Objects now: 2697.
Total: 2.235600 ms (FindLiveObjects: 0.214600 ms CreateObjectMapping: 0.083200 ms MarkObjects: 1.918500 ms  DeleteObjects: 0.018000 ms)

AssetImportParameters requested are different than current active one (requested -> active):
  requireTextureImportCompression: false -> true
  custom:framework-win-MediaFoundation: 216162199b28c13a410421893ffa2e32 -> 
  custom:video-decoder-ogg-theora: a1e56fd34408186e4bbccfd4996cb3dc -> 
  custom:container-muxer-webm: aa71ff27fc2769a1b78a27578f13a17b -> 
  custom:container-demuxer-webm: 4f35f7cbe854078d1ac9338744f61a02 -> 
  custom:container-demuxer-ogg: 62fdf1f143b41e24485cea50d1cbac27 -> 
  custom:video-encoder-webm-vp8: eb34c28f22e8b96e1ab97ce403110664 -> 
  custom:video-decoder-webm-vp8: 9c59270c3fd7afecdb556c50c9e8de78 -> 
  custom:audio-decoder-ogg-vorbis: bf7c407c2cedff20999df2af8eb42d56 -> 
  custom:audio-encoder-webm-vorbis: bf7c407c2cedff20999df2af8eb42d56 -> 
========================================================================
Received Import Request.
  Time since last request: 214.742504 seconds.
  path: Assets/Bundles/Independent/Code.prefab
  artifactKey: Guid(3b43dd0baf9d83c4894a9b47b019a45b) Importer(815301076,1909f56bfc062723c751e8b465ee728b)
Start importing Assets/Bundles/Independent/Code.prefab using Guid(3b43dd0baf9d83c4894a9b47b019a45b) Importer(815301076,1909f56bfc062723c751e8b465ee728b)  -> (artifact id: '99eb9f27aba70a00d90745ec7a051890') in 0.025957 seconds 
  Import took 0.028993 seconds .

========================================================================
Received Prepare
Registering precompiled user dll's ...
Registered in 0.004428 seconds.
Begin MonoManager ReloadAssembly
Native extension for WindowsStandalone target not found
Refreshing native plugins compatible for Editor in 0.50 ms, found 1 plugins.
Preloading 0 native plugins for Editor in 0.00 ms.
Copy Hotfix Code
UnityEngine.StackTraceUtility:ExtractStackTrace ()
UnityEngine.DebugLogHandler:LogFormat (UnityEngine.LogType,UnityEngine.Object,string,object[])
UnityEngine.Logger:Log (UnityEngine.LogType,object)
UnityEngine.Debug:Log (object)
ETModel.Log:Info (string) (at Assets/Model/Base/Log.cs:19)
ETEditor.Startup:CopyCode () (at Assets/Editor/BuildEditor/BuildHotfixEditor.cs:37)
ETEditor.Startup:.cctor () (at Assets/Editor/BuildEditor/BuildHotfixEditor.cs:29)
System.Runtime.CompilerServices.RuntimeHelpers:RunClassConstructor (System.RuntimeTypeHandle)
UnityEditor.EditorAssemblies:ProcessInitializeOnLoadAttributes (System.Type[])

(Filename: Assets/Model/Base/Log.cs Line: 19)

复制Hotfix.dll, Hotfix.pdb到Res/Code完成
UnityEngine.StackTraceUtility:ExtractStackTrace ()
UnityEngine.DebugLogHandler:LogFormat (UnityEngine.LogType,UnityEngine.Object,string,object[])
UnityEngine.Logger:Log (UnityEngine.LogType,object)
UnityEngine.Debug:Log (object)
ETModel.Log:Info (string) (at Assets/Model/Base/Log.cs:19)
ETEditor.Startup:CopyCode () (at Assets/Editor/BuildEditor/BuildHotfixEditor.cs:42)
ETEditor.Startup:.cctor () (at Assets/Editor/BuildEditor/BuildHotfixEditor.cs:29)
System.Runtime.CompilerServices.RuntimeHelpers:RunClassConstructor (System.RuntimeTypeHandle)
UnityEditor.EditorAssemblies:ProcessInitializeOnLoadAttributes (System.Type[])

(Filename: Assets/Model/Base/Log.cs Line: 19)

Check Code.prefab
UnityEngine.StackTraceUtility:ExtractStackTrace ()
UnityEngine.DebugLogHandler:LogFormat (UnityEngine.LogType,UnityEngine.Object,string,object[])
UnityEngine.Logger:Log (UnityEngine.LogType,object)
UnityEngine.Debug:Log (object)
ETModel.Log:Info (string) (at Assets/Model/Base/Log.cs:19)
ETEditor.Startup:CheckCode () (at Assets/Editor/BuildEditor/BuildHotfixEditor.cs:50)
ETEditor.Startup:.cctor () (at Assets/Editor/BuildEditor/BuildHotfixEditor.cs:31)
System.Runtime.CompilerServices.RuntimeHelpers:RunClassConstructor (System.RuntimeTypeHandle)
UnityEditor.EditorAssemblies:ProcessInitializeOnLoadAttributes (System.Type[])

(Filename: Assets/Model/Base/Log.cs Line: 19)

System.Exception: 获取Code的ReferenceCollector key失败, key: Hotfix.dll ---> System.NullReferenceException: Object reference not set to an instance of an object
  at ETModel.GameObjectHelper.Get[T] (UnityEngine.GameObject gameObject, System.String key) [0x00002] in E:\dotnet\ET-Branch_final\Unity\Assets\Model\Helper\GameObjectHelper.cs:12 
   --- End of inner exception stack trace ---
  at ETModel.GameObjectHelper.Get[T] (UnityEngine.GameObject gameObject, System.String key) [0x00013] in E:\dotnet\ET-Branch_final\Unity\Assets\Model\Helper\GameObjectHelper.cs:16 
  at ETEditor.Startup.<CheckCode>g__CheckNull|8_0 (System.String type, ETEditor.Startup+<>c__DisplayClass8_0& ) [0x00001] in E:\dotnet\ET-Branch_final\Unity\Assets\Editor\BuildEditor\BuildHotfixEditor.cs:56 
  at ETEditor.Startup.CheckCode () [0x00030] in E:\dotnet\ET-Branch_final\Unity\Assets\Editor\BuildEditor\BuildHotfixEditor.cs:69 
  at ETEditor.Startup..cctor () [0x00007] in E:\dotnet\ET-Branch_final\Unity\Assets\Editor\BuildEditor\BuildHotfixEditor.cs:31 
UnityEngine.StackTraceUtility:ExtractStackTrace ()
UnityEngine.DebugLogHandler:LogFormat (UnityEngine.LogType,UnityEngine.Object,string,object[])
UnityEngine.Logger:Log (UnityEngine.LogType,object)
UnityEngine.Debug:LogError (object)
UnityEditor.EditorAssemblies:ProcessInitializeOnLoadAttributes (System.Type[])

Mono: successfully reloaded assembly
- Completed reload, in  0.819 seconds
Domain Reload Profiling:
	ReloadAssembly (819ms)
		BeginReloadAssembly (93ms)
			ExecutionOrderSort (0ms)
			DisableScriptedObjects (6ms)
			BackupInstance (0ms)
			ReleaseScriptingObjects (0ms)
			CreateAndSetChildDomain (25ms)
		EndReloadAssembly (674ms)
			LoadAssemblies (83ms)
			RebuildTransferFunctionScriptingTraits (0ms)
			SetupTypeCache (256ms)
			ReleaseScriptCaches (1ms)
			RebuildScriptCaches (43ms)
			SetupLoadedEditorAssemblies (191ms)
				LogAssemblyErrors (0ms)
				InitializePlatformSupportModulesInManaged (5ms)
				SetLoadedEditorAssemblies (0ms)
				RefreshPlugins (1ms)
				BeforeProcessingInitializeOnLoad (78ms)
				ProcessInitializeOnLoadAttributes (98ms)
				ProcessInitializeOnLoadMethodAttributes (7ms)
				AfterProcessingInitializeOnLoad (2ms)
				EditorAssembliesLoaded (0ms)
			ExecutionOrderSort2 (0ms)
			AwakeInstancesAfterBackupRestoration (7ms)
Platform modules already initialized, skipping
Refreshing native plugins compatible for Editor in 0.41 ms, found 1 plugins.
Preloading 0 native plugins for Editor in 0.00 ms.
Unloading 2225 Unused Serialized files (Serialized files now loaded: 0)
System memory in use before: 92.2 MB.
System memory in use after: 92.3 MB.

Unloading 22 unused Assets to reduce memory usage. Loaded Objects now: 2699.
Total: 2.550500 ms (FindLiveObjects: 0.204000 ms CreateObjectMapping: 0.074300 ms MarkObjects: 2.245400 ms  DeleteObjects: 0.025600 ms)

AssetImportParameters requested are different than current active one (requested -> active):
  requireTextureImportCompression: false -> true
  custom:framework-win-MediaFoundation: 216162199b28c13a410421893ffa2e32 -> 
  custom:video-decoder-ogg-theora: a1e56fd34408186e4bbccfd4996cb3dc -> 
  custom:container-muxer-webm: aa71ff27fc2769a1b78a27578f13a17b -> 
  custom:container-demuxer-webm: 4f35f7cbe854078d1ac9338744f61a02 -> 
  custom:container-demuxer-ogg: 62fdf1f143b41e24485cea50d1cbac27 -> 
  custom:video-encoder-webm-vp8: eb34c28f22e8b96e1ab97ce403110664 -> 
  custom:video-decoder-webm-vp8: 9c59270c3fd7afecdb556c50c9e8de78 -> 
  custom:audio-decoder-ogg-vorbis: bf7c407c2cedff20999df2af8eb42d56 -> 
  custom:audio-encoder-webm-vorbis: bf7c407c2cedff20999df2af8eb42d56 -> 
AssetImportWorkerClient::OnTransportError - code=2 error=End of file
