2021-11-05 18:02:48.9623 AllServer 0001 System.Exception: actor id is 0
   at ETHotfix.ActorLocationSenderComponent_Ex.Get(ActorLocationSenderComponent self, Int64 id) in D:\UnityWork\ET-Branch_V5.0test\ET-Branch_V5.0\Server\Hotfix\Module\ActorLocation\ActorLocationSenderComponentSystem.cs:line 63
   at ETModel.ETTaskCompletionSource`1.ETModel.IAwaiter<T>.GetResult() in D:\UnityWork\ET-Branch_V5.0test\ET-Branch_V5.0\Unity\Assets\Model\Base\Async\ETTaskCompletionSource.cs:line 171
   at ETModel.ETTask`1.get_Result() in D:\UnityWork\ET-Branch_V5.0test\ET-Branch_V5.0\Unity\Assets\Model\Base\Async\ETTask.cs:line 168
   at ETModel.ETTask`1.Awaiter.GetResult() in D:\UnityWork\ET-Branch_V5.0test\ET-Branch_V5.0\Unity\Assets\Model\Base\Async\ETTask.cs:line 254
   at ETHotfix.SessionPlayerComponentDestroySystem.DestroyAsync(SessionPlayerComponent self) in D:\UnityWork\ET-Branch_V5.0test\ET-Branch_V5.0\Server\Hotfix\Module\Demo\SessionPlayerComponentSystem.cs:line 16 
 Dispose at offset 121 in file:line:column D:\UnityWork\ET-Branch_V5.0test\ET-Branch_V5.0\Unity\Assets\Model\Base\Object\Component.cs:124:4
Destroy at offset 354 in file:line:column D:\UnityWork\ET-Branch_V5.0test\ET-Branch_V5.0\Unity\Assets\Model\Base\Object\EventSystem.cs:471:6
Run at offset 95 in file:line:column D:\UnityWork\ET-Branch_V5.0test\ET-Branch_V5.0\Unity\Assets\Model\Base\Object\IDestroySystem.cs:15:4
Destroy at offset 48 in file:line:column D:\UnityWork\ET-Branch_V5.0test\ET-Branch_V5.0\Server\Hotfix\Module\Demo\SessionPlayerComponentSystem.cs:10:4
DestroyAsync at offset 173 in file:line:column <filename unknown>:0:0
Start<TStateMachine> at offset 60 in file:line:column D:\UnityWork\ET-Branch_V5.0test\ET-Branch_V5.0\Unity\Assets\Model\Base\Async\AsyncETVoidMethodBuilder.cs:74:13
MoveNext at offset 506 in file:line:column D:\UnityWork\ET-Branch_V5.0test\ET-Branch_V5.0\Server\Hotfix\Module\Demo\SessionPlayerComponentSystem.cs:16:4
SetException at offset 42 in file:line:column D:\UnityWork\ET-Branch_V5.0test\ET-Branch_V5.0\Unity\Assets\Model\Base\Async\AsyncETVoidMethodBuilder.cs:27:13
Error at offset 102 in file:line:column D:\UnityWork\ET-Branch_V5.0test\ET-Branch_V5.0\Server\Model\Base\Log.cs:31:4
Error at offset 53 in file:line:column D:\UnityWork\ET-Branch_V5.0test\ET-Branch_V5.0\Server\Model\Base\Logger\NLogAdapter.cs:31:4

2021-11-05 19:22:09.9855 AllServer 0001 System.Exception: actor id is 0
   at ETHotfix.ActorLocationSenderComponent_Ex.Get(ActorLocationSenderComponent self, Int64 id) in D:\UnityWork\ET-Branch_V5.0test\ET-Branch_V5.0\Server\Hotfix\Module\ActorLocation\ActorLocationSenderComponentSystem.cs:line 63
   at ETModel.ETTaskCompletionSource`1.ETModel.IAwaiter<T>.GetResult() in D:\UnityWork\ET-Branch_V5.0test\ET-Branch_V5.0\Unity\Assets\Model\Base\Async\ETTaskCompletionSource.cs:line 171
   at ETModel.ETTask`1.get_Result() in D:\UnityWork\ET-Branch_V5.0test\ET-Branch_V5.0\Unity\Assets\Model\Base\Async\ETTask.cs:line 168
   at ETModel.ETTask`1.Awaiter.GetResult() in D:\UnityWork\ET-Branch_V5.0test\ET-Branch_V5.0\Unity\Assets\Model\Base\Async\ETTask.cs:line 254
   at ETHotfix.SessionPlayerComponentDestroySystem.DestroyAsync(SessionPlayerComponent self) in D:\UnityWork\ET-Branch_V5.0test\ET-Branch_V5.0\Server\Hotfix\Module\Demo\SessionPlayerComponentSystem.cs:line 16 
 Dispose at offset 121 in file:line:column D:\UnityWork\ET-Branch_V5.0test\ET-Branch_V5.0\Unity\Assets\Model\Base\Object\Component.cs:124:4
Destroy at offset 354 in file:line:column D:\UnityWork\ET-Branch_V5.0test\ET-Branch_V5.0\Unity\Assets\Model\Base\Object\EventSystem.cs:471:6
Run at offset 95 in file:line:column D:\UnityWork\ET-Branch_V5.0test\ET-Branch_V5.0\Unity\Assets\Model\Base\Object\IDestroySystem.cs:15:4
Destroy at offset 48 in file:line:column D:\UnityWork\ET-Branch_V5.0test\ET-Branch_V5.0\Server\Hotfix\Module\Demo\SessionPlayerComponentSystem.cs:10:4
DestroyAsync at offset 173 in file:line:column <filename unknown>:0:0
Start<TStateMachine> at offset 60 in file:line:column D:\UnityWork\ET-Branch_V5.0test\ET-Branch_V5.0\Unity\Assets\Model\Base\Async\AsyncETVoidMethodBuilder.cs:74:13
MoveNext at offset 506 in file:line:column D:\UnityWork\ET-Branch_V5.0test\ET-Branch_V5.0\Server\Hotfix\Module\Demo\SessionPlayerComponentSystem.cs:16:4
SetException at offset 42 in file:line:column D:\UnityWork\ET-Branch_V5.0test\ET-Branch_V5.0\Unity\Assets\Model\Base\Async\AsyncETVoidMethodBuilder.cs:27:13
Error at offset 102 in file:line:column D:\UnityWork\ET-Branch_V5.0test\ET-Branch_V5.0\Server\Model\Base\Log.cs:31:4
Error at offset 53 in file:line:column D:\UnityWork\ET-Branch_V5.0test\ET-Branch_V5.0\Server\Model\Base\Logger\NLogAdapter.cs:31:4

2021-11-05 19:23:25.4232 AllServer 0001 System.Exception: actor id is 0
   at ETHotfix.ActorLocationSenderComponent_Ex.Get(ActorLocationSenderComponent self, Int64 id) in D:\UnityWork\ET-Branch_V5.0test\ET-Branch_V5.0\Server\Hotfix\Module\ActorLocation\ActorLocationSenderComponentSystem.cs:line 63
   at ETModel.ETTaskCompletionSource`1.ETModel.IAwaiter<T>.GetResult() in D:\UnityWork\ET-Branch_V5.0test\ET-Branch_V5.0\Unity\Assets\Model\Base\Async\ETTaskCompletionSource.cs:line 171
   at ETModel.ETTask`1.get_Result() in D:\UnityWork\ET-Branch_V5.0test\ET-Branch_V5.0\Unity\Assets\Model\Base\Async\ETTask.cs:line 168
   at ETModel.ETTask`1.Awaiter.GetResult() in D:\UnityWork\ET-Branch_V5.0test\ET-Branch_V5.0\Unity\Assets\Model\Base\Async\ETTask.cs:line 254
   at ETHotfix.SessionPlayerComponentDestroySystem.DestroyAsync(SessionPlayerComponent self) in D:\UnityWork\ET-Branch_V5.0test\ET-Branch_V5.0\Server\Hotfix\Module\Demo\SessionPlayerComponentSystem.cs:line 16 
 Dispose at offset 121 in file:line:column D:\UnityWork\ET-Branch_V5.0test\ET-Branch_V5.0\Unity\Assets\Model\Base\Object\Component.cs:124:4
Destroy at offset 354 in file:line:column D:\UnityWork\ET-Branch_V5.0test\ET-Branch_V5.0\Unity\Assets\Model\Base\Object\EventSystem.cs:471:6
Run at offset 95 in file:line:column D:\UnityWork\ET-Branch_V5.0test\ET-Branch_V5.0\Unity\Assets\Model\Base\Object\IDestroySystem.cs:15:4
Destroy at offset 48 in file:line:column D:\UnityWork\ET-Branch_V5.0test\ET-Branch_V5.0\Server\Hotfix\Module\Demo\SessionPlayerComponentSystem.cs:10:4
DestroyAsync at offset 173 in file:line:column <filename unknown>:0:0
Start<TStateMachine> at offset 60 in file:line:column D:\UnityWork\ET-Branch_V5.0test\ET-Branch_V5.0\Unity\Assets\Model\Base\Async\AsyncETVoidMethodBuilder.cs:74:13
MoveNext at offset 506 in file:line:column D:\UnityWork\ET-Branch_V5.0test\ET-Branch_V5.0\Server\Hotfix\Module\Demo\SessionPlayerComponentSystem.cs:16:4
SetException at offset 42 in file:line:column D:\UnityWork\ET-Branch_V5.0test\ET-Branch_V5.0\Unity\Assets\Model\Base\Async\AsyncETVoidMethodBuilder.cs:27:13
Error at offset 102 in file:line:column D:\UnityWork\ET-Branch_V5.0test\ET-Branch_V5.0\Server\Model\Base\Log.cs:31:4
Error at offset 53 in file:line:column D:\UnityWork\ET-Branch_V5.0test\ET-Branch_V5.0\Server\Model\Base\Logger\NLogAdapter.cs:31:4

2021-11-05 19:24:00.7239 AllServer 0001 System.Exception: actor id is 0
   at ETHotfix.ActorLocationSenderComponent_Ex.Get(ActorLocationSenderComponent self, Int64 id) in D:\UnityWork\ET-Branch_V5.0test\ET-Branch_V5.0\Server\Hotfix\Module\ActorLocation\ActorLocationSenderComponentSystem.cs:line 63
   at ETModel.ETTaskCompletionSource`1.ETModel.IAwaiter<T>.GetResult() in D:\UnityWork\ET-Branch_V5.0test\ET-Branch_V5.0\Unity\Assets\Model\Base\Async\ETTaskCompletionSource.cs:line 171
   at ETModel.ETTask`1.get_Result() in D:\UnityWork\ET-Branch_V5.0test\ET-Branch_V5.0\Unity\Assets\Model\Base\Async\ETTask.cs:line 168
   at ETModel.ETTask`1.Awaiter.GetResult() in D:\UnityWork\ET-Branch_V5.0test\ET-Branch_V5.0\Unity\Assets\Model\Base\Async\ETTask.cs:line 254
   at ETHotfix.SessionPlayerComponentDestroySystem.DestroyAsync(SessionPlayerComponent self) in D:\UnityWork\ET-Branch_V5.0test\ET-Branch_V5.0\Server\Hotfix\Module\Demo\SessionPlayerComponentSystem.cs:line 16 
 Dispose at offset 121 in file:line:column D:\UnityWork\ET-Branch_V5.0test\ET-Branch_V5.0\Unity\Assets\Model\Base\Object\Component.cs:124:4
Destroy at offset 354 in file:line:column D:\UnityWork\ET-Branch_V5.0test\ET-Branch_V5.0\Unity\Assets\Model\Base\Object\EventSystem.cs:471:6
Run at offset 95 in file:line:column D:\UnityWork\ET-Branch_V5.0test\ET-Branch_V5.0\Unity\Assets\Model\Base\Object\IDestroySystem.cs:15:4
Destroy at offset 48 in file:line:column D:\UnityWork\ET-Branch_V5.0test\ET-Branch_V5.0\Server\Hotfix\Module\Demo\SessionPlayerComponentSystem.cs:10:4
DestroyAsync at offset 173 in file:line:column <filename unknown>:0:0
Start<TStateMachine> at offset 60 in file:line:column D:\UnityWork\ET-Branch_V5.0test\ET-Branch_V5.0\Unity\Assets\Model\Base\Async\AsyncETVoidMethodBuilder.cs:74:13
MoveNext at offset 506 in file:line:column D:\UnityWork\ET-Branch_V5.0test\ET-Branch_V5.0\Server\Hotfix\Module\Demo\SessionPlayerComponentSystem.cs:16:4
SetException at offset 42 in file:line:column D:\UnityWork\ET-Branch_V5.0test\ET-Branch_V5.0\Unity\Assets\Model\Base\Async\AsyncETVoidMethodBuilder.cs:27:13
Error at offset 102 in file:line:column D:\UnityWork\ET-Branch_V5.0test\ET-Branch_V5.0\Server\Model\Base\Log.cs:31:4
Error at offset 53 in file:line:column D:\UnityWork\ET-Branch_V5.0test\ET-Branch_V5.0\Server\Model\Base\Logger\NLogAdapter.cs:31:4

2021-11-05 19:30:14.1564 AllServer 0001 消息没有处理: 10011 { "_t" : "C2R_TestHelloMsg", "SayMessage" : "if received it means im ready" } 
 OnRead at offset 70 in file:line:column D:\UnityWork\ET-Branch_V5.0test\ET-Branch_V5.0\Unity\Assets\Model\Module\Message\Network\AChannel.cs:55:4
OnRead at offset 61 in file:line:column D:\UnityWork\ET-Branch_V5.0test\ET-Branch_V5.0\Unity\Assets\Model\Module\Message\Session.cs:120:5
Run at offset 635 in file:line:column D:\UnityWork\ET-Branch_V5.0test\ET-Branch_V5.0\Unity\Assets\Model\Module\Message\Session.cs:164:5
Dispatch at offset 72 in file:line:column D:\UnityWork\ET-Branch_V5.0test\ET-Branch_V5.0\Server\Hotfix\Module\Message\OuterMessageDispatcher.cs:9:4
DispatchAsync at offset 254 in file:line:column <filename unknown>:0:0
Start<TStateMachine> at offset 60 in file:line:column D:\UnityWork\ET-Branch_V5.0test\ET-Branch_V5.0\Unity\Assets\Model\Base\Async\AsyncETVoidMethodBuilder.cs:74:13
MoveNext at offset 2555 in file:line:column D:\UnityWork\ET-Branch_V5.0test\ET-Branch_V5.0\Server\Hotfix\Module\Message\OuterMessageDispatcher.cs:53:6
Handle at offset 340 in file:line:column D:\UnityWork\ET-Branch_V5.0test\ET-Branch_V5.0\Server\Hotfix\Module\Message\MessageDispatherComponentSystem.cs:84:5
Error at offset 62 in file:line:column D:\UnityWork\ET-Branch_V5.0test\ET-Branch_V5.0\Server\Model\Base\Log.cs:36:4
Error at offset 53 in file:line:column D:\UnityWork\ET-Branch_V5.0test\ET-Branch_V5.0\Server\Model\Base\Logger\NLogAdapter.cs:31:4

2021-11-05 20:54:03.9695 AllServer 0001 消息没有处理: 10013 { "_t" : "C2R_TestHelloMsg", "SayMessage" : "if received it means im ready" } 
 OnRead at offset 70 in file:line:column D:\UnityWork\ET-Branch_V5.0test\ET-Branch_V5.0\Unity\Assets\Model\Module\Message\Network\AChannel.cs:55:4
OnRead at offset 61 in file:line:column D:\UnityWork\ET-Branch_V5.0test\ET-Branch_V5.0\Unity\Assets\Model\Module\Message\Session.cs:120:5
Run at offset 635 in file:line:column D:\UnityWork\ET-Branch_V5.0test\ET-Branch_V5.0\Unity\Assets\Model\Module\Message\Session.cs:164:5
Dispatch at offset 72 in file:line:column D:\UnityWork\ET-Branch_V5.0test\ET-Branch_V5.0\Server\Hotfix\Module\Message\OuterMessageDispatcher.cs:9:4
DispatchAsync at offset 254 in file:line:column <filename unknown>:0:0
Start<TStateMachine> at offset 60 in file:line:column D:\UnityWork\ET-Branch_V5.0test\ET-Branch_V5.0\Unity\Assets\Model\Base\Async\AsyncETVoidMethodBuilder.cs:74:13
MoveNext at offset 2555 in file:line:column D:\UnityWork\ET-Branch_V5.0test\ET-Branch_V5.0\Server\Hotfix\Module\Message\OuterMessageDispatcher.cs:53:6
Handle at offset 340 in file:line:column D:\UnityWork\ET-Branch_V5.0test\ET-Branch_V5.0\Server\Hotfix\Module\Message\MessageDispatherComponentSystem.cs:84:5
Error at offset 62 in file:line:column D:\UnityWork\ET-Branch_V5.0test\ET-Branch_V5.0\Server\Model\Base\Log.cs:36:4
Error at offset 53 in file:line:column D:\UnityWork\ET-Branch_V5.0test\ET-Branch_V5.0\Server\Model\Base\Logger\NLogAdapter.cs:31:4

2021-11-05 21:00:03.2040 AllServer 0001 消息没有处理: 10013 { "_t" : "C2R_TestHelloMsg", "SayMessage" : "if received it means im ready" } 
 OnRead at offset 70 in file:line:column D:\UnityWork\ET-Branch_V5.0test\ET-Branch_V5.0\Unity\Assets\Model\Module\Message\Network\AChannel.cs:55:4
OnRead at offset 61 in file:line:column D:\UnityWork\ET-Branch_V5.0test\ET-Branch_V5.0\Unity\Assets\Model\Module\Message\Session.cs:120:5
Run at offset 635 in file:line:column D:\UnityWork\ET-Branch_V5.0test\ET-Branch_V5.0\Unity\Assets\Model\Module\Message\Session.cs:164:5
Dispatch at offset 72 in file:line:column D:\UnityWork\ET-Branch_V5.0test\ET-Branch_V5.0\Server\Hotfix\Module\Message\OuterMessageDispatcher.cs:9:4
DispatchAsync at offset 254 in file:line:column <filename unknown>:0:0
Start<TStateMachine> at offset 60 in file:line:column D:\UnityWork\ET-Branch_V5.0test\ET-Branch_V5.0\Unity\Assets\Model\Base\Async\AsyncETVoidMethodBuilder.cs:74:13
MoveNext at offset 2555 in file:line:column D:\UnityWork\ET-Branch_V5.0test\ET-Branch_V5.0\Server\Hotfix\Module\Message\OuterMessageDispatcher.cs:53:6
Handle at offset 340 in file:line:column D:\UnityWork\ET-Branch_V5.0test\ET-Branch_V5.0\Server\Hotfix\Module\Message\MessageDispatherComponentSystem.cs:84:5
Error at offset 62 in file:line:column D:\UnityWork\ET-Branch_V5.0test\ET-Branch_V5.0\Server\Model\Base\Log.cs:36:4
Error at offset 53 in file:line:column D:\UnityWork\ET-Branch_V5.0test\ET-Branch_V5.0\Server\Model\Base\Logger\NLogAdapter.cs:31:4

2021-11-05 21:00:09.9877 AllServer 0001 System.Exception: actor id is 0
   at ETHotfix.ActorLocationSenderComponent_Ex.Get(ActorLocationSenderComponent self, Int64 id) in D:\UnityWork\ET-Branch_V5.0test\ET-Branch_V5.0\Server\Hotfix\Module\ActorLocation\ActorLocationSenderComponentSystem.cs:line 63
   at ETModel.ETTaskCompletionSource`1.ETModel.IAwaiter<T>.GetResult() in D:\UnityWork\ET-Branch_V5.0test\ET-Branch_V5.0\Unity\Assets\Model\Base\Async\ETTaskCompletionSource.cs:line 171
   at ETModel.ETTask`1.get_Result() in D:\UnityWork\ET-Branch_V5.0test\ET-Branch_V5.0\Unity\Assets\Model\Base\Async\ETTask.cs:line 168
   at ETModel.ETTask`1.Awaiter.GetResult() in D:\UnityWork\ET-Branch_V5.0test\ET-Branch_V5.0\Unity\Assets\Model\Base\Async\ETTask.cs:line 254
   at ETHotfix.SessionPlayerComponentDestroySystem.DestroyAsync(SessionPlayerComponent self) in D:\UnityWork\ET-Branch_V5.0test\ET-Branch_V5.0\Server\Hotfix\Module\Demo\SessionPlayerComponentSystem.cs:line 16 
 Dispose at offset 121 in file:line:column D:\UnityWork\ET-Branch_V5.0test\ET-Branch_V5.0\Unity\Assets\Model\Base\Object\Component.cs:124:4
Destroy at offset 354 in file:line:column D:\UnityWork\ET-Branch_V5.0test\ET-Branch_V5.0\Unity\Assets\Model\Base\Object\EventSystem.cs:471:6
Run at offset 95 in file:line:column D:\UnityWork\ET-Branch_V5.0test\ET-Branch_V5.0\Unity\Assets\Model\Base\Object\IDestroySystem.cs:15:4
Destroy at offset 48 in file:line:column D:\UnityWork\ET-Branch_V5.0test\ET-Branch_V5.0\Server\Hotfix\Module\Demo\SessionPlayerComponentSystem.cs:10:4
DestroyAsync at offset 173 in file:line:column <filename unknown>:0:0
Start<TStateMachine> at offset 60 in file:line:column D:\UnityWork\ET-Branch_V5.0test\ET-Branch_V5.0\Unity\Assets\Model\Base\Async\AsyncETVoidMethodBuilder.cs:74:13
MoveNext at offset 506 in file:line:column D:\UnityWork\ET-Branch_V5.0test\ET-Branch_V5.0\Server\Hotfix\Module\Demo\SessionPlayerComponentSystem.cs:16:4
SetException at offset 42 in file:line:column D:\UnityWork\ET-Branch_V5.0test\ET-Branch_V5.0\Unity\Assets\Model\Base\Async\AsyncETVoidMethodBuilder.cs:27:13
Error at offset 102 in file:line:column D:\UnityWork\ET-Branch_V5.0test\ET-Branch_V5.0\Server\Model\Base\Log.cs:31:4
Error at offset 53 in file:line:column D:\UnityWork\ET-Branch_V5.0test\ET-Branch_V5.0\Server\Model\Base\Logger\NLogAdapter.cs:31:4

2021-11-05 21:02:53.5879 AllServer 0001 System.Exception: actor id is 0
   at ETHotfix.ActorLocationSenderComponent_Ex.Get(ActorLocationSenderComponent self, Int64 id) in D:\UnityWork\ET-Branch_V5.0test\ET-Branch_V5.0\Server\Hotfix\Module\ActorLocation\ActorLocationSenderComponentSystem.cs:line 63
   at ETModel.ETTaskCompletionSource`1.ETModel.IAwaiter<T>.GetResult() in D:\UnityWork\ET-Branch_V5.0test\ET-Branch_V5.0\Unity\Assets\Model\Base\Async\ETTaskCompletionSource.cs:line 171
   at ETModel.ETTask`1.get_Result() in D:\UnityWork\ET-Branch_V5.0test\ET-Branch_V5.0\Unity\Assets\Model\Base\Async\ETTask.cs:line 168
   at ETModel.ETTask`1.Awaiter.GetResult() in D:\UnityWork\ET-Branch_V5.0test\ET-Branch_V5.0\Unity\Assets\Model\Base\Async\ETTask.cs:line 254
   at ETHotfix.SessionPlayerComponentDestroySystem.DestroyAsync(SessionPlayerComponent self) in D:\UnityWork\ET-Branch_V5.0test\ET-Branch_V5.0\Server\Hotfix\Module\Demo\SessionPlayerComponentSystem.cs:line 16 
 Dispose at offset 121 in file:line:column D:\UnityWork\ET-Branch_V5.0test\ET-Branch_V5.0\Unity\Assets\Model\Base\Object\Component.cs:124:4
Destroy at offset 354 in file:line:column D:\UnityWork\ET-Branch_V5.0test\ET-Branch_V5.0\Unity\Assets\Model\Base\Object\EventSystem.cs:471:6
Run at offset 95 in file:line:column D:\UnityWork\ET-Branch_V5.0test\ET-Branch_V5.0\Unity\Assets\Model\Base\Object\IDestroySystem.cs:15:4
Destroy at offset 48 in file:line:column D:\UnityWork\ET-Branch_V5.0test\ET-Branch_V5.0\Server\Hotfix\Module\Demo\SessionPlayerComponentSystem.cs:10:4
DestroyAsync at offset 173 in file:line:column <filename unknown>:0:0
Start<TStateMachine> at offset 60 in file:line:column D:\UnityWork\ET-Branch_V5.0test\ET-Branch_V5.0\Unity\Assets\Model\Base\Async\AsyncETVoidMethodBuilder.cs:74:13
MoveNext at offset 506 in file:line:column D:\UnityWork\ET-Branch_V5.0test\ET-Branch_V5.0\Server\Hotfix\Module\Demo\SessionPlayerComponentSystem.cs:16:4
SetException at offset 42 in file:line:column D:\UnityWork\ET-Branch_V5.0test\ET-Branch_V5.0\Unity\Assets\Model\Base\Async\AsyncETVoidMethodBuilder.cs:27:13
Error at offset 102 in file:line:column D:\UnityWork\ET-Branch_V5.0test\ET-Branch_V5.0\Server\Model\Base\Log.cs:31:4
Error at offset 53 in file:line:column D:\UnityWork\ET-Branch_V5.0test\ET-Branch_V5.0\Server\Model\Base\Logger\NLogAdapter.cs:31:4

