2021-11-11 17:05:18.9782 AllServer 0001 System.Exception: actor id is 0
   at ETHotfix.ActorLocationSenderComponent_Ex.Get(ActorLocationSenderComponent self, Int64 id) in E:\dotnet\ET-Branch_opst\Server\Hotfix\Module\ActorLocation\ActorLocationSenderComponentSystem.cs:line 63
   at ETModel.ETTaskCompletionSource`1.ETModel.IAwaiter<T>.GetResult() in E:\dotnet\ET-Branch_opst\Unity\Assets\Model\Base\Async\ETTaskCompletionSource.cs:line 171
   at ETModel.ETTask`1.get_Result() in E:\dotnet\ET-Branch_opst\Unity\Assets\Model\Base\Async\ETTask.cs:line 168
   at ETModel.ETTask`1.Awaiter.GetResult() in E:\dotnet\ET-Branch_opst\Unity\Assets\Model\Base\Async\ETTask.cs:line 254
   at ETHotfix.SessionPlayerComponentDestroySystem.DestroyAsync(SessionPlayerComponent self) in E:\dotnet\ET-Branch_opst\Server\Hotfix\Module\Demo\SessionPlayerComponentSystem.cs:line 16 
 Dispose at offset 121 in file:line:column E:\dotnet\ET-Branch_opst\Unity\Assets\Model\Base\Object\Component.cs:124:4
Destroy at offset 354 in file:line:column E:\dotnet\ET-Branch_opst\Unity\Assets\Model\Base\Object\EventSystem.cs:471:6
Run at offset 95 in file:line:column E:\dotnet\ET-Branch_opst\Unity\Assets\Model\Base\Object\IDestroySystem.cs:15:4
Destroy at offset 48 in file:line:column E:\dotnet\ET-Branch_opst\Server\Hotfix\Module\Demo\SessionPlayerComponentSystem.cs:10:4
DestroyAsync at offset 173 in file:line:column <filename unknown>:0:0
Start<TStateMachine> at offset 60 in file:line:column E:\dotnet\ET-Branch_opst\Unity\Assets\Model\Base\Async\AsyncETVoidMethodBuilder.cs:74:13
MoveNext at offset 506 in file:line:column E:\dotnet\ET-Branch_opst\Server\Hotfix\Module\Demo\SessionPlayerComponentSystem.cs:16:4
SetException at offset 42 in file:line:column E:\dotnet\ET-Branch_opst\Unity\Assets\Model\Base\Async\AsyncETVoidMethodBuilder.cs:27:13
Error at offset 102 in file:line:column E:\dotnet\ET-Branch_opst\Server\Model\Base\Log.cs:31:4
Error at offset 53 in file:line:column E:\dotnet\ET-Branch_opst\Server\Model\Base\Logger\NLogAdapter.cs:31:4

2021-11-11 17:06:16.2110 AllServer 0001 System.ArgumentException: An item with the same key has already been added. Key: 0
   at System.Collections.Generic.Dictionary`2.TryInsert(TKey key, TValue value, InsertionBehavior behavior)
   at System.Collections.Generic.Dictionary`2.Add(TKey key, TValue value)
   at ETModel.PlayerComponent.Add(Player player) in E:\dotnet\ET-Branch_opst\Server\Model\Module\Demo\PlayerComponent.cs:line 45
   at ETHotfix.C2G_LoginGateHandler.Run(Session session, C2G_LoginGate request, G2C_LoginGate response, Action reply) in E:\dotnet\ET-Branch_opst\Server\Hotfix\Module\Demo\C2G_LoginGateHandler.cs:line 25
   at ETModel.ETTaskCompletionSource.ETModel.IAwaiter.GetResult() in E:\dotnet\ET-Branch_opst\Unity\Assets\Model\Base\Async\ETTaskCompletionSource.cs:line 32
   at ETModel.ETTask.GetResult() in E:\dotnet\ET-Branch_opst\Unity\Assets\Model\Base\Async\ETTask.cs:line 33
   at ETModel.ETTask.Awaiter.GetResult() in E:\dotnet\ET-Branch_opst\Unity\Assets\Model\Base\Async\ETTask.cs:line 98
   at ETModel.AMRpcHandler`2.Handle(Session session, Object message) in E:\dotnet\ET-Branch_opst\Server\Model\Module\Message\AMRpcHandler.cs:line 37 
 Dispatch at offset 72 in file:line:column E:\dotnet\ET-Branch_opst\Server\Hotfix\Module\Message\OuterMessageDispatcher.cs:9:4
DispatchAsync at offset 254 in file:line:column <filename unknown>:0:0
Start<TStateMachine> at offset 60 in file:line:column E:\dotnet\ET-Branch_opst\Unity\Assets\Model\Base\Async\AsyncETVoidMethodBuilder.cs:74:13
MoveNext at offset 2555 in file:line:column E:\dotnet\ET-Branch_opst\Server\Hotfix\Module\Message\OuterMessageDispatcher.cs:53:6
Handle at offset 528 in file:line:column E:\dotnet\ET-Branch_opst\Server\Hotfix\Module\Message\MessageDispatherComponentSystem.cs:92:6
Handle at offset 403 in file:line:column <filename unknown>:0:0
Start<TStateMachine> at offset 60 in file:line:column E:\dotnet\ET-Branch_opst\Unity\Assets\Model\Base\Async\AsyncETVoidMethodBuilder.cs:74:13
MoveNext at offset 1742 in file:line:column E:\dotnet\ET-Branch_opst\Server\Model\Module\Message\AMRpcHandler.cs:37:6
Error at offset 102 in file:line:column E:\dotnet\ET-Branch_opst\Server\Model\Base\Log.cs:31:4
Error at offset 53 in file:line:column E:\dotnet\ET-Branch_opst\Server\Model\Base\Logger\NLogAdapter.cs:31:4

2021-11-11 17:23:56.4822 AllServer 0001 System.Exception: actor id is 0
   at ETHotfix.ActorLocationSenderComponent_Ex.Get(ActorLocationSenderComponent self, Int64 id) in E:\dotnet\ET-Branch_opst\Server\Hotfix\Module\ActorLocation\ActorLocationSenderComponentSystem.cs:line 63
   at ETModel.ETTaskCompletionSource`1.ETModel.IAwaiter<T>.GetResult() in E:\dotnet\ET-Branch_opst\Unity\Assets\Model\Base\Async\ETTaskCompletionSource.cs:line 171
   at ETModel.ETTask`1.get_Result() in E:\dotnet\ET-Branch_opst\Unity\Assets\Model\Base\Async\ETTask.cs:line 168
   at ETModel.ETTask`1.Awaiter.GetResult() in E:\dotnet\ET-Branch_opst\Unity\Assets\Model\Base\Async\ETTask.cs:line 254
   at ETHotfix.SessionPlayerComponentDestroySystem.DestroyAsync(SessionPlayerComponent self) in E:\dotnet\ET-Branch_opst\Server\Hotfix\Module\Demo\SessionPlayerComponentSystem.cs:line 16 
 Dispose at offset 121 in file:line:column E:\dotnet\ET-Branch_opst\Unity\Assets\Model\Base\Object\Component.cs:124:4
Destroy at offset 354 in file:line:column E:\dotnet\ET-Branch_opst\Unity\Assets\Model\Base\Object\EventSystem.cs:471:6
Run at offset 95 in file:line:column E:\dotnet\ET-Branch_opst\Unity\Assets\Model\Base\Object\IDestroySystem.cs:15:4
Destroy at offset 48 in file:line:column E:\dotnet\ET-Branch_opst\Server\Hotfix\Module\Demo\SessionPlayerComponentSystem.cs:10:4
DestroyAsync at offset 173 in file:line:column <filename unknown>:0:0
Start<TStateMachine> at offset 60 in file:line:column E:\dotnet\ET-Branch_opst\Unity\Assets\Model\Base\Async\AsyncETVoidMethodBuilder.cs:74:13
MoveNext at offset 506 in file:line:column E:\dotnet\ET-Branch_opst\Server\Hotfix\Module\Demo\SessionPlayerComponentSystem.cs:16:4
SetException at offset 42 in file:line:column E:\dotnet\ET-Branch_opst\Unity\Assets\Model\Base\Async\AsyncETVoidMethodBuilder.cs:27:13
Error at offset 102 in file:line:column E:\dotnet\ET-Branch_opst\Server\Model\Base\Log.cs:31:4
Error at offset 53 in file:line:column E:\dotnet\ET-Branch_opst\Server\Model\Base\Logger\NLogAdapter.cs:31:4

2021-11-11 17:29:42.3553 AllServer 0001 System.Exception: actor id is 0
   at ETHotfix.ActorLocationSenderComponent_Ex.Get(ActorLocationSenderComponent self, Int64 id) in E:\dotnet\ET-Branch_opst\Server\Hotfix\Module\ActorLocation\ActorLocationSenderComponentSystem.cs:line 63
   at ETModel.ETTaskCompletionSource`1.ETModel.IAwaiter<T>.GetResult() in E:\dotnet\ET-Branch_opst\Unity\Assets\Model\Base\Async\ETTaskCompletionSource.cs:line 171
   at ETModel.ETTask`1.get_Result() in E:\dotnet\ET-Branch_opst\Unity\Assets\Model\Base\Async\ETTask.cs:line 168
   at ETModel.ETTask`1.Awaiter.GetResult() in E:\dotnet\ET-Branch_opst\Unity\Assets\Model\Base\Async\ETTask.cs:line 254
   at ETHotfix.SessionPlayerComponentDestroySystem.DestroyAsync(SessionPlayerComponent self) in E:\dotnet\ET-Branch_opst\Server\Hotfix\Module\Demo\SessionPlayerComponentSystem.cs:line 16 
 Dispose at offset 121 in file:line:column E:\dotnet\ET-Branch_opst\Unity\Assets\Model\Base\Object\Component.cs:124:4
Destroy at offset 354 in file:line:column E:\dotnet\ET-Branch_opst\Unity\Assets\Model\Base\Object\EventSystem.cs:471:6
Run at offset 95 in file:line:column E:\dotnet\ET-Branch_opst\Unity\Assets\Model\Base\Object\IDestroySystem.cs:15:4
Destroy at offset 48 in file:line:column E:\dotnet\ET-Branch_opst\Server\Hotfix\Module\Demo\SessionPlayerComponentSystem.cs:10:4
DestroyAsync at offset 173 in file:line:column <filename unknown>:0:0
Start<TStateMachine> at offset 60 in file:line:column E:\dotnet\ET-Branch_opst\Unity\Assets\Model\Base\Async\AsyncETVoidMethodBuilder.cs:74:13
MoveNext at offset 506 in file:line:column E:\dotnet\ET-Branch_opst\Server\Hotfix\Module\Demo\SessionPlayerComponentSystem.cs:16:4
SetException at offset 42 in file:line:column E:\dotnet\ET-Branch_opst\Unity\Assets\Model\Base\Async\AsyncETVoidMethodBuilder.cs:27:13
Error at offset 102 in file:line:column E:\dotnet\ET-Branch_opst\Server\Model\Base\Log.cs:31:4
Error at offset 53 in file:line:column E:\dotnet\ET-Branch_opst\Server\Model\Base\Logger\NLogAdapter.cs:31:4

2021-11-11 21:03:51.4855 AllServer 0001 System.Exception: actor id is 0
   at ETHotfix.ActorLocationSenderComponent_Ex.Get(ActorLocationSenderComponent self, Int64 id) in E:\dotnet\ET-Branch_opst\Server\Hotfix\Module\ActorLocation\ActorLocationSenderComponentSystem.cs:line 63
   at ETModel.ETTaskCompletionSource`1.ETModel.IAwaiter<T>.GetResult() in E:\dotnet\ET-Branch_opst\Unity\Assets\Model\Base\Async\ETTaskCompletionSource.cs:line 171
   at ETModel.ETTask`1.get_Result() in E:\dotnet\ET-Branch_opst\Unity\Assets\Model\Base\Async\ETTask.cs:line 168
   at ETModel.ETTask`1.Awaiter.GetResult() in E:\dotnet\ET-Branch_opst\Unity\Assets\Model\Base\Async\ETTask.cs:line 254
   at ETHotfix.SessionPlayerComponentDestroySystem.DestroyAsync(SessionPlayerComponent self) in E:\dotnet\ET-Branch_opst\Server\Hotfix\Module\Demo\SessionPlayerComponentSystem.cs:line 16 
 Dispose at offset 121 in file:line:column E:\dotnet\ET-Branch_opst\Unity\Assets\Model\Base\Object\Component.cs:124:4
Destroy at offset 354 in file:line:column E:\dotnet\ET-Branch_opst\Unity\Assets\Model\Base\Object\EventSystem.cs:471:6
Run at offset 95 in file:line:column E:\dotnet\ET-Branch_opst\Unity\Assets\Model\Base\Object\IDestroySystem.cs:15:4
Destroy at offset 48 in file:line:column E:\dotnet\ET-Branch_opst\Server\Hotfix\Module\Demo\SessionPlayerComponentSystem.cs:10:4
DestroyAsync at offset 173 in file:line:column <filename unknown>:0:0
Start<TStateMachine> at offset 60 in file:line:column E:\dotnet\ET-Branch_opst\Unity\Assets\Model\Base\Async\AsyncETVoidMethodBuilder.cs:74:13
MoveNext at offset 506 in file:line:column E:\dotnet\ET-Branch_opst\Server\Hotfix\Module\Demo\SessionPlayerComponentSystem.cs:16:4
SetException at offset 42 in file:line:column E:\dotnet\ET-Branch_opst\Unity\Assets\Model\Base\Async\AsyncETVoidMethodBuilder.cs:27:13
Error at offset 102 in file:line:column E:\dotnet\ET-Branch_opst\Server\Model\Base\Log.cs:31:4
Error at offset 53 in file:line:column E:\dotnet\ET-Branch_opst\Server\Model\Base\Logger\NLogAdapter.cs:31:4

2021-11-11 21:07:01.6492 AllServer 0001 System.Exception: actor id is 0
   at ETHotfix.ActorLocationSenderComponent_Ex.Get(ActorLocationSenderComponent self, Int64 id) in E:\dotnet\ET-Branch_opst\Server\Hotfix\Module\ActorLocation\ActorLocationSenderComponentSystem.cs:line 63
   at ETModel.ETTaskCompletionSource`1.ETModel.IAwaiter<T>.GetResult() in E:\dotnet\ET-Branch_opst\Unity\Assets\Model\Base\Async\ETTaskCompletionSource.cs:line 171
   at ETModel.ETTask`1.get_Result() in E:\dotnet\ET-Branch_opst\Unity\Assets\Model\Base\Async\ETTask.cs:line 168
   at ETModel.ETTask`1.Awaiter.GetResult() in E:\dotnet\ET-Branch_opst\Unity\Assets\Model\Base\Async\ETTask.cs:line 254
   at ETHotfix.SessionPlayerComponentDestroySystem.DestroyAsync(SessionPlayerComponent self) in E:\dotnet\ET-Branch_opst\Server\Hotfix\Module\Demo\SessionPlayerComponentSystem.cs:line 16 
 Dispose at offset 121 in file:line:column E:\dotnet\ET-Branch_opst\Unity\Assets\Model\Base\Object\Component.cs:124:4
Destroy at offset 354 in file:line:column E:\dotnet\ET-Branch_opst\Unity\Assets\Model\Base\Object\EventSystem.cs:471:6
Run at offset 95 in file:line:column E:\dotnet\ET-Branch_opst\Unity\Assets\Model\Base\Object\IDestroySystem.cs:15:4
Destroy at offset 48 in file:line:column E:\dotnet\ET-Branch_opst\Server\Hotfix\Module\Demo\SessionPlayerComponentSystem.cs:10:4
DestroyAsync at offset 173 in file:line:column <filename unknown>:0:0
Start<TStateMachine> at offset 60 in file:line:column E:\dotnet\ET-Branch_opst\Unity\Assets\Model\Base\Async\AsyncETVoidMethodBuilder.cs:74:13
MoveNext at offset 506 in file:line:column E:\dotnet\ET-Branch_opst\Server\Hotfix\Module\Demo\SessionPlayerComponentSystem.cs:16:4
SetException at offset 42 in file:line:column E:\dotnet\ET-Branch_opst\Unity\Assets\Model\Base\Async\AsyncETVoidMethodBuilder.cs:27:13
Error at offset 102 in file:line:column E:\dotnet\ET-Branch_opst\Server\Model\Base\Log.cs:31:4
Error at offset 53 in file:line:column E:\dotnet\ET-Branch_opst\Server\Model\Base\Logger\NLogAdapter.cs:31:4

2021-11-11 21:07:28.8410 AllServer 0001 System.Exception: actor id is 0
   at ETHotfix.ActorLocationSenderComponent_Ex.Get(ActorLocationSenderComponent self, Int64 id) in E:\dotnet\ET-Branch_opst\Server\Hotfix\Module\ActorLocation\ActorLocationSenderComponentSystem.cs:line 63
   at ETModel.ETTaskCompletionSource`1.ETModel.IAwaiter<T>.GetResult() in E:\dotnet\ET-Branch_opst\Unity\Assets\Model\Base\Async\ETTaskCompletionSource.cs:line 171
   at ETModel.ETTask`1.get_Result() in E:\dotnet\ET-Branch_opst\Unity\Assets\Model\Base\Async\ETTask.cs:line 168
   at ETModel.ETTask`1.Awaiter.GetResult() in E:\dotnet\ET-Branch_opst\Unity\Assets\Model\Base\Async\ETTask.cs:line 254
   at ETHotfix.SessionPlayerComponentDestroySystem.DestroyAsync(SessionPlayerComponent self) in E:\dotnet\ET-Branch_opst\Server\Hotfix\Module\Demo\SessionPlayerComponentSystem.cs:line 16 
 Dispose at offset 121 in file:line:column E:\dotnet\ET-Branch_opst\Unity\Assets\Model\Base\Object\Component.cs:124:4
Destroy at offset 354 in file:line:column E:\dotnet\ET-Branch_opst\Unity\Assets\Model\Base\Object\EventSystem.cs:471:6
Run at offset 95 in file:line:column E:\dotnet\ET-Branch_opst\Unity\Assets\Model\Base\Object\IDestroySystem.cs:15:4
Destroy at offset 48 in file:line:column E:\dotnet\ET-Branch_opst\Server\Hotfix\Module\Demo\SessionPlayerComponentSystem.cs:10:4
DestroyAsync at offset 173 in file:line:column <filename unknown>:0:0
Start<TStateMachine> at offset 60 in file:line:column E:\dotnet\ET-Branch_opst\Unity\Assets\Model\Base\Async\AsyncETVoidMethodBuilder.cs:74:13
MoveNext at offset 506 in file:line:column E:\dotnet\ET-Branch_opst\Server\Hotfix\Module\Demo\SessionPlayerComponentSystem.cs:16:4
SetException at offset 42 in file:line:column E:\dotnet\ET-Branch_opst\Unity\Assets\Model\Base\Async\AsyncETVoidMethodBuilder.cs:27:13
Error at offset 102 in file:line:column E:\dotnet\ET-Branch_opst\Server\Model\Base\Log.cs:31:4
Error at offset 53 in file:line:column E:\dotnet\ET-Branch_opst\Server\Model\Base\Logger\NLogAdapter.cs:31:4

2021-11-11 21:18:03.3665 AllServer 0001 System.Exception: actor id is 0
   at ETHotfix.ActorLocationSenderComponent_Ex.Get(ActorLocationSenderComponent self, Int64 id) in E:\dotnet\ET-Branch_opst\Server\Hotfix\Module\ActorLocation\ActorLocationSenderComponentSystem.cs:line 63
   at ETModel.ETTaskCompletionSource`1.ETModel.IAwaiter<T>.GetResult() in E:\dotnet\ET-Branch_opst\Unity\Assets\Model\Base\Async\ETTaskCompletionSource.cs:line 171
   at ETModel.ETTask`1.get_Result() in E:\dotnet\ET-Branch_opst\Unity\Assets\Model\Base\Async\ETTask.cs:line 168
   at ETModel.ETTask`1.Awaiter.GetResult() in E:\dotnet\ET-Branch_opst\Unity\Assets\Model\Base\Async\ETTask.cs:line 254
   at ETHotfix.SessionPlayerComponentDestroySystem.DestroyAsync(SessionPlayerComponent self) in E:\dotnet\ET-Branch_opst\Server\Hotfix\Module\Demo\SessionPlayerComponentSystem.cs:line 16 
 Dispose at offset 121 in file:line:column E:\dotnet\ET-Branch_opst\Unity\Assets\Model\Base\Object\Component.cs:124:4
Destroy at offset 354 in file:line:column E:\dotnet\ET-Branch_opst\Unity\Assets\Model\Base\Object\EventSystem.cs:471:6
Run at offset 95 in file:line:column E:\dotnet\ET-Branch_opst\Unity\Assets\Model\Base\Object\IDestroySystem.cs:15:4
Destroy at offset 48 in file:line:column E:\dotnet\ET-Branch_opst\Server\Hotfix\Module\Demo\SessionPlayerComponentSystem.cs:10:4
DestroyAsync at offset 173 in file:line:column <filename unknown>:0:0
Start<TStateMachine> at offset 60 in file:line:column E:\dotnet\ET-Branch_opst\Unity\Assets\Model\Base\Async\AsyncETVoidMethodBuilder.cs:74:13
MoveNext at offset 506 in file:line:column E:\dotnet\ET-Branch_opst\Server\Hotfix\Module\Demo\SessionPlayerComponentSystem.cs:16:4
SetException at offset 42 in file:line:column E:\dotnet\ET-Branch_opst\Unity\Assets\Model\Base\Async\AsyncETVoidMethodBuilder.cs:27:13
Error at offset 102 in file:line:column E:\dotnet\ET-Branch_opst\Server\Model\Base\Log.cs:31:4
Error at offset 53 in file:line:column E:\dotnet\ET-Branch_opst\Server\Model\Base\Logger\NLogAdapter.cs:31:4

2021-11-11 21:25:02.4869 AllServer 0001 System.Exception: actor id is 0
   at ETHotfix.ActorLocationSenderComponent_Ex.Get(ActorLocationSenderComponent self, Int64 id) in E:\dotnet\ET-Branch_opst\Server\Hotfix\Module\ActorLocation\ActorLocationSenderComponentSystem.cs:line 63
   at ETModel.ETTaskCompletionSource`1.ETModel.IAwaiter<T>.GetResult() in E:\dotnet\ET-Branch_opst\Unity\Assets\Model\Base\Async\ETTaskCompletionSource.cs:line 171
   at ETModel.ETTask`1.get_Result() in E:\dotnet\ET-Branch_opst\Unity\Assets\Model\Base\Async\ETTask.cs:line 168
   at ETModel.ETTask`1.Awaiter.GetResult() in E:\dotnet\ET-Branch_opst\Unity\Assets\Model\Base\Async\ETTask.cs:line 254
   at ETHotfix.SessionPlayerComponentDestroySystem.DestroyAsync(SessionPlayerComponent self) in E:\dotnet\ET-Branch_opst\Server\Hotfix\Module\Demo\SessionPlayerComponentSystem.cs:line 16 
 Dispose at offset 121 in file:line:column E:\dotnet\ET-Branch_opst\Unity\Assets\Model\Base\Object\Component.cs:124:4
Destroy at offset 354 in file:line:column E:\dotnet\ET-Branch_opst\Unity\Assets\Model\Base\Object\EventSystem.cs:471:6
Run at offset 95 in file:line:column E:\dotnet\ET-Branch_opst\Unity\Assets\Model\Base\Object\IDestroySystem.cs:15:4
Destroy at offset 48 in file:line:column E:\dotnet\ET-Branch_opst\Server\Hotfix\Module\Demo\SessionPlayerComponentSystem.cs:10:4
DestroyAsync at offset 173 in file:line:column <filename unknown>:0:0
Start<TStateMachine> at offset 60 in file:line:column E:\dotnet\ET-Branch_opst\Unity\Assets\Model\Base\Async\AsyncETVoidMethodBuilder.cs:74:13
MoveNext at offset 506 in file:line:column E:\dotnet\ET-Branch_opst\Server\Hotfix\Module\Demo\SessionPlayerComponentSystem.cs:16:4
SetException at offset 42 in file:line:column E:\dotnet\ET-Branch_opst\Unity\Assets\Model\Base\Async\AsyncETVoidMethodBuilder.cs:27:13
Error at offset 102 in file:line:column E:\dotnet\ET-Branch_opst\Server\Model\Base\Log.cs:31:4
Error at offset 53 in file:line:column E:\dotnet\ET-Branch_opst\Server\Model\Base\Logger\NLogAdapter.cs:31:4

2021-11-11 21:26:45.2800 AllServer 0001 System.Exception: actor id is 0
   at ETHotfix.ActorLocationSenderComponent_Ex.Get(ActorLocationSenderComponent self, Int64 id) in E:\dotnet\ET-Branch_opst\Server\Hotfix\Module\ActorLocation\ActorLocationSenderComponentSystem.cs:line 63
   at ETModel.ETTaskCompletionSource`1.ETModel.IAwaiter<T>.GetResult() in E:\dotnet\ET-Branch_opst\Unity\Assets\Model\Base\Async\ETTaskCompletionSource.cs:line 171
   at ETModel.ETTask`1.get_Result() in E:\dotnet\ET-Branch_opst\Unity\Assets\Model\Base\Async\ETTask.cs:line 168
   at ETModel.ETTask`1.Awaiter.GetResult() in E:\dotnet\ET-Branch_opst\Unity\Assets\Model\Base\Async\ETTask.cs:line 254
   at ETHotfix.SessionPlayerComponentDestroySystem.DestroyAsync(SessionPlayerComponent self) in E:\dotnet\ET-Branch_opst\Server\Hotfix\Module\Demo\SessionPlayerComponentSystem.cs:line 16 
 Dispose at offset 121 in file:line:column E:\dotnet\ET-Branch_opst\Unity\Assets\Model\Base\Object\Component.cs:124:4
Destroy at offset 354 in file:line:column E:\dotnet\ET-Branch_opst\Unity\Assets\Model\Base\Object\EventSystem.cs:471:6
Run at offset 95 in file:line:column E:\dotnet\ET-Branch_opst\Unity\Assets\Model\Base\Object\IDestroySystem.cs:15:4
Destroy at offset 48 in file:line:column E:\dotnet\ET-Branch_opst\Server\Hotfix\Module\Demo\SessionPlayerComponentSystem.cs:10:4
DestroyAsync at offset 173 in file:line:column <filename unknown>:0:0
Start<TStateMachine> at offset 60 in file:line:column E:\dotnet\ET-Branch_opst\Unity\Assets\Model\Base\Async\AsyncETVoidMethodBuilder.cs:74:13
MoveNext at offset 506 in file:line:column E:\dotnet\ET-Branch_opst\Server\Hotfix\Module\Demo\SessionPlayerComponentSystem.cs:16:4
SetException at offset 42 in file:line:column E:\dotnet\ET-Branch_opst\Unity\Assets\Model\Base\Async\AsyncETVoidMethodBuilder.cs:27:13
Error at offset 102 in file:line:column E:\dotnet\ET-Branch_opst\Server\Model\Base\Log.cs:31:4
Error at offset 53 in file:line:column E:\dotnet\ET-Branch_opst\Server\Model\Base\Logger\NLogAdapter.cs:31:4

2021-11-11 21:32:03.5560 AllServer 0001 System.Exception: actor id is 0
   at ETHotfix.ActorLocationSenderComponent_Ex.Get(ActorLocationSenderComponent self, Int64 id) in E:\dotnet\ET-Branch_opst\Server\Hotfix\Module\ActorLocation\ActorLocationSenderComponentSystem.cs:line 63
   at ETModel.ETTaskCompletionSource`1.ETModel.IAwaiter<T>.GetResult() in E:\dotnet\ET-Branch_opst\Unity\Assets\Model\Base\Async\ETTaskCompletionSource.cs:line 171
   at ETModel.ETTask`1.get_Result() in E:\dotnet\ET-Branch_opst\Unity\Assets\Model\Base\Async\ETTask.cs:line 168
   at ETModel.ETTask`1.Awaiter.GetResult() in E:\dotnet\ET-Branch_opst\Unity\Assets\Model\Base\Async\ETTask.cs:line 254
   at ETHotfix.SessionPlayerComponentDestroySystem.DestroyAsync(SessionPlayerComponent self) in E:\dotnet\ET-Branch_opst\Server\Hotfix\Module\Demo\SessionPlayerComponentSystem.cs:line 16 
 Dispose at offset 121 in file:line:column E:\dotnet\ET-Branch_opst\Unity\Assets\Model\Base\Object\Component.cs:124:4
Destroy at offset 354 in file:line:column E:\dotnet\ET-Branch_opst\Unity\Assets\Model\Base\Object\EventSystem.cs:471:6
Run at offset 95 in file:line:column E:\dotnet\ET-Branch_opst\Unity\Assets\Model\Base\Object\IDestroySystem.cs:15:4
Destroy at offset 48 in file:line:column E:\dotnet\ET-Branch_opst\Server\Hotfix\Module\Demo\SessionPlayerComponentSystem.cs:10:4
DestroyAsync at offset 173 in file:line:column <filename unknown>:0:0
Start<TStateMachine> at offset 60 in file:line:column E:\dotnet\ET-Branch_opst\Unity\Assets\Model\Base\Async\AsyncETVoidMethodBuilder.cs:74:13
MoveNext at offset 506 in file:line:column E:\dotnet\ET-Branch_opst\Server\Hotfix\Module\Demo\SessionPlayerComponentSystem.cs:16:4
SetException at offset 42 in file:line:column E:\dotnet\ET-Branch_opst\Unity\Assets\Model\Base\Async\AsyncETVoidMethodBuilder.cs:27:13
Error at offset 102 in file:line:column E:\dotnet\ET-Branch_opst\Server\Model\Base\Log.cs:31:4
Error at offset 53 in file:line:column E:\dotnet\ET-Branch_opst\Server\Model\Base\Logger\NLogAdapter.cs:31:4

2021-11-11 21:42:36.9959 AllServer 0001 System.Exception: actor id is 0
   at ETHotfix.ActorLocationSenderComponent_Ex.Get(ActorLocationSenderComponent self, Int64 id) in E:\dotnet\ET-Branch_opst\Server\Hotfix\Module\ActorLocation\ActorLocationSenderComponentSystem.cs:line 63
   at ETModel.ETTaskCompletionSource`1.ETModel.IAwaiter<T>.GetResult() in E:\dotnet\ET-Branch_opst\Unity\Assets\Model\Base\Async\ETTaskCompletionSource.cs:line 171
   at ETModel.ETTask`1.get_Result() in E:\dotnet\ET-Branch_opst\Unity\Assets\Model\Base\Async\ETTask.cs:line 168
   at ETModel.ETTask`1.Awaiter.GetResult() in E:\dotnet\ET-Branch_opst\Unity\Assets\Model\Base\Async\ETTask.cs:line 254
   at ETHotfix.SessionPlayerComponentDestroySystem.DestroyAsync(SessionPlayerComponent self) in E:\dotnet\ET-Branch_opst\Server\Hotfix\Module\Demo\SessionPlayerComponentSystem.cs:line 16 
 Dispose at offset 121 in file:line:column E:\dotnet\ET-Branch_opst\Unity\Assets\Model\Base\Object\Component.cs:124:4
Destroy at offset 354 in file:line:column E:\dotnet\ET-Branch_opst\Unity\Assets\Model\Base\Object\EventSystem.cs:471:6
Run at offset 95 in file:line:column E:\dotnet\ET-Branch_opst\Unity\Assets\Model\Base\Object\IDestroySystem.cs:15:4
Destroy at offset 48 in file:line:column E:\dotnet\ET-Branch_opst\Server\Hotfix\Module\Demo\SessionPlayerComponentSystem.cs:10:4
DestroyAsync at offset 173 in file:line:column <filename unknown>:0:0
Start<TStateMachine> at offset 60 in file:line:column E:\dotnet\ET-Branch_opst\Unity\Assets\Model\Base\Async\AsyncETVoidMethodBuilder.cs:74:13
MoveNext at offset 506 in file:line:column E:\dotnet\ET-Branch_opst\Server\Hotfix\Module\Demo\SessionPlayerComponentSystem.cs:16:4
SetException at offset 42 in file:line:column E:\dotnet\ET-Branch_opst\Unity\Assets\Model\Base\Async\AsyncETVoidMethodBuilder.cs:27:13
Error at offset 102 in file:line:column E:\dotnet\ET-Branch_opst\Server\Model\Base\Log.cs:31:4
Error at offset 53 in file:line:column E:\dotnet\ET-Branch_opst\Server\Model\Base\Logger\NLogAdapter.cs:31:4

2021-11-11 21:50:42.1253 AllServer 0001 System.Exception: actor id is 0
   at ETHotfix.ActorLocationSenderComponent_Ex.Get(ActorLocationSenderComponent self, Int64 id) in E:\dotnet\ET-Branch_opst\Server\Hotfix\Module\ActorLocation\ActorLocationSenderComponentSystem.cs:line 63
   at ETModel.ETTaskCompletionSource`1.ETModel.IAwaiter<T>.GetResult() in E:\dotnet\ET-Branch_opst\Unity\Assets\Model\Base\Async\ETTaskCompletionSource.cs:line 171
   at ETModel.ETTask`1.get_Result() in E:\dotnet\ET-Branch_opst\Unity\Assets\Model\Base\Async\ETTask.cs:line 168
   at ETModel.ETTask`1.Awaiter.GetResult() in E:\dotnet\ET-Branch_opst\Unity\Assets\Model\Base\Async\ETTask.cs:line 254
   at ETHotfix.SessionPlayerComponentDestroySystem.DestroyAsync(SessionPlayerComponent self) in E:\dotnet\ET-Branch_opst\Server\Hotfix\Module\Demo\SessionPlayerComponentSystem.cs:line 16 
 Dispose at offset 121 in file:line:column E:\dotnet\ET-Branch_opst\Unity\Assets\Model\Base\Object\Component.cs:124:4
Destroy at offset 354 in file:line:column E:\dotnet\ET-Branch_opst\Unity\Assets\Model\Base\Object\EventSystem.cs:471:6
Run at offset 95 in file:line:column E:\dotnet\ET-Branch_opst\Unity\Assets\Model\Base\Object\IDestroySystem.cs:15:4
Destroy at offset 48 in file:line:column E:\dotnet\ET-Branch_opst\Server\Hotfix\Module\Demo\SessionPlayerComponentSystem.cs:10:4
DestroyAsync at offset 173 in file:line:column <filename unknown>:0:0
Start<TStateMachine> at offset 60 in file:line:column E:\dotnet\ET-Branch_opst\Unity\Assets\Model\Base\Async\AsyncETVoidMethodBuilder.cs:74:13
MoveNext at offset 506 in file:line:column E:\dotnet\ET-Branch_opst\Server\Hotfix\Module\Demo\SessionPlayerComponentSystem.cs:16:4
SetException at offset 42 in file:line:column E:\dotnet\ET-Branch_opst\Unity\Assets\Model\Base\Async\AsyncETVoidMethodBuilder.cs:27:13
Error at offset 102 in file:line:column E:\dotnet\ET-Branch_opst\Server\Model\Base\Log.cs:31:4
Error at offset 53 in file:line:column E:\dotnet\ET-Branch_opst\Server\Model\Base\Logger\NLogAdapter.cs:31:4

2021-11-11 21:57:00.4955 AllServer 0001 System.Exception: actor id is 0
   at ETHotfix.ActorLocationSenderComponent_Ex.Get(ActorLocationSenderComponent self, Int64 id) in E:\dotnet\ET-Branch_opst\Server\Hotfix\Module\ActorLocation\ActorLocationSenderComponentSystem.cs:line 63
   at ETModel.ETTaskCompletionSource`1.ETModel.IAwaiter<T>.GetResult() in E:\dotnet\ET-Branch_opst\Unity\Assets\Model\Base\Async\ETTaskCompletionSource.cs:line 171
   at ETModel.ETTask`1.get_Result() in E:\dotnet\ET-Branch_opst\Unity\Assets\Model\Base\Async\ETTask.cs:line 168
   at ETModel.ETTask`1.Awaiter.GetResult() in E:\dotnet\ET-Branch_opst\Unity\Assets\Model\Base\Async\ETTask.cs:line 254
   at ETHotfix.SessionPlayerComponentDestroySystem.DestroyAsync(SessionPlayerComponent self) in E:\dotnet\ET-Branch_opst\Server\Hotfix\Module\Demo\SessionPlayerComponentSystem.cs:line 16 
 Dispose at offset 121 in file:line:column E:\dotnet\ET-Branch_opst\Unity\Assets\Model\Base\Object\Component.cs:124:4
Destroy at offset 354 in file:line:column E:\dotnet\ET-Branch_opst\Unity\Assets\Model\Base\Object\EventSystem.cs:471:6
Run at offset 95 in file:line:column E:\dotnet\ET-Branch_opst\Unity\Assets\Model\Base\Object\IDestroySystem.cs:15:4
Destroy at offset 48 in file:line:column E:\dotnet\ET-Branch_opst\Server\Hotfix\Module\Demo\SessionPlayerComponentSystem.cs:10:4
DestroyAsync at offset 173 in file:line:column <filename unknown>:0:0
Start<TStateMachine> at offset 60 in file:line:column E:\dotnet\ET-Branch_opst\Unity\Assets\Model\Base\Async\AsyncETVoidMethodBuilder.cs:74:13
MoveNext at offset 506 in file:line:column E:\dotnet\ET-Branch_opst\Server\Hotfix\Module\Demo\SessionPlayerComponentSystem.cs:16:4
SetException at offset 42 in file:line:column E:\dotnet\ET-Branch_opst\Unity\Assets\Model\Base\Async\AsyncETVoidMethodBuilder.cs:27:13
Error at offset 102 in file:line:column E:\dotnet\ET-Branch_opst\Server\Model\Base\Log.cs:31:4
Error at offset 53 in file:line:column E:\dotnet\ET-Branch_opst\Server\Model\Base\Logger\NLogAdapter.cs:31:4

2021-11-11 21:59:27.1637 AllServer 0001 System.Exception: actor id is 0
   at ETHotfix.ActorLocationSenderComponent_Ex.Get(ActorLocationSenderComponent self, Int64 id) in E:\dotnet\ET-Branch_opst\Server\Hotfix\Module\ActorLocation\ActorLocationSenderComponentSystem.cs:line 63
   at ETModel.ETTaskCompletionSource`1.ETModel.IAwaiter<T>.GetResult() in E:\dotnet\ET-Branch_opst\Unity\Assets\Model\Base\Async\ETTaskCompletionSource.cs:line 171
   at ETModel.ETTask`1.get_Result() in E:\dotnet\ET-Branch_opst\Unity\Assets\Model\Base\Async\ETTask.cs:line 168
   at ETModel.ETTask`1.Awaiter.GetResult() in E:\dotnet\ET-Branch_opst\Unity\Assets\Model\Base\Async\ETTask.cs:line 254
   at ETHotfix.SessionPlayerComponentDestroySystem.DestroyAsync(SessionPlayerComponent self) in E:\dotnet\ET-Branch_opst\Server\Hotfix\Module\Demo\SessionPlayerComponentSystem.cs:line 16 
 Dispose at offset 121 in file:line:column E:\dotnet\ET-Branch_opst\Unity\Assets\Model\Base\Object\Component.cs:124:4
Destroy at offset 354 in file:line:column E:\dotnet\ET-Branch_opst\Unity\Assets\Model\Base\Object\EventSystem.cs:471:6
Run at offset 95 in file:line:column E:\dotnet\ET-Branch_opst\Unity\Assets\Model\Base\Object\IDestroySystem.cs:15:4
Destroy at offset 48 in file:line:column E:\dotnet\ET-Branch_opst\Server\Hotfix\Module\Demo\SessionPlayerComponentSystem.cs:10:4
DestroyAsync at offset 173 in file:line:column <filename unknown>:0:0
Start<TStateMachine> at offset 60 in file:line:column E:\dotnet\ET-Branch_opst\Unity\Assets\Model\Base\Async\AsyncETVoidMethodBuilder.cs:74:13
MoveNext at offset 506 in file:line:column E:\dotnet\ET-Branch_opst\Server\Hotfix\Module\Demo\SessionPlayerComponentSystem.cs:16:4
SetException at offset 42 in file:line:column E:\dotnet\ET-Branch_opst\Unity\Assets\Model\Base\Async\AsyncETVoidMethodBuilder.cs:27:13
Error at offset 102 in file:line:column E:\dotnet\ET-Branch_opst\Server\Model\Base\Log.cs:31:4
Error at offset 53 in file:line:column E:\dotnet\ET-Branch_opst\Server\Model\Base\Logger\NLogAdapter.cs:31:4

2021-11-11 22:06:55.6376 AllServer 0001 System.Exception: actor id is 0
   at ETHotfix.ActorLocationSenderComponent_Ex.Get(ActorLocationSenderComponent self, Int64 id) in E:\dotnet\ET-Branch_opst\Server\Hotfix\Module\ActorLocation\ActorLocationSenderComponentSystem.cs:line 63
   at ETModel.ETTaskCompletionSource`1.ETModel.IAwaiter<T>.GetResult() in E:\dotnet\ET-Branch_opst\Unity\Assets\Model\Base\Async\ETTaskCompletionSource.cs:line 171
   at ETModel.ETTask`1.get_Result() in E:\dotnet\ET-Branch_opst\Unity\Assets\Model\Base\Async\ETTask.cs:line 168
   at ETModel.ETTask`1.Awaiter.GetResult() in E:\dotnet\ET-Branch_opst\Unity\Assets\Model\Base\Async\ETTask.cs:line 254
   at ETHotfix.SessionPlayerComponentDestroySystem.DestroyAsync(SessionPlayerComponent self) in E:\dotnet\ET-Branch_opst\Server\Hotfix\Module\Demo\SessionPlayerComponentSystem.cs:line 16 
 Dispose at offset 121 in file:line:column E:\dotnet\ET-Branch_opst\Unity\Assets\Model\Base\Object\Component.cs:124:4
Destroy at offset 354 in file:line:column E:\dotnet\ET-Branch_opst\Unity\Assets\Model\Base\Object\EventSystem.cs:471:6
Run at offset 95 in file:line:column E:\dotnet\ET-Branch_opst\Unity\Assets\Model\Base\Object\IDestroySystem.cs:15:4
Destroy at offset 48 in file:line:column E:\dotnet\ET-Branch_opst\Server\Hotfix\Module\Demo\SessionPlayerComponentSystem.cs:10:4
DestroyAsync at offset 173 in file:line:column <filename unknown>:0:0
Start<TStateMachine> at offset 60 in file:line:column E:\dotnet\ET-Branch_opst\Unity\Assets\Model\Base\Async\AsyncETVoidMethodBuilder.cs:74:13
MoveNext at offset 506 in file:line:column E:\dotnet\ET-Branch_opst\Server\Hotfix\Module\Demo\SessionPlayerComponentSystem.cs:16:4
SetException at offset 42 in file:line:column E:\dotnet\ET-Branch_opst\Unity\Assets\Model\Base\Async\AsyncETVoidMethodBuilder.cs:27:13
Error at offset 102 in file:line:column E:\dotnet\ET-Branch_opst\Server\Model\Base\Log.cs:31:4
Error at offset 53 in file:line:column E:\dotnet\ET-Branch_opst\Server\Model\Base\Logger\NLogAdapter.cs:31:4

2021-11-11 22:16:15.1704 AllServer 0001 System.Exception: actor id is 0
   at ETHotfix.ActorLocationSenderComponent_Ex.Get(ActorLocationSenderComponent self, Int64 id) in E:\dotnet\ET-Branch_opst\Server\Hotfix\Module\ActorLocation\ActorLocationSenderComponentSystem.cs:line 63
   at ETModel.ETTaskCompletionSource`1.ETModel.IAwaiter<T>.GetResult() in E:\dotnet\ET-Branch_opst\Unity\Assets\Model\Base\Async\ETTaskCompletionSource.cs:line 171
   at ETModel.ETTask`1.get_Result() in E:\dotnet\ET-Branch_opst\Unity\Assets\Model\Base\Async\ETTask.cs:line 168
   at ETModel.ETTask`1.Awaiter.GetResult() in E:\dotnet\ET-Branch_opst\Unity\Assets\Model\Base\Async\ETTask.cs:line 254
   at ETHotfix.SessionPlayerComponentDestroySystem.DestroyAsync(SessionPlayerComponent self) in E:\dotnet\ET-Branch_opst\Server\Hotfix\Module\Demo\SessionPlayerComponentSystem.cs:line 16 
 Dispose at offset 121 in file:line:column E:\dotnet\ET-Branch_opst\Unity\Assets\Model\Base\Object\Component.cs:124:4
Destroy at offset 354 in file:line:column E:\dotnet\ET-Branch_opst\Unity\Assets\Model\Base\Object\EventSystem.cs:471:6
Run at offset 95 in file:line:column E:\dotnet\ET-Branch_opst\Unity\Assets\Model\Base\Object\IDestroySystem.cs:15:4
Destroy at offset 48 in file:line:column E:\dotnet\ET-Branch_opst\Server\Hotfix\Module\Demo\SessionPlayerComponentSystem.cs:10:4
DestroyAsync at offset 173 in file:line:column <filename unknown>:0:0
Start<TStateMachine> at offset 60 in file:line:column E:\dotnet\ET-Branch_opst\Unity\Assets\Model\Base\Async\AsyncETVoidMethodBuilder.cs:74:13
MoveNext at offset 506 in file:line:column E:\dotnet\ET-Branch_opst\Server\Hotfix\Module\Demo\SessionPlayerComponentSystem.cs:16:4
SetException at offset 42 in file:line:column E:\dotnet\ET-Branch_opst\Unity\Assets\Model\Base\Async\AsyncETVoidMethodBuilder.cs:27:13
Error at offset 102 in file:line:column E:\dotnet\ET-Branch_opst\Server\Model\Base\Log.cs:31:4
Error at offset 53 in file:line:column E:\dotnet\ET-Branch_opst\Server\Model\Base\Logger\NLogAdapter.cs:31:4

2021-11-11 22:22:53.2397 AllServer 0001 System.Exception: actor id is 0
   at ETHotfix.ActorLocationSenderComponent_Ex.Get(ActorLocationSenderComponent self, Int64 id) in E:\dotnet\ET-Branch_opst\Server\Hotfix\Module\ActorLocation\ActorLocationSenderComponentSystem.cs:line 63
   at ETModel.ETTaskCompletionSource`1.ETModel.IAwaiter<T>.GetResult() in E:\dotnet\ET-Branch_opst\Unity\Assets\Model\Base\Async\ETTaskCompletionSource.cs:line 171
   at ETModel.ETTask`1.get_Result() in E:\dotnet\ET-Branch_opst\Unity\Assets\Model\Base\Async\ETTask.cs:line 168
   at ETModel.ETTask`1.Awaiter.GetResult() in E:\dotnet\ET-Branch_opst\Unity\Assets\Model\Base\Async\ETTask.cs:line 254
   at ETHotfix.SessionPlayerComponentDestroySystem.DestroyAsync(SessionPlayerComponent self) in E:\dotnet\ET-Branch_opst\Server\Hotfix\Module\Demo\SessionPlayerComponentSystem.cs:line 16 
 Dispose at offset 121 in file:line:column E:\dotnet\ET-Branch_opst\Unity\Assets\Model\Base\Object\Component.cs:124:4
Destroy at offset 354 in file:line:column E:\dotnet\ET-Branch_opst\Unity\Assets\Model\Base\Object\EventSystem.cs:471:6
Run at offset 95 in file:line:column E:\dotnet\ET-Branch_opst\Unity\Assets\Model\Base\Object\IDestroySystem.cs:15:4
Destroy at offset 48 in file:line:column E:\dotnet\ET-Branch_opst\Server\Hotfix\Module\Demo\SessionPlayerComponentSystem.cs:10:4
DestroyAsync at offset 173 in file:line:column <filename unknown>:0:0
Start<TStateMachine> at offset 60 in file:line:column E:\dotnet\ET-Branch_opst\Unity\Assets\Model\Base\Async\AsyncETVoidMethodBuilder.cs:74:13
MoveNext at offset 506 in file:line:column E:\dotnet\ET-Branch_opst\Server\Hotfix\Module\Demo\SessionPlayerComponentSystem.cs:16:4
SetException at offset 42 in file:line:column E:\dotnet\ET-Branch_opst\Unity\Assets\Model\Base\Async\AsyncETVoidMethodBuilder.cs:27:13
Error at offset 102 in file:line:column E:\dotnet\ET-Branch_opst\Server\Model\Base\Log.cs:31:4
Error at offset 53 in file:line:column E:\dotnet\ET-Branch_opst\Server\Model\Base\Logger\NLogAdapter.cs:31:4

2021-11-11 22:28:38.2139 AllServer 0001 System.Exception: actor id is 0
   at ETHotfix.ActorLocationSenderComponent_Ex.Get(ActorLocationSenderComponent self, Int64 id) in E:\dotnet\ET-Branch_opst\Server\Hotfix\Module\ActorLocation\ActorLocationSenderComponentSystem.cs:line 63
   at ETModel.ETTaskCompletionSource`1.ETModel.IAwaiter<T>.GetResult() in E:\dotnet\ET-Branch_opst\Unity\Assets\Model\Base\Async\ETTaskCompletionSource.cs:line 171
   at ETModel.ETTask`1.get_Result() in E:\dotnet\ET-Branch_opst\Unity\Assets\Model\Base\Async\ETTask.cs:line 168
   at ETModel.ETTask`1.Awaiter.GetResult() in E:\dotnet\ET-Branch_opst\Unity\Assets\Model\Base\Async\ETTask.cs:line 254
   at ETHotfix.SessionPlayerComponentDestroySystem.DestroyAsync(SessionPlayerComponent self) in E:\dotnet\ET-Branch_opst\Server\Hotfix\Module\Demo\SessionPlayerComponentSystem.cs:line 16 
 Dispose at offset 121 in file:line:column E:\dotnet\ET-Branch_opst\Unity\Assets\Model\Base\Object\Component.cs:124:4
Destroy at offset 354 in file:line:column E:\dotnet\ET-Branch_opst\Unity\Assets\Model\Base\Object\EventSystem.cs:471:6
Run at offset 95 in file:line:column E:\dotnet\ET-Branch_opst\Unity\Assets\Model\Base\Object\IDestroySystem.cs:15:4
Destroy at offset 48 in file:line:column E:\dotnet\ET-Branch_opst\Server\Hotfix\Module\Demo\SessionPlayerComponentSystem.cs:10:4
DestroyAsync at offset 173 in file:line:column <filename unknown>:0:0
Start<TStateMachine> at offset 60 in file:line:column E:\dotnet\ET-Branch_opst\Unity\Assets\Model\Base\Async\AsyncETVoidMethodBuilder.cs:74:13
MoveNext at offset 506 in file:line:column E:\dotnet\ET-Branch_opst\Server\Hotfix\Module\Demo\SessionPlayerComponentSystem.cs:16:4
SetException at offset 42 in file:line:column E:\dotnet\ET-Branch_opst\Unity\Assets\Model\Base\Async\AsyncETVoidMethodBuilder.cs:27:13
Error at offset 102 in file:line:column E:\dotnet\ET-Branch_opst\Server\Model\Base\Log.cs:31:4
Error at offset 53 in file:line:column E:\dotnet\ET-Branch_opst\Server\Model\Base\Logger\NLogAdapter.cs:31:4

