2021-11-04 21:26:07.3687 AllServer 0001 System.Exception: actor id is 0
   at ETHotfix.ActorLocationSenderComponent_Ex.Get(ActorLocationSenderComponent self, Int64 id) in D:\UnityWork\ET-Branch_V5.0\ET-Branch_V5.0\Server\Hotfix\Module\ActorLocation\ActorLocationSenderComponentSystem.cs:line 63
   at ETModel.ETTaskCompletionSource`1.ETModel.IAwaiter<T>.GetResult() in D:\UnityWork\ET-Branch_V5.0\ET-Branch_V5.0\Unity\Assets\Model\Base\Async\ETTaskCompletionSource.cs:line 171
   at ETModel.ETTask`1.get_Result() in D:\UnityWork\ET-Branch_V5.0\ET-Branch_V5.0\Unity\Assets\Model\Base\Async\ETTask.cs:line 168
   at ETModel.ETTask`1.Awaiter.GetResult() in D:\UnityWork\ET-Branch_V5.0\ET-Branch_V5.0\Unity\Assets\Model\Base\Async\ETTask.cs:line 254
   at ETHotfix.SessionPlayerComponentDestroySystem.DestroyAsync(SessionPlayerComponent self) in D:\UnityWork\ET-Branch_V5.0\ET-Branch_V5.0\Server\Hotfix\Module\Demo\SessionPlayerComponentSystem.cs:line 16 
 Dispose at offset 121 in file:line:column D:\UnityWork\ET-Branch_V5.0\ET-Branch_V5.0\Unity\Assets\Model\Base\Object\Component.cs:124:4
Destroy at offset 354 in file:line:column D:\UnityWork\ET-Branch_V5.0\ET-Branch_V5.0\Unity\Assets\Model\Base\Object\EventSystem.cs:471:6
Run at offset 95 in file:line:column D:\UnityWork\ET-Branch_V5.0\ET-Branch_V5.0\Unity\Assets\Model\Base\Object\IDestroySystem.cs:15:4
Destroy at offset 48 in file:line:column D:\UnityWork\ET-Branch_V5.0\ET-Branch_V5.0\Server\Hotfix\Module\Demo\SessionPlayerComponentSystem.cs:10:4
DestroyAsync at offset 173 in file:line:column <filename unknown>:0:0
Start<TStateMachine> at offset 60 in file:line:column D:\UnityWork\ET-Branch_V5.0\ET-Branch_V5.0\Unity\Assets\Model\Base\Async\AsyncETVoidMethodBuilder.cs:74:13
MoveNext at offset 506 in file:line:column D:\UnityWork\ET-Branch_V5.0\ET-Branch_V5.0\Server\Hotfix\Module\Demo\SessionPlayerComponentSystem.cs:16:4
SetException at offset 42 in file:line:column D:\UnityWork\ET-Branch_V5.0\ET-Branch_V5.0\Unity\Assets\Model\Base\Async\AsyncETVoidMethodBuilder.cs:27:13
Error at offset 102 in file:line:column D:\UnityWork\ET-Branch_V5.0\ET-Branch_V5.0\Server\Model\Base\Log.cs:31:4
Error at offset 53 in file:line:column D:\UnityWork\ET-Branch_V5.0\ET-Branch_V5.0\Server\Model\Base\Logger\NLogAdapter.cs:31:4

2021-11-04 21:26:58.9896 AllServer 0001 System.Exception: actor id is 0
   at ETHotfix.ActorLocationSenderComponent_Ex.Get(ActorLocationSenderComponent self, Int64 id) in D:\UnityWork\ET-Branch_V5.0\ET-Branch_V5.0\Server\Hotfix\Module\ActorLocation\ActorLocationSenderComponentSystem.cs:line 63
   at ETModel.ETTaskCompletionSource`1.ETModel.IAwaiter<T>.GetResult() in D:\UnityWork\ET-Branch_V5.0\ET-Branch_V5.0\Unity\Assets\Model\Base\Async\ETTaskCompletionSource.cs:line 171
   at ETModel.ETTask`1.get_Result() in D:\UnityWork\ET-Branch_V5.0\ET-Branch_V5.0\Unity\Assets\Model\Base\Async\ETTask.cs:line 168
   at ETModel.ETTask`1.Awaiter.GetResult() in D:\UnityWork\ET-Branch_V5.0\ET-Branch_V5.0\Unity\Assets\Model\Base\Async\ETTask.cs:line 254
   at ETHotfix.SessionPlayerComponentDestroySystem.DestroyAsync(SessionPlayerComponent self) in D:\UnityWork\ET-Branch_V5.0\ET-Branch_V5.0\Server\Hotfix\Module\Demo\SessionPlayerComponentSystem.cs:line 16 
 Dispose at offset 121 in file:line:column D:\UnityWork\ET-Branch_V5.0\ET-Branch_V5.0\Unity\Assets\Model\Base\Object\Component.cs:124:4
Destroy at offset 354 in file:line:column D:\UnityWork\ET-Branch_V5.0\ET-Branch_V5.0\Unity\Assets\Model\Base\Object\EventSystem.cs:471:6
Run at offset 95 in file:line:column D:\UnityWork\ET-Branch_V5.0\ET-Branch_V5.0\Unity\Assets\Model\Base\Object\IDestroySystem.cs:15:4
Destroy at offset 48 in file:line:column D:\UnityWork\ET-Branch_V5.0\ET-Branch_V5.0\Server\Hotfix\Module\Demo\SessionPlayerComponentSystem.cs:10:4
DestroyAsync at offset 173 in file:line:column <filename unknown>:0:0
Start<TStateMachine> at offset 60 in file:line:column D:\UnityWork\ET-Branch_V5.0\ET-Branch_V5.0\Unity\Assets\Model\Base\Async\AsyncETVoidMethodBuilder.cs:74:13
MoveNext at offset 506 in file:line:column D:\UnityWork\ET-Branch_V5.0\ET-Branch_V5.0\Server\Hotfix\Module\Demo\SessionPlayerComponentSystem.cs:16:4
SetException at offset 42 in file:line:column D:\UnityWork\ET-Branch_V5.0\ET-Branch_V5.0\Unity\Assets\Model\Base\Async\AsyncETVoidMethodBuilder.cs:27:13
Error at offset 102 in file:line:column D:\UnityWork\ET-Branch_V5.0\ET-Branch_V5.0\Server\Model\Base\Log.cs:31:4
Error at offset 53 in file:line:column D:\UnityWork\ET-Branch_V5.0\ET-Branch_V5.0\Server\Model\Base\Logger\NLogAdapter.cs:31:4

2021-11-04 21:51:11.1701 AllServer 0001 System.ArgumentOutOfRangeException: Index was out of range. Must be non-negative and less than the size of the collection. (Parameter 'index')
   at System.Collections.Generic.List`1.get_Item(Int32 index)
   at ETModel.RealmGateAddressComponent.GetAddress() in D:\UnityWork\ET-Branch_V5.0\ET-Branch_V5.0\Server\Model\Module\Demo\RealmGateAddressComponent.cs:line 12
   at ETHotfix.TestHandler.Run(Session session, C2R_TestRequest request, R2C_TestResponse response, Action reply) in D:\UnityWork\ET-Branch_V5.0\ET-Branch_V5.0\Server\Hotfix\Test\TestHandler.cs:line 27
   at ETModel.ETTaskCompletionSource.ETModel.IAwaiter.GetResult() in D:\UnityWork\ET-Branch_V5.0\ET-Branch_V5.0\Unity\Assets\Model\Base\Async\ETTaskCompletionSource.cs:line 32
   at ETModel.ETTask.GetResult() in D:\UnityWork\ET-Branch_V5.0\ET-Branch_V5.0\Unity\Assets\Model\Base\Async\ETTask.cs:line 33
   at ETModel.ETTask.Awaiter.GetResult() in D:\UnityWork\ET-Branch_V5.0\ET-Branch_V5.0\Unity\Assets\Model\Base\Async\ETTask.cs:line 98
   at ETModel.AMRpcHandler`2.Handle(Session session, Object message) in D:\UnityWork\ET-Branch_V5.0\ET-Branch_V5.0\Server\Model\Module\Message\AMRpcHandler.cs:line 37 
 Dispatch at offset 72 in file:line:column D:\UnityWork\ET-Branch_V5.0\ET-Branch_V5.0\Server\Hotfix\Module\Message\OuterMessageDispatcher.cs:9:4
DispatchAsync at offset 254 in file:line:column <filename unknown>:0:0
Start<TStateMachine> at offset 60 in file:line:column D:\UnityWork\ET-Branch_V5.0\ET-Branch_V5.0\Unity\Assets\Model\Base\Async\AsyncETVoidMethodBuilder.cs:74:13
MoveNext at offset 2555 in file:line:column D:\UnityWork\ET-Branch_V5.0\ET-Branch_V5.0\Server\Hotfix\Module\Message\OuterMessageDispatcher.cs:53:6
Handle at offset 528 in file:line:column D:\UnityWork\ET-Branch_V5.0\ET-Branch_V5.0\Server\Hotfix\Module\Message\MessageDispatherComponentSystem.cs:92:6
Handle at offset 403 in file:line:column <filename unknown>:0:0
Start<TStateMachine> at offset 60 in file:line:column D:\UnityWork\ET-Branch_V5.0\ET-Branch_V5.0\Unity\Assets\Model\Base\Async\AsyncETVoidMethodBuilder.cs:74:13
MoveNext at offset 1742 in file:line:column D:\UnityWork\ET-Branch_V5.0\ET-Branch_V5.0\Server\Model\Module\Message\AMRpcHandler.cs:37:6
Error at offset 102 in file:line:column D:\UnityWork\ET-Branch_V5.0\ET-Branch_V5.0\Server\Model\Base\Log.cs:31:4
Error at offset 53 in file:line:column D:\UnityWork\ET-Branch_V5.0\ET-Branch_V5.0\Server\Model\Base\Logger\NLogAdapter.cs:31:4

2021-11-04 22:17:18.4165 AllServer 0001 System.Exception: actor id is 0
   at ETHotfix.ActorLocationSenderComponent_Ex.Get(ActorLocationSenderComponent self, Int64 id) in D:\UnityWork\ET-Branch_V5.0\ET-Branch_V5.0\Server\Hotfix\Module\ActorLocation\ActorLocationSenderComponentSystem.cs:line 63
   at ETModel.ETTaskCompletionSource`1.ETModel.IAwaiter<T>.GetResult() in D:\UnityWork\ET-Branch_V5.0\ET-Branch_V5.0\Unity\Assets\Model\Base\Async\ETTaskCompletionSource.cs:line 171
   at ETModel.ETTask`1.get_Result() in D:\UnityWork\ET-Branch_V5.0\ET-Branch_V5.0\Unity\Assets\Model\Base\Async\ETTask.cs:line 168
   at ETModel.ETTask`1.Awaiter.GetResult() in D:\UnityWork\ET-Branch_V5.0\ET-Branch_V5.0\Unity\Assets\Model\Base\Async\ETTask.cs:line 254
   at ETHotfix.SessionPlayerComponentDestroySystem.DestroyAsync(SessionPlayerComponent self) in D:\UnityWork\ET-Branch_V5.0\ET-Branch_V5.0\Server\Hotfix\Module\Demo\SessionPlayerComponentSystem.cs:line 16 
 Dispose at offset 121 in file:line:column D:\UnityWork\ET-Branch_V5.0\ET-Branch_V5.0\Unity\Assets\Model\Base\Object\Component.cs:124:4
Destroy at offset 354 in file:line:column D:\UnityWork\ET-Branch_V5.0\ET-Branch_V5.0\Unity\Assets\Model\Base\Object\EventSystem.cs:471:6
Run at offset 95 in file:line:column D:\UnityWork\ET-Branch_V5.0\ET-Branch_V5.0\Unity\Assets\Model\Base\Object\IDestroySystem.cs:15:4
Destroy at offset 48 in file:line:column D:\UnityWork\ET-Branch_V5.0\ET-Branch_V5.0\Server\Hotfix\Module\Demo\SessionPlayerComponentSystem.cs:10:4
DestroyAsync at offset 173 in file:line:column <filename unknown>:0:0
Start<TStateMachine> at offset 60 in file:line:column D:\UnityWork\ET-Branch_V5.0\ET-Branch_V5.0\Unity\Assets\Model\Base\Async\AsyncETVoidMethodBuilder.cs:74:13
MoveNext at offset 506 in file:line:column D:\UnityWork\ET-Branch_V5.0\ET-Branch_V5.0\Server\Hotfix\Module\Demo\SessionPlayerComponentSystem.cs:16:4
SetException at offset 42 in file:line:column D:\UnityWork\ET-Branch_V5.0\ET-Branch_V5.0\Unity\Assets\Model\Base\Async\AsyncETVoidMethodBuilder.cs:27:13
Error at offset 102 in file:line:column D:\UnityWork\ET-Branch_V5.0\ET-Branch_V5.0\Server\Model\Base\Log.cs:31:4
Error at offset 53 in file:line:column D:\UnityWork\ET-Branch_V5.0\ET-Branch_V5.0\Server\Model\Base\Logger\NLogAdapter.cs:31:4

2021-11-04 22:17:49.7725 AllServer 0001 System.Exception: AddComponent, component already exist, id: 262144, component: UserComponent
   at ETModel.Entity.AddComponent[K]() in D:\UnityWork\ET-Branch_V5.0\ET-Branch_V5.0\Unity\Assets\Model\Base\Object\Entity.cs:line 95
   at ETHotfix.TestHandler.Run(Session session, C2R_TestRequest request, R2C_TestResponse response, Action reply) in D:\UnityWork\ET-Branch_V5.0\ET-Branch_V5.0\Server\Hotfix\Test\TestHandler.cs:line 37
   at ETModel.ETTaskCompletionSource.ETModel.IAwaiter.GetResult() in D:\UnityWork\ET-Branch_V5.0\ET-Branch_V5.0\Unity\Assets\Model\Base\Async\ETTaskCompletionSource.cs:line 32
   at ETModel.ETTask.GetResult() in D:\UnityWork\ET-Branch_V5.0\ET-Branch_V5.0\Unity\Assets\Model\Base\Async\ETTask.cs:line 33
   at ETModel.ETTask.Awaiter.GetResult() in D:\UnityWork\ET-Branch_V5.0\ET-Branch_V5.0\Unity\Assets\Model\Base\Async\ETTask.cs:line 98
   at ETModel.AMRpcHandler`2.Handle(Session session, Object message) in D:\UnityWork\ET-Branch_V5.0\ET-Branch_V5.0\Server\Model\Module\Message\AMRpcHandler.cs:line 37 
 Dispatch at offset 72 in file:line:column D:\UnityWork\ET-Branch_V5.0\ET-Branch_V5.0\Server\Hotfix\Module\Message\OuterMessageDispatcher.cs:9:4
DispatchAsync at offset 254 in file:line:column <filename unknown>:0:0
Start<TStateMachine> at offset 60 in file:line:column D:\UnityWork\ET-Branch_V5.0\ET-Branch_V5.0\Unity\Assets\Model\Base\Async\AsyncETVoidMethodBuilder.cs:74:13
MoveNext at offset 2555 in file:line:column D:\UnityWork\ET-Branch_V5.0\ET-Branch_V5.0\Server\Hotfix\Module\Message\OuterMessageDispatcher.cs:53:6
Handle at offset 528 in file:line:column D:\UnityWork\ET-Branch_V5.0\ET-Branch_V5.0\Server\Hotfix\Module\Message\MessageDispatherComponentSystem.cs:92:6
Handle at offset 403 in file:line:column <filename unknown>:0:0
Start<TStateMachine> at offset 60 in file:line:column D:\UnityWork\ET-Branch_V5.0\ET-Branch_V5.0\Unity\Assets\Model\Base\Async\AsyncETVoidMethodBuilder.cs:74:13
MoveNext at offset 1742 in file:line:column D:\UnityWork\ET-Branch_V5.0\ET-Branch_V5.0\Server\Model\Module\Message\AMRpcHandler.cs:37:6
Error at offset 102 in file:line:column D:\UnityWork\ET-Branch_V5.0\ET-Branch_V5.0\Server\Model\Base\Log.cs:31:4
Error at offset 53 in file:line:column D:\UnityWork\ET-Branch_V5.0\ET-Branch_V5.0\Server\Model\Base\Logger\NLogAdapter.cs:31:4

2021-11-04 22:18:12.5772 AllServer 0001 System.Exception: AddComponent, component already exist, id: 262144, component: UserComponent
   at ETModel.Entity.AddComponent[K]() in D:\UnityWork\ET-Branch_V5.0\ET-Branch_V5.0\Unity\Assets\Model\Base\Object\Entity.cs:line 95
   at ETHotfix.TestHandler.Run(Session session, C2R_TestRequest request, R2C_TestResponse response, Action reply) in D:\UnityWork\ET-Branch_V5.0\ET-Branch_V5.0\Server\Hotfix\Test\TestHandler.cs:line 37
   at ETModel.ETTaskCompletionSource.ETModel.IAwaiter.GetResult() in D:\UnityWork\ET-Branch_V5.0\ET-Branch_V5.0\Unity\Assets\Model\Base\Async\ETTaskCompletionSource.cs:line 32
   at ETModel.ETTask.GetResult() in D:\UnityWork\ET-Branch_V5.0\ET-Branch_V5.0\Unity\Assets\Model\Base\Async\ETTask.cs:line 33
   at ETModel.ETTask.Awaiter.GetResult() in D:\UnityWork\ET-Branch_V5.0\ET-Branch_V5.0\Unity\Assets\Model\Base\Async\ETTask.cs:line 98
   at ETModel.AMRpcHandler`2.Handle(Session session, Object message) in D:\UnityWork\ET-Branch_V5.0\ET-Branch_V5.0\Server\Model\Module\Message\AMRpcHandler.cs:line 37 
 Dispatch at offset 72 in file:line:column D:\UnityWork\ET-Branch_V5.0\ET-Branch_V5.0\Server\Hotfix\Module\Message\OuterMessageDispatcher.cs:9:4
DispatchAsync at offset 254 in file:line:column <filename unknown>:0:0
Start<TStateMachine> at offset 60 in file:line:column D:\UnityWork\ET-Branch_V5.0\ET-Branch_V5.0\Unity\Assets\Model\Base\Async\AsyncETVoidMethodBuilder.cs:74:13
MoveNext at offset 2555 in file:line:column D:\UnityWork\ET-Branch_V5.0\ET-Branch_V5.0\Server\Hotfix\Module\Message\OuterMessageDispatcher.cs:53:6
Handle at offset 528 in file:line:column D:\UnityWork\ET-Branch_V5.0\ET-Branch_V5.0\Server\Hotfix\Module\Message\MessageDispatherComponentSystem.cs:92:6
Handle at offset 403 in file:line:column <filename unknown>:0:0
Start<TStateMachine> at offset 60 in file:line:column D:\UnityWork\ET-Branch_V5.0\ET-Branch_V5.0\Unity\Assets\Model\Base\Async\AsyncETVoidMethodBuilder.cs:74:13
MoveNext at offset 1742 in file:line:column D:\UnityWork\ET-Branch_V5.0\ET-Branch_V5.0\Server\Model\Module\Message\AMRpcHandler.cs:37:6
Error at offset 102 in file:line:column D:\UnityWork\ET-Branch_V5.0\ET-Branch_V5.0\Server\Model\Base\Log.cs:31:4
Error at offset 53 in file:line:column D:\UnityWork\ET-Branch_V5.0\ET-Branch_V5.0\Server\Model\Base\Logger\NLogAdapter.cs:31:4

2021-11-04 22:18:40.6992 AllServer 0001 System.Exception: AddComponent, component already exist, id: 262144, component: UserComponent
   at ETModel.Entity.AddComponent[K]() in D:\UnityWork\ET-Branch_V5.0\ET-Branch_V5.0\Unity\Assets\Model\Base\Object\Entity.cs:line 95
   at ETHotfix.TestHandler.Run(Session session, C2R_TestRequest request, R2C_TestResponse response, Action reply) in D:\UnityWork\ET-Branch_V5.0\ET-Branch_V5.0\Server\Hotfix\Test\TestHandler.cs:line 37
   at ETModel.ETTaskCompletionSource.ETModel.IAwaiter.GetResult() in D:\UnityWork\ET-Branch_V5.0\ET-Branch_V5.0\Unity\Assets\Model\Base\Async\ETTaskCompletionSource.cs:line 32
   at ETModel.ETTask.GetResult() in D:\UnityWork\ET-Branch_V5.0\ET-Branch_V5.0\Unity\Assets\Model\Base\Async\ETTask.cs:line 33
   at ETModel.ETTask.Awaiter.GetResult() in D:\UnityWork\ET-Branch_V5.0\ET-Branch_V5.0\Unity\Assets\Model\Base\Async\ETTask.cs:line 98
   at ETModel.AMRpcHandler`2.Handle(Session session, Object message) in D:\UnityWork\ET-Branch_V5.0\ET-Branch_V5.0\Server\Model\Module\Message\AMRpcHandler.cs:line 37 
 Dispatch at offset 72 in file:line:column D:\UnityWork\ET-Branch_V5.0\ET-Branch_V5.0\Server\Hotfix\Module\Message\OuterMessageDispatcher.cs:9:4
DispatchAsync at offset 254 in file:line:column <filename unknown>:0:0
Start<TStateMachine> at offset 60 in file:line:column D:\UnityWork\ET-Branch_V5.0\ET-Branch_V5.0\Unity\Assets\Model\Base\Async\AsyncETVoidMethodBuilder.cs:74:13
MoveNext at offset 2555 in file:line:column D:\UnityWork\ET-Branch_V5.0\ET-Branch_V5.0\Server\Hotfix\Module\Message\OuterMessageDispatcher.cs:53:6
Handle at offset 528 in file:line:column D:\UnityWork\ET-Branch_V5.0\ET-Branch_V5.0\Server\Hotfix\Module\Message\MessageDispatherComponentSystem.cs:92:6
Handle at offset 403 in file:line:column <filename unknown>:0:0
Start<TStateMachine> at offset 60 in file:line:column D:\UnityWork\ET-Branch_V5.0\ET-Branch_V5.0\Unity\Assets\Model\Base\Async\AsyncETVoidMethodBuilder.cs:74:13
MoveNext at offset 1742 in file:line:column D:\UnityWork\ET-Branch_V5.0\ET-Branch_V5.0\Server\Model\Module\Message\AMRpcHandler.cs:37:6
Error at offset 102 in file:line:column D:\UnityWork\ET-Branch_V5.0\ET-Branch_V5.0\Server\Model\Base\Log.cs:31:4
Error at offset 53 in file:line:column D:\UnityWork\ET-Branch_V5.0\ET-Branch_V5.0\Server\Model\Base\Logger\NLogAdapter.cs:31:4

2021-11-04 22:27:31.5575 AllServer 0001 System.NullReferenceException: Object reference not set to an instance of an object.
   at ETHotfix.TestHandler.Run(Session session, C2R_TestRequest request, R2C_TestResponse response, Action reply) in D:\UnityWork\ET-Branch_V5.0\ET-Branch_V5.0\Server\Hotfix\Test\TestHandler.cs:line 41
   at ETModel.ETTaskCompletionSource.ETModel.IAwaiter.GetResult() in D:\UnityWork\ET-Branch_V5.0\ET-Branch_V5.0\Unity\Assets\Model\Base\Async\ETTaskCompletionSource.cs:line 32
   at ETModel.ETTask.GetResult() in D:\UnityWork\ET-Branch_V5.0\ET-Branch_V5.0\Unity\Assets\Model\Base\Async\ETTask.cs:line 33
   at ETModel.ETTask.Awaiter.GetResult() in D:\UnityWork\ET-Branch_V5.0\ET-Branch_V5.0\Unity\Assets\Model\Base\Async\ETTask.cs:line 98
   at ETModel.AMRpcHandler`2.Handle(Session session, Object message) in D:\UnityWork\ET-Branch_V5.0\ET-Branch_V5.0\Server\Model\Module\Message\AMRpcHandler.cs:line 37 
 Dispatch at offset 72 in file:line:column D:\UnityWork\ET-Branch_V5.0\ET-Branch_V5.0\Server\Hotfix\Module\Message\OuterMessageDispatcher.cs:9:4
DispatchAsync at offset 254 in file:line:column <filename unknown>:0:0
Start<TStateMachine> at offset 60 in file:line:column D:\UnityWork\ET-Branch_V5.0\ET-Branch_V5.0\Unity\Assets\Model\Base\Async\AsyncETVoidMethodBuilder.cs:74:13
MoveNext at offset 2555 in file:line:column D:\UnityWork\ET-Branch_V5.0\ET-Branch_V5.0\Server\Hotfix\Module\Message\OuterMessageDispatcher.cs:53:6
Handle at offset 528 in file:line:column D:\UnityWork\ET-Branch_V5.0\ET-Branch_V5.0\Server\Hotfix\Module\Message\MessageDispatherComponentSystem.cs:92:6
Handle at offset 403 in file:line:column <filename unknown>:0:0
Start<TStateMachine> at offset 60 in file:line:column D:\UnityWork\ET-Branch_V5.0\ET-Branch_V5.0\Unity\Assets\Model\Base\Async\AsyncETVoidMethodBuilder.cs:74:13
MoveNext at offset 1742 in file:line:column D:\UnityWork\ET-Branch_V5.0\ET-Branch_V5.0\Server\Model\Module\Message\AMRpcHandler.cs:37:6
Error at offset 102 in file:line:column D:\UnityWork\ET-Branch_V5.0\ET-Branch_V5.0\Server\Model\Base\Log.cs:31:4
Error at offset 53 in file:line:column D:\UnityWork\ET-Branch_V5.0\ET-Branch_V5.0\Server\Model\Base\Logger\NLogAdapter.cs:31:4

2021-11-04 22:27:43.8705 AllServer 0001 System.Exception: AddComponent, component already exist, id: 262144, component: UserComponent
   at ETModel.Entity.AddComponent[K]() in D:\UnityWork\ET-Branch_V5.0\ET-Branch_V5.0\Unity\Assets\Model\Base\Object\Entity.cs:line 95
   at ETHotfix.TestHandler.Run(Session session, C2R_TestRequest request, R2C_TestResponse response, Action reply) in D:\UnityWork\ET-Branch_V5.0\ET-Branch_V5.0\Server\Hotfix\Test\TestHandler.cs:line 38
   at ETModel.ETTaskCompletionSource.ETModel.IAwaiter.GetResult() in D:\UnityWork\ET-Branch_V5.0\ET-Branch_V5.0\Unity\Assets\Model\Base\Async\ETTaskCompletionSource.cs:line 32
   at ETModel.ETTask.GetResult() in D:\UnityWork\ET-Branch_V5.0\ET-Branch_V5.0\Unity\Assets\Model\Base\Async\ETTask.cs:line 33
   at ETModel.ETTask.Awaiter.GetResult() in D:\UnityWork\ET-Branch_V5.0\ET-Branch_V5.0\Unity\Assets\Model\Base\Async\ETTask.cs:line 98
   at ETModel.AMRpcHandler`2.Handle(Session session, Object message) in D:\UnityWork\ET-Branch_V5.0\ET-Branch_V5.0\Server\Model\Module\Message\AMRpcHandler.cs:line 37 
 Dispatch at offset 72 in file:line:column D:\UnityWork\ET-Branch_V5.0\ET-Branch_V5.0\Server\Hotfix\Module\Message\OuterMessageDispatcher.cs:9:4
DispatchAsync at offset 254 in file:line:column <filename unknown>:0:0
Start<TStateMachine> at offset 60 in file:line:column D:\UnityWork\ET-Branch_V5.0\ET-Branch_V5.0\Unity\Assets\Model\Base\Async\AsyncETVoidMethodBuilder.cs:74:13
MoveNext at offset 2555 in file:line:column D:\UnityWork\ET-Branch_V5.0\ET-Branch_V5.0\Server\Hotfix\Module\Message\OuterMessageDispatcher.cs:53:6
Handle at offset 528 in file:line:column D:\UnityWork\ET-Branch_V5.0\ET-Branch_V5.0\Server\Hotfix\Module\Message\MessageDispatherComponentSystem.cs:92:6
Handle at offset 403 in file:line:column <filename unknown>:0:0
Start<TStateMachine> at offset 60 in file:line:column D:\UnityWork\ET-Branch_V5.0\ET-Branch_V5.0\Unity\Assets\Model\Base\Async\AsyncETVoidMethodBuilder.cs:74:13
MoveNext at offset 1742 in file:line:column D:\UnityWork\ET-Branch_V5.0\ET-Branch_V5.0\Server\Model\Module\Message\AMRpcHandler.cs:37:6
Error at offset 102 in file:line:column D:\UnityWork\ET-Branch_V5.0\ET-Branch_V5.0\Server\Model\Base\Log.cs:31:4
Error at offset 53 in file:line:column D:\UnityWork\ET-Branch_V5.0\ET-Branch_V5.0\Server\Model\Base\Logger\NLogAdapter.cs:31:4

