2021-11-17 11:55:41.5177 AllServer 0001 System.Exception: actor id is 0
   at ETHotfix.ActorLocationSenderComponent_Ex.Get(ActorLocationSenderComponent self, Int64 id) in E:\dotnet\ET-Branch_final\Server\Hotfix\Module\ActorLocation\ActorLocationSenderComponentSystem.cs:line 63
   at ETModel.ETTaskCompletionSource`1.ETModel.IAwaiter<T>.GetResult() in E:\dotnet\ET-Branch_final\Unity\Assets\Model\Base\Async\ETTaskCompletionSource.cs:line 171
   at ETModel.ETTask`1.get_Result() in E:\dotnet\ET-Branch_final\Unity\Assets\Model\Base\Async\ETTask.cs:line 168
   at ETModel.ETTask`1.Awaiter.GetResult() in E:\dotnet\ET-Branch_final\Unity\Assets\Model\Base\Async\ETTask.cs:line 254
   at ETHotfix.SessionPlayerComponentDestroySystem.DestroyAsync(SessionPlayerComponent self) in E:\dotnet\ET-Branch_final\Server\Hotfix\Module\Demo\SessionPlayerComponentSystem.cs:line 16 
 Dispose at offset 121 in file:line:column E:\dotnet\ET-Branch_final\Unity\Assets\Model\Base\Object\Component.cs:124:4
Destroy at offset 354 in file:line:column E:\dotnet\ET-Branch_final\Unity\Assets\Model\Base\Object\EventSystem.cs:471:6
Run at offset 95 in file:line:column E:\dotnet\ET-Branch_final\Unity\Assets\Model\Base\Object\IDestroySystem.cs:15:4
Destroy at offset 48 in file:line:column E:\dotnet\ET-Branch_final\Server\Hotfix\Module\Demo\SessionPlayerComponentSystem.cs:10:4
DestroyAsync at offset 173 in file:line:column <filename unknown>:0:0
Start<TStateMachine> at offset 60 in file:line:column E:\dotnet\ET-Branch_final\Unity\Assets\Model\Base\Async\AsyncETVoidMethodBuilder.cs:74:13
MoveNext at offset 506 in file:line:column E:\dotnet\ET-Branch_final\Server\Hotfix\Module\Demo\SessionPlayerComponentSystem.cs:16:4
SetException at offset 42 in file:line:column E:\dotnet\ET-Branch_final\Unity\Assets\Model\Base\Async\AsyncETVoidMethodBuilder.cs:27:13
Error at offset 102 in file:line:column E:\dotnet\ET-Branch_final\Server\Model\Base\Log.cs:31:4
Error at offset 53 in file:line:column E:\dotnet\ET-Branch_final\Server\Model\Base\Logger\NLogAdapter.cs:31:4

2021-11-17 12:00:32.9865 AllServer 0001 System.Exception: actor id is 0
   at ETHotfix.ActorLocationSenderComponent_Ex.Get(ActorLocationSenderComponent self, Int64 id) in E:\dotnet\ET-Branch_final\Server\Hotfix\Module\ActorLocation\ActorLocationSenderComponentSystem.cs:line 63
   at ETModel.ETTaskCompletionSource`1.ETModel.IAwaiter<T>.GetResult() in E:\dotnet\ET-Branch_final\Unity\Assets\Model\Base\Async\ETTaskCompletionSource.cs:line 171
   at ETModel.ETTask`1.get_Result() in E:\dotnet\ET-Branch_final\Unity\Assets\Model\Base\Async\ETTask.cs:line 168
   at ETModel.ETTask`1.Awaiter.GetResult() in E:\dotnet\ET-Branch_final\Unity\Assets\Model\Base\Async\ETTask.cs:line 254
   at ETHotfix.SessionPlayerComponentDestroySystem.DestroyAsync(SessionPlayerComponent self) in E:\dotnet\ET-Branch_final\Server\Hotfix\Module\Demo\SessionPlayerComponentSystem.cs:line 16 
 Dispose at offset 121 in file:line:column E:\dotnet\ET-Branch_final\Unity\Assets\Model\Base\Object\Component.cs:124:4
Destroy at offset 354 in file:line:column E:\dotnet\ET-Branch_final\Unity\Assets\Model\Base\Object\EventSystem.cs:471:6
Run at offset 95 in file:line:column E:\dotnet\ET-Branch_final\Unity\Assets\Model\Base\Object\IDestroySystem.cs:15:4
Destroy at offset 48 in file:line:column E:\dotnet\ET-Branch_final\Server\Hotfix\Module\Demo\SessionPlayerComponentSystem.cs:10:4
DestroyAsync at offset 173 in file:line:column <filename unknown>:0:0
Start<TStateMachine> at offset 60 in file:line:column E:\dotnet\ET-Branch_final\Unity\Assets\Model\Base\Async\AsyncETVoidMethodBuilder.cs:74:13
MoveNext at offset 506 in file:line:column E:\dotnet\ET-Branch_final\Server\Hotfix\Module\Demo\SessionPlayerComponentSystem.cs:16:4
SetException at offset 42 in file:line:column E:\dotnet\ET-Branch_final\Unity\Assets\Model\Base\Async\AsyncETVoidMethodBuilder.cs:27:13
Error at offset 102 in file:line:column E:\dotnet\ET-Branch_final\Server\Model\Base\Log.cs:31:4
Error at offset 53 in file:line:column E:\dotnet\ET-Branch_final\Server\Model\Base\Logger\NLogAdapter.cs:31:4

2021-11-17 12:12:41.5171 AllServer 0001 System.Exception: actor id is 0
   at ETHotfix.ActorLocationSenderComponent_Ex.Get(ActorLocationSenderComponent self, Int64 id) in E:\dotnet\ET-Branch_final\Server\Hotfix\Module\ActorLocation\ActorLocationSenderComponentSystem.cs:line 63
   at ETModel.ETTaskCompletionSource`1.ETModel.IAwaiter<T>.GetResult() in E:\dotnet\ET-Branch_final\Unity\Assets\Model\Base\Async\ETTaskCompletionSource.cs:line 171
   at ETModel.ETTask`1.get_Result() in E:\dotnet\ET-Branch_final\Unity\Assets\Model\Base\Async\ETTask.cs:line 168
   at ETModel.ETTask`1.Awaiter.GetResult() in E:\dotnet\ET-Branch_final\Unity\Assets\Model\Base\Async\ETTask.cs:line 254
   at ETHotfix.SessionPlayerComponentDestroySystem.DestroyAsync(SessionPlayerComponent self) in E:\dotnet\ET-Branch_final\Server\Hotfix\Module\Demo\SessionPlayerComponentSystem.cs:line 16 
 Dispose at offset 121 in file:line:column E:\dotnet\ET-Branch_final\Unity\Assets\Model\Base\Object\Component.cs:124:4
Destroy at offset 354 in file:line:column E:\dotnet\ET-Branch_final\Unity\Assets\Model\Base\Object\EventSystem.cs:471:6
Run at offset 95 in file:line:column E:\dotnet\ET-Branch_final\Unity\Assets\Model\Base\Object\IDestroySystem.cs:15:4
Destroy at offset 48 in file:line:column E:\dotnet\ET-Branch_final\Server\Hotfix\Module\Demo\SessionPlayerComponentSystem.cs:10:4
DestroyAsync at offset 173 in file:line:column <filename unknown>:0:0
Start<TStateMachine> at offset 60 in file:line:column E:\dotnet\ET-Branch_final\Unity\Assets\Model\Base\Async\AsyncETVoidMethodBuilder.cs:74:13
MoveNext at offset 506 in file:line:column E:\dotnet\ET-Branch_final\Server\Hotfix\Module\Demo\SessionPlayerComponentSystem.cs:16:4
SetException at offset 42 in file:line:column E:\dotnet\ET-Branch_final\Unity\Assets\Model\Base\Async\AsyncETVoidMethodBuilder.cs:27:13
Error at offset 102 in file:line:column E:\dotnet\ET-Branch_final\Server\Model\Base\Log.cs:31:4
Error at offset 53 in file:line:column E:\dotnet\ET-Branch_final\Server\Model\Base\Logger\NLogAdapter.cs:31:4

2021-11-17 12:15:49.5740 AllServer 0001 System.Exception: actor id is 0
   at ETHotfix.ActorLocationSenderComponent_Ex.Get(ActorLocationSenderComponent self, Int64 id) in E:\dotnet\ET-Branch_final\Server\Hotfix\Module\ActorLocation\ActorLocationSenderComponentSystem.cs:line 63
   at ETModel.ETTaskCompletionSource`1.ETModel.IAwaiter<T>.GetResult() in E:\dotnet\ET-Branch_final\Unity\Assets\Model\Base\Async\ETTaskCompletionSource.cs:line 171
   at ETModel.ETTask`1.get_Result() in E:\dotnet\ET-Branch_final\Unity\Assets\Model\Base\Async\ETTask.cs:line 168
   at ETModel.ETTask`1.Awaiter.GetResult() in E:\dotnet\ET-Branch_final\Unity\Assets\Model\Base\Async\ETTask.cs:line 254
   at ETHotfix.SessionPlayerComponentDestroySystem.DestroyAsync(SessionPlayerComponent self) in E:\dotnet\ET-Branch_final\Server\Hotfix\Module\Demo\SessionPlayerComponentSystem.cs:line 16 
 Dispose at offset 121 in file:line:column E:\dotnet\ET-Branch_final\Unity\Assets\Model\Base\Object\Component.cs:124:4
Destroy at offset 354 in file:line:column E:\dotnet\ET-Branch_final\Unity\Assets\Model\Base\Object\EventSystem.cs:471:6
Run at offset 95 in file:line:column E:\dotnet\ET-Branch_final\Unity\Assets\Model\Base\Object\IDestroySystem.cs:15:4
Destroy at offset 48 in file:line:column E:\dotnet\ET-Branch_final\Server\Hotfix\Module\Demo\SessionPlayerComponentSystem.cs:10:4
DestroyAsync at offset 173 in file:line:column <filename unknown>:0:0
Start<TStateMachine> at offset 60 in file:line:column E:\dotnet\ET-Branch_final\Unity\Assets\Model\Base\Async\AsyncETVoidMethodBuilder.cs:74:13
MoveNext at offset 506 in file:line:column E:\dotnet\ET-Branch_final\Server\Hotfix\Module\Demo\SessionPlayerComponentSystem.cs:16:4
SetException at offset 42 in file:line:column E:\dotnet\ET-Branch_final\Unity\Assets\Model\Base\Async\AsyncETVoidMethodBuilder.cs:27:13
Error at offset 102 in file:line:column E:\dotnet\ET-Branch_final\Server\Model\Base\Log.cs:31:4
Error at offset 53 in file:line:column E:\dotnet\ET-Branch_final\Server\Model\Base\Logger\NLogAdapter.cs:31:4

2021-11-17 12:23:22.8315 AllServer 0001 System.Exception: actor id is 0
   at ETHotfix.ActorLocationSenderComponent_Ex.Get(ActorLocationSenderComponent self, Int64 id) in E:\dotnet\ET-Branch_final\Server\Hotfix\Module\ActorLocation\ActorLocationSenderComponentSystem.cs:line 63
   at ETModel.ETTaskCompletionSource`1.ETModel.IAwaiter<T>.GetResult() in E:\dotnet\ET-Branch_final\Unity\Assets\Model\Base\Async\ETTaskCompletionSource.cs:line 171
   at ETModel.ETTask`1.get_Result() in E:\dotnet\ET-Branch_final\Unity\Assets\Model\Base\Async\ETTask.cs:line 168
   at ETModel.ETTask`1.Awaiter.GetResult() in E:\dotnet\ET-Branch_final\Unity\Assets\Model\Base\Async\ETTask.cs:line 254
   at ETHotfix.SessionPlayerComponentDestroySystem.DestroyAsync(SessionPlayerComponent self) in E:\dotnet\ET-Branch_final\Server\Hotfix\Module\Demo\SessionPlayerComponentSystem.cs:line 16 
 Dispose at offset 121 in file:line:column E:\dotnet\ET-Branch_final\Unity\Assets\Model\Base\Object\Component.cs:124:4
Destroy at offset 354 in file:line:column E:\dotnet\ET-Branch_final\Unity\Assets\Model\Base\Object\EventSystem.cs:471:6
Run at offset 95 in file:line:column E:\dotnet\ET-Branch_final\Unity\Assets\Model\Base\Object\IDestroySystem.cs:15:4
Destroy at offset 48 in file:line:column E:\dotnet\ET-Branch_final\Server\Hotfix\Module\Demo\SessionPlayerComponentSystem.cs:10:4
DestroyAsync at offset 173 in file:line:column <filename unknown>:0:0
Start<TStateMachine> at offset 60 in file:line:column E:\dotnet\ET-Branch_final\Unity\Assets\Model\Base\Async\AsyncETVoidMethodBuilder.cs:74:13
MoveNext at offset 506 in file:line:column E:\dotnet\ET-Branch_final\Server\Hotfix\Module\Demo\SessionPlayerComponentSystem.cs:16:4
SetException at offset 42 in file:line:column E:\dotnet\ET-Branch_final\Unity\Assets\Model\Base\Async\AsyncETVoidMethodBuilder.cs:27:13
Error at offset 102 in file:line:column E:\dotnet\ET-Branch_final\Server\Model\Base\Log.cs:31:4
Error at offset 53 in file:line:column E:\dotnet\ET-Branch_final\Server\Model\Base\Logger\NLogAdapter.cs:31:4

2021-11-17 12:26:58.1451 AllServer 0001 System.ArgumentException: An item with the same key has already been added. Key: 0
   at System.Collections.Generic.Dictionary`2.TryInsert(TKey key, TValue value, InsertionBehavior behavior)
   at System.Collections.Generic.Dictionary`2.Add(TKey key, TValue value)
   at ETModel.PlayerComponent.Add(Player player) in E:\dotnet\ET-Branch_final\Server\Model\Module\Demo\PlayerComponent.cs:line 55
   at ETHotfix.C2G_LoginGateHandler.Run(Session session, C2G_LoginGate request, G2C_LoginGate response, Action reply) in E:\dotnet\ET-Branch_final\Server\Hotfix\Module\Demo\C2G_LoginGateHandler.cs:line 27
   at ETModel.ETTaskCompletionSource.ETModel.IAwaiter.GetResult() in E:\dotnet\ET-Branch_final\Unity\Assets\Model\Base\Async\ETTaskCompletionSource.cs:line 32
   at ETModel.ETTask.GetResult() in E:\dotnet\ET-Branch_final\Unity\Assets\Model\Base\Async\ETTask.cs:line 33
   at ETModel.ETTask.Awaiter.GetResult() in E:\dotnet\ET-Branch_final\Unity\Assets\Model\Base\Async\ETTask.cs:line 98
   at ETModel.AMRpcHandler`2.Handle(Session session, Object message) in E:\dotnet\ET-Branch_final\Server\Model\Module\Message\AMRpcHandler.cs:line 37 
 Dispatch at offset 72 in file:line:column E:\dotnet\ET-Branch_final\Server\Hotfix\Module\Message\OuterMessageDispatcher.cs:9:4
DispatchAsync at offset 254 in file:line:column <filename unknown>:0:0
Start<TStateMachine> at offset 60 in file:line:column E:\dotnet\ET-Branch_final\Unity\Assets\Model\Base\Async\AsyncETVoidMethodBuilder.cs:74:13
MoveNext at offset 2555 in file:line:column E:\dotnet\ET-Branch_final\Server\Hotfix\Module\Message\OuterMessageDispatcher.cs:53:6
Handle at offset 528 in file:line:column E:\dotnet\ET-Branch_final\Server\Hotfix\Module\Message\MessageDispatherComponentSystem.cs:92:6
Handle at offset 403 in file:line:column <filename unknown>:0:0
Start<TStateMachine> at offset 60 in file:line:column E:\dotnet\ET-Branch_final\Unity\Assets\Model\Base\Async\AsyncETVoidMethodBuilder.cs:74:13
MoveNext at offset 1742 in file:line:column E:\dotnet\ET-Branch_final\Server\Model\Module\Message\AMRpcHandler.cs:37:6
Error at offset 102 in file:line:column E:\dotnet\ET-Branch_final\Server\Model\Base\Log.cs:31:4
Error at offset 53 in file:line:column E:\dotnet\ET-Branch_final\Server\Model\Base\Logger\NLogAdapter.cs:31:4

2021-11-17 12:27:43.5915 AllServer 0001 System.Exception: actor id is 0
   at ETHotfix.ActorLocationSenderComponent_Ex.Get(ActorLocationSenderComponent self, Int64 id) in E:\dotnet\ET-Branch_final\Server\Hotfix\Module\ActorLocation\ActorLocationSenderComponentSystem.cs:line 63
   at ETModel.ETTaskCompletionSource`1.ETModel.IAwaiter<T>.GetResult() in E:\dotnet\ET-Branch_final\Unity\Assets\Model\Base\Async\ETTaskCompletionSource.cs:line 171
   at ETModel.ETTask`1.get_Result() in E:\dotnet\ET-Branch_final\Unity\Assets\Model\Base\Async\ETTask.cs:line 168
   at ETModel.ETTask`1.Awaiter.GetResult() in E:\dotnet\ET-Branch_final\Unity\Assets\Model\Base\Async\ETTask.cs:line 254
   at ETHotfix.SessionPlayerComponentDestroySystem.DestroyAsync(SessionPlayerComponent self) in E:\dotnet\ET-Branch_final\Server\Hotfix\Module\Demo\SessionPlayerComponentSystem.cs:line 16 
 Dispose at offset 121 in file:line:column E:\dotnet\ET-Branch_final\Unity\Assets\Model\Base\Object\Component.cs:124:4
Destroy at offset 354 in file:line:column E:\dotnet\ET-Branch_final\Unity\Assets\Model\Base\Object\EventSystem.cs:471:6
Run at offset 95 in file:line:column E:\dotnet\ET-Branch_final\Unity\Assets\Model\Base\Object\IDestroySystem.cs:15:4
Destroy at offset 48 in file:line:column E:\dotnet\ET-Branch_final\Server\Hotfix\Module\Demo\SessionPlayerComponentSystem.cs:10:4
DestroyAsync at offset 173 in file:line:column <filename unknown>:0:0
Start<TStateMachine> at offset 60 in file:line:column E:\dotnet\ET-Branch_final\Unity\Assets\Model\Base\Async\AsyncETVoidMethodBuilder.cs:74:13
MoveNext at offset 506 in file:line:column E:\dotnet\ET-Branch_final\Server\Hotfix\Module\Demo\SessionPlayerComponentSystem.cs:16:4
SetException at offset 42 in file:line:column E:\dotnet\ET-Branch_final\Unity\Assets\Model\Base\Async\AsyncETVoidMethodBuilder.cs:27:13
Error at offset 102 in file:line:column E:\dotnet\ET-Branch_final\Server\Model\Base\Log.cs:31:4
Error at offset 53 in file:line:column E:\dotnet\ET-Branch_final\Server\Model\Base\Logger\NLogAdapter.cs:31:4

2021-11-17 12:27:54.2161 AllServer 0001 System.Exception: actor id is 0
   at ETHotfix.ActorLocationSenderComponent_Ex.Get(ActorLocationSenderComponent self, Int64 id) in E:\dotnet\ET-Branch_final\Server\Hotfix\Module\ActorLocation\ActorLocationSenderComponentSystem.cs:line 63
   at ETModel.ETTaskCompletionSource`1.ETModel.IAwaiter<T>.GetResult() in E:\dotnet\ET-Branch_final\Unity\Assets\Model\Base\Async\ETTaskCompletionSource.cs:line 171
   at ETModel.ETTask`1.get_Result() in E:\dotnet\ET-Branch_final\Unity\Assets\Model\Base\Async\ETTask.cs:line 168
   at ETModel.ETTask`1.Awaiter.GetResult() in E:\dotnet\ET-Branch_final\Unity\Assets\Model\Base\Async\ETTask.cs:line 254
   at ETHotfix.SessionPlayerComponentDestroySystem.DestroyAsync(SessionPlayerComponent self) in E:\dotnet\ET-Branch_final\Server\Hotfix\Module\Demo\SessionPlayerComponentSystem.cs:line 16 
 Dispose at offset 121 in file:line:column E:\dotnet\ET-Branch_final\Unity\Assets\Model\Base\Object\Component.cs:124:4
Destroy at offset 354 in file:line:column E:\dotnet\ET-Branch_final\Unity\Assets\Model\Base\Object\EventSystem.cs:471:6
Run at offset 95 in file:line:column E:\dotnet\ET-Branch_final\Unity\Assets\Model\Base\Object\IDestroySystem.cs:15:4
Destroy at offset 48 in file:line:column E:\dotnet\ET-Branch_final\Server\Hotfix\Module\Demo\SessionPlayerComponentSystem.cs:10:4
DestroyAsync at offset 173 in file:line:column <filename unknown>:0:0
Start<TStateMachine> at offset 60 in file:line:column E:\dotnet\ET-Branch_final\Unity\Assets\Model\Base\Async\AsyncETVoidMethodBuilder.cs:74:13
MoveNext at offset 506 in file:line:column E:\dotnet\ET-Branch_final\Server\Hotfix\Module\Demo\SessionPlayerComponentSystem.cs:16:4
SetException at offset 42 in file:line:column E:\dotnet\ET-Branch_final\Unity\Assets\Model\Base\Async\AsyncETVoidMethodBuilder.cs:27:13
Error at offset 102 in file:line:column E:\dotnet\ET-Branch_final\Server\Model\Base\Log.cs:31:4
Error at offset 53 in file:line:column E:\dotnet\ET-Branch_final\Server\Model\Base\Logger\NLogAdapter.cs:31:4

2021-11-17 13:24:32.6433 AllServer 0001 System.Exception: actor id is 0
   at ETHotfix.ActorLocationSenderComponent_Ex.Get(ActorLocationSenderComponent self, Int64 id) in E:\dotnet\ET-Branch_final\Server\Hotfix\Module\ActorLocation\ActorLocationSenderComponentSystem.cs:line 63
   at ETModel.ETTaskCompletionSource`1.ETModel.IAwaiter<T>.GetResult() in E:\dotnet\ET-Branch_final\Unity\Assets\Model\Base\Async\ETTaskCompletionSource.cs:line 171
   at ETModel.ETTask`1.get_Result() in E:\dotnet\ET-Branch_final\Unity\Assets\Model\Base\Async\ETTask.cs:line 168
   at ETModel.ETTask`1.Awaiter.GetResult() in E:\dotnet\ET-Branch_final\Unity\Assets\Model\Base\Async\ETTask.cs:line 254
   at ETHotfix.SessionPlayerComponentDestroySystem.DestroyAsync(SessionPlayerComponent self) in E:\dotnet\ET-Branch_final\Server\Hotfix\Module\Demo\SessionPlayerComponentSystem.cs:line 16 
 Dispose at offset 121 in file:line:column E:\dotnet\ET-Branch_final\Unity\Assets\Model\Base\Object\Component.cs:124:4
Destroy at offset 354 in file:line:column E:\dotnet\ET-Branch_final\Unity\Assets\Model\Base\Object\EventSystem.cs:471:6
Run at offset 95 in file:line:column E:\dotnet\ET-Branch_final\Unity\Assets\Model\Base\Object\IDestroySystem.cs:15:4
Destroy at offset 48 in file:line:column E:\dotnet\ET-Branch_final\Server\Hotfix\Module\Demo\SessionPlayerComponentSystem.cs:10:4
DestroyAsync at offset 173 in file:line:column <filename unknown>:0:0
Start<TStateMachine> at offset 60 in file:line:column E:\dotnet\ET-Branch_final\Unity\Assets\Model\Base\Async\AsyncETVoidMethodBuilder.cs:74:13
MoveNext at offset 506 in file:line:column E:\dotnet\ET-Branch_final\Server\Hotfix\Module\Demo\SessionPlayerComponentSystem.cs:16:4
SetException at offset 42 in file:line:column E:\dotnet\ET-Branch_final\Unity\Assets\Model\Base\Async\AsyncETVoidMethodBuilder.cs:27:13
Error at offset 102 in file:line:column E:\dotnet\ET-Branch_final\Server\Model\Base\Log.cs:31:4
Error at offset 53 in file:line:column E:\dotnet\ET-Branch_final\Server\Model\Base\Logger\NLogAdapter.cs:31:4

2021-11-17 13:25:48.6781 AllServer 0001 System.Exception: actor id is 0
   at ETHotfix.ActorLocationSenderComponent_Ex.Get(ActorLocationSenderComponent self, Int64 id) in E:\dotnet\ET-Branch_final\Server\Hotfix\Module\ActorLocation\ActorLocationSenderComponentSystem.cs:line 63
   at ETModel.ETTaskCompletionSource`1.ETModel.IAwaiter<T>.GetResult() in E:\dotnet\ET-Branch_final\Unity\Assets\Model\Base\Async\ETTaskCompletionSource.cs:line 171
   at ETModel.ETTask`1.get_Result() in E:\dotnet\ET-Branch_final\Unity\Assets\Model\Base\Async\ETTask.cs:line 168
   at ETModel.ETTask`1.Awaiter.GetResult() in E:\dotnet\ET-Branch_final\Unity\Assets\Model\Base\Async\ETTask.cs:line 254
   at ETHotfix.SessionPlayerComponentDestroySystem.DestroyAsync(SessionPlayerComponent self) in E:\dotnet\ET-Branch_final\Server\Hotfix\Module\Demo\SessionPlayerComponentSystem.cs:line 16 
 Dispose at offset 121 in file:line:column E:\dotnet\ET-Branch_final\Unity\Assets\Model\Base\Object\Component.cs:124:4
Destroy at offset 354 in file:line:column E:\dotnet\ET-Branch_final\Unity\Assets\Model\Base\Object\EventSystem.cs:471:6
Run at offset 95 in file:line:column E:\dotnet\ET-Branch_final\Unity\Assets\Model\Base\Object\IDestroySystem.cs:15:4
Destroy at offset 48 in file:line:column E:\dotnet\ET-Branch_final\Server\Hotfix\Module\Demo\SessionPlayerComponentSystem.cs:10:4
DestroyAsync at offset 173 in file:line:column <filename unknown>:0:0
Start<TStateMachine> at offset 60 in file:line:column E:\dotnet\ET-Branch_final\Unity\Assets\Model\Base\Async\AsyncETVoidMethodBuilder.cs:74:13
MoveNext at offset 506 in file:line:column E:\dotnet\ET-Branch_final\Server\Hotfix\Module\Demo\SessionPlayerComponentSystem.cs:16:4
SetException at offset 42 in file:line:column E:\dotnet\ET-Branch_final\Unity\Assets\Model\Base\Async\AsyncETVoidMethodBuilder.cs:27:13
Error at offset 102 in file:line:column E:\dotnet\ET-Branch_final\Server\Model\Base\Log.cs:31:4
Error at offset 53 in file:line:column E:\dotnet\ET-Branch_final\Server\Model\Base\Logger\NLogAdapter.cs:31:4

2021-11-17 14:07:27.5947 AllServer 0001 System.Exception: actor id is 0
   at ETHotfix.ActorLocationSenderComponent_Ex.Get(ActorLocationSenderComponent self, Int64 id) in E:\dotnet\ET-Branch_final\Server\Hotfix\Module\ActorLocation\ActorLocationSenderComponentSystem.cs:line 63
   at ETModel.ETTaskCompletionSource`1.ETModel.IAwaiter<T>.GetResult() in E:\dotnet\ET-Branch_final\Unity\Assets\Model\Base\Async\ETTaskCompletionSource.cs:line 171
   at ETModel.ETTask`1.get_Result() in E:\dotnet\ET-Branch_final\Unity\Assets\Model\Base\Async\ETTask.cs:line 168
   at ETModel.ETTask`1.Awaiter.GetResult() in E:\dotnet\ET-Branch_final\Unity\Assets\Model\Base\Async\ETTask.cs:line 254
   at ETHotfix.SessionPlayerComponentDestroySystem.DestroyAsync(SessionPlayerComponent self) in E:\dotnet\ET-Branch_final\Server\Hotfix\Module\Demo\SessionPlayerComponentSystem.cs:line 16 
 Dispose at offset 121 in file:line:column E:\dotnet\ET-Branch_final\Unity\Assets\Model\Base\Object\Component.cs:124:4
Destroy at offset 354 in file:line:column E:\dotnet\ET-Branch_final\Unity\Assets\Model\Base\Object\EventSystem.cs:471:6
Run at offset 95 in file:line:column E:\dotnet\ET-Branch_final\Unity\Assets\Model\Base\Object\IDestroySystem.cs:15:4
Destroy at offset 48 in file:line:column E:\dotnet\ET-Branch_final\Server\Hotfix\Module\Demo\SessionPlayerComponentSystem.cs:10:4
DestroyAsync at offset 173 in file:line:column <filename unknown>:0:0
Start<TStateMachine> at offset 60 in file:line:column E:\dotnet\ET-Branch_final\Unity\Assets\Model\Base\Async\AsyncETVoidMethodBuilder.cs:74:13
MoveNext at offset 506 in file:line:column E:\dotnet\ET-Branch_final\Server\Hotfix\Module\Demo\SessionPlayerComponentSystem.cs:16:4
SetException at offset 42 in file:line:column E:\dotnet\ET-Branch_final\Unity\Assets\Model\Base\Async\AsyncETVoidMethodBuilder.cs:27:13
Error at offset 102 in file:line:column E:\dotnet\ET-Branch_final\Server\Model\Base\Log.cs:31:4
Error at offset 53 in file:line:column E:\dotnet\ET-Branch_final\Server\Model\Base\Logger\NLogAdapter.cs:31:4

2021-11-17 14:07:30.8584 AllServer 0001 System.Exception: actor id is 0
   at ETHotfix.ActorLocationSenderComponent_Ex.Get(ActorLocationSenderComponent self, Int64 id) in E:\dotnet\ET-Branch_final\Server\Hotfix\Module\ActorLocation\ActorLocationSenderComponentSystem.cs:line 63
   at ETModel.ETTaskCompletionSource`1.ETModel.IAwaiter<T>.GetResult() in E:\dotnet\ET-Branch_final\Unity\Assets\Model\Base\Async\ETTaskCompletionSource.cs:line 171
   at ETModel.ETTask`1.get_Result() in E:\dotnet\ET-Branch_final\Unity\Assets\Model\Base\Async\ETTask.cs:line 168
   at ETModel.ETTask`1.Awaiter.GetResult() in E:\dotnet\ET-Branch_final\Unity\Assets\Model\Base\Async\ETTask.cs:line 254
   at ETHotfix.SessionPlayerComponentDestroySystem.DestroyAsync(SessionPlayerComponent self) in E:\dotnet\ET-Branch_final\Server\Hotfix\Module\Demo\SessionPlayerComponentSystem.cs:line 16 
 Dispose at offset 121 in file:line:column E:\dotnet\ET-Branch_final\Unity\Assets\Model\Base\Object\Component.cs:124:4
Destroy at offset 354 in file:line:column E:\dotnet\ET-Branch_final\Unity\Assets\Model\Base\Object\EventSystem.cs:471:6
Run at offset 95 in file:line:column E:\dotnet\ET-Branch_final\Unity\Assets\Model\Base\Object\IDestroySystem.cs:15:4
Destroy at offset 48 in file:line:column E:\dotnet\ET-Branch_final\Server\Hotfix\Module\Demo\SessionPlayerComponentSystem.cs:10:4
DestroyAsync at offset 173 in file:line:column <filename unknown>:0:0
Start<TStateMachine> at offset 60 in file:line:column E:\dotnet\ET-Branch_final\Unity\Assets\Model\Base\Async\AsyncETVoidMethodBuilder.cs:74:13
MoveNext at offset 506 in file:line:column E:\dotnet\ET-Branch_final\Server\Hotfix\Module\Demo\SessionPlayerComponentSystem.cs:16:4
SetException at offset 42 in file:line:column E:\dotnet\ET-Branch_final\Unity\Assets\Model\Base\Async\AsyncETVoidMethodBuilder.cs:27:13
Error at offset 102 in file:line:column E:\dotnet\ET-Branch_final\Server\Model\Base\Log.cs:31:4
Error at offset 53 in file:line:column E:\dotnet\ET-Branch_final\Server\Model\Base\Logger\NLogAdapter.cs:31:4

2021-11-17 14:10:23.6178 AllServer 0001 System.Exception: actor id is 0
   at ETHotfix.ActorLocationSenderComponent_Ex.Get(ActorLocationSenderComponent self, Int64 id) in E:\dotnet\ET-Branch_final\Server\Hotfix\Module\ActorLocation\ActorLocationSenderComponentSystem.cs:line 63
   at ETModel.ETTaskCompletionSource`1.ETModel.IAwaiter<T>.GetResult() in E:\dotnet\ET-Branch_final\Unity\Assets\Model\Base\Async\ETTaskCompletionSource.cs:line 171
   at ETModel.ETTask`1.get_Result() in E:\dotnet\ET-Branch_final\Unity\Assets\Model\Base\Async\ETTask.cs:line 168
   at ETModel.ETTask`1.Awaiter.GetResult() in E:\dotnet\ET-Branch_final\Unity\Assets\Model\Base\Async\ETTask.cs:line 254
   at ETHotfix.SessionPlayerComponentDestroySystem.DestroyAsync(SessionPlayerComponent self) in E:\dotnet\ET-Branch_final\Server\Hotfix\Module\Demo\SessionPlayerComponentSystem.cs:line 16 
 Dispose at offset 121 in file:line:column E:\dotnet\ET-Branch_final\Unity\Assets\Model\Base\Object\Component.cs:124:4
Destroy at offset 354 in file:line:column E:\dotnet\ET-Branch_final\Unity\Assets\Model\Base\Object\EventSystem.cs:471:6
Run at offset 95 in file:line:column E:\dotnet\ET-Branch_final\Unity\Assets\Model\Base\Object\IDestroySystem.cs:15:4
Destroy at offset 48 in file:line:column E:\dotnet\ET-Branch_final\Server\Hotfix\Module\Demo\SessionPlayerComponentSystem.cs:10:4
DestroyAsync at offset 173 in file:line:column <filename unknown>:0:0
Start<TStateMachine> at offset 60 in file:line:column E:\dotnet\ET-Branch_final\Unity\Assets\Model\Base\Async\AsyncETVoidMethodBuilder.cs:74:13
MoveNext at offset 506 in file:line:column E:\dotnet\ET-Branch_final\Server\Hotfix\Module\Demo\SessionPlayerComponentSystem.cs:16:4
SetException at offset 42 in file:line:column E:\dotnet\ET-Branch_final\Unity\Assets\Model\Base\Async\AsyncETVoidMethodBuilder.cs:27:13
Error at offset 102 in file:line:column E:\dotnet\ET-Branch_final\Server\Model\Base\Log.cs:31:4
Error at offset 53 in file:line:column E:\dotnet\ET-Branch_final\Server\Model\Base\Logger\NLogAdapter.cs:31:4

2021-11-17 14:10:33.2280 AllServer 0001 System.Exception: actor id is 0
   at ETHotfix.ActorLocationSenderComponent_Ex.Get(ActorLocationSenderComponent self, Int64 id) in E:\dotnet\ET-Branch_final\Server\Hotfix\Module\ActorLocation\ActorLocationSenderComponentSystem.cs:line 63
   at ETModel.ETTaskCompletionSource`1.ETModel.IAwaiter<T>.GetResult() in E:\dotnet\ET-Branch_final\Unity\Assets\Model\Base\Async\ETTaskCompletionSource.cs:line 171
   at ETModel.ETTask`1.get_Result() in E:\dotnet\ET-Branch_final\Unity\Assets\Model\Base\Async\ETTask.cs:line 168
   at ETModel.ETTask`1.Awaiter.GetResult() in E:\dotnet\ET-Branch_final\Unity\Assets\Model\Base\Async\ETTask.cs:line 254
   at ETHotfix.SessionPlayerComponentDestroySystem.DestroyAsync(SessionPlayerComponent self) in E:\dotnet\ET-Branch_final\Server\Hotfix\Module\Demo\SessionPlayerComponentSystem.cs:line 16 
 Dispose at offset 121 in file:line:column E:\dotnet\ET-Branch_final\Unity\Assets\Model\Base\Object\Component.cs:124:4
Destroy at offset 354 in file:line:column E:\dotnet\ET-Branch_final\Unity\Assets\Model\Base\Object\EventSystem.cs:471:6
Run at offset 95 in file:line:column E:\dotnet\ET-Branch_final\Unity\Assets\Model\Base\Object\IDestroySystem.cs:15:4
Destroy at offset 48 in file:line:column E:\dotnet\ET-Branch_final\Server\Hotfix\Module\Demo\SessionPlayerComponentSystem.cs:10:4
DestroyAsync at offset 173 in file:line:column <filename unknown>:0:0
Start<TStateMachine> at offset 60 in file:line:column E:\dotnet\ET-Branch_final\Unity\Assets\Model\Base\Async\AsyncETVoidMethodBuilder.cs:74:13
MoveNext at offset 506 in file:line:column E:\dotnet\ET-Branch_final\Server\Hotfix\Module\Demo\SessionPlayerComponentSystem.cs:16:4
SetException at offset 42 in file:line:column E:\dotnet\ET-Branch_final\Unity\Assets\Model\Base\Async\AsyncETVoidMethodBuilder.cs:27:13
Error at offset 102 in file:line:column E:\dotnet\ET-Branch_final\Server\Model\Base\Log.cs:31:4
Error at offset 53 in file:line:column E:\dotnet\ET-Branch_final\Server\Model\Base\Logger\NLogAdapter.cs:31:4

2021-11-17 14:14:25.7159 AllServer 0001 System.Exception: actor id is 0
   at ETHotfix.ActorLocationSenderComponent_Ex.Get(ActorLocationSenderComponent self, Int64 id) in E:\dotnet\ET-Branch_final\Server\Hotfix\Module\ActorLocation\ActorLocationSenderComponentSystem.cs:line 63
   at ETModel.ETTaskCompletionSource`1.ETModel.IAwaiter<T>.GetResult() in E:\dotnet\ET-Branch_final\Unity\Assets\Model\Base\Async\ETTaskCompletionSource.cs:line 171
   at ETModel.ETTask`1.get_Result() in E:\dotnet\ET-Branch_final\Unity\Assets\Model\Base\Async\ETTask.cs:line 168
   at ETModel.ETTask`1.Awaiter.GetResult() in E:\dotnet\ET-Branch_final\Unity\Assets\Model\Base\Async\ETTask.cs:line 254
   at ETHotfix.SessionPlayerComponentDestroySystem.DestroyAsync(SessionPlayerComponent self) in E:\dotnet\ET-Branch_final\Server\Hotfix\Module\Demo\SessionPlayerComponentSystem.cs:line 16 
 Dispose at offset 121 in file:line:column E:\dotnet\ET-Branch_final\Unity\Assets\Model\Base\Object\Component.cs:124:4
Destroy at offset 354 in file:line:column E:\dotnet\ET-Branch_final\Unity\Assets\Model\Base\Object\EventSystem.cs:471:6
Run at offset 95 in file:line:column E:\dotnet\ET-Branch_final\Unity\Assets\Model\Base\Object\IDestroySystem.cs:15:4
Destroy at offset 48 in file:line:column E:\dotnet\ET-Branch_final\Server\Hotfix\Module\Demo\SessionPlayerComponentSystem.cs:10:4
DestroyAsync at offset 173 in file:line:column <filename unknown>:0:0
Start<TStateMachine> at offset 60 in file:line:column E:\dotnet\ET-Branch_final\Unity\Assets\Model\Base\Async\AsyncETVoidMethodBuilder.cs:74:13
MoveNext at offset 506 in file:line:column E:\dotnet\ET-Branch_final\Server\Hotfix\Module\Demo\SessionPlayerComponentSystem.cs:16:4
SetException at offset 42 in file:line:column E:\dotnet\ET-Branch_final\Unity\Assets\Model\Base\Async\AsyncETVoidMethodBuilder.cs:27:13
Error at offset 102 in file:line:column E:\dotnet\ET-Branch_final\Server\Model\Base\Log.cs:31:4
Error at offset 53 in file:line:column E:\dotnet\ET-Branch_final\Server\Model\Base\Logger\NLogAdapter.cs:31:4

2021-11-17 14:26:02.0794 AllServer 0001 System.Exception: actor id is 0
   at ETHotfix.ActorLocationSenderComponent_Ex.Get(ActorLocationSenderComponent self, Int64 id) in E:\dotnet\ET-Branch_final\Server\Hotfix\Module\ActorLocation\ActorLocationSenderComponentSystem.cs:line 63
   at ETModel.ETTaskCompletionSource`1.ETModel.IAwaiter<T>.GetResult() in E:\dotnet\ET-Branch_final\Unity\Assets\Model\Base\Async\ETTaskCompletionSource.cs:line 171
   at ETModel.ETTask`1.get_Result() in E:\dotnet\ET-Branch_final\Unity\Assets\Model\Base\Async\ETTask.cs:line 168
   at ETModel.ETTask`1.Awaiter.GetResult() in E:\dotnet\ET-Branch_final\Unity\Assets\Model\Base\Async\ETTask.cs:line 254
   at ETHotfix.SessionPlayerComponentDestroySystem.DestroyAsync(SessionPlayerComponent self) in E:\dotnet\ET-Branch_final\Server\Hotfix\Module\Demo\SessionPlayerComponentSystem.cs:line 16 
 Dispose at offset 121 in file:line:column E:\dotnet\ET-Branch_final\Unity\Assets\Model\Base\Object\Component.cs:124:4
Destroy at offset 354 in file:line:column E:\dotnet\ET-Branch_final\Unity\Assets\Model\Base\Object\EventSystem.cs:471:6
Run at offset 95 in file:line:column E:\dotnet\ET-Branch_final\Unity\Assets\Model\Base\Object\IDestroySystem.cs:15:4
Destroy at offset 48 in file:line:column E:\dotnet\ET-Branch_final\Server\Hotfix\Module\Demo\SessionPlayerComponentSystem.cs:10:4
DestroyAsync at offset 173 in file:line:column <filename unknown>:0:0
Start<TStateMachine> at offset 60 in file:line:column E:\dotnet\ET-Branch_final\Unity\Assets\Model\Base\Async\AsyncETVoidMethodBuilder.cs:74:13
MoveNext at offset 506 in file:line:column E:\dotnet\ET-Branch_final\Server\Hotfix\Module\Demo\SessionPlayerComponentSystem.cs:16:4
SetException at offset 42 in file:line:column E:\dotnet\ET-Branch_final\Unity\Assets\Model\Base\Async\AsyncETVoidMethodBuilder.cs:27:13
Error at offset 102 in file:line:column E:\dotnet\ET-Branch_final\Server\Model\Base\Log.cs:31:4
Error at offset 53 in file:line:column E:\dotnet\ET-Branch_final\Server\Model\Base\Logger\NLogAdapter.cs:31:4

2021-11-17 14:39:50.3825 AllServer 0001 System.Exception: actor id is 0
   at ETHotfix.ActorLocationSenderComponent_Ex.Get(ActorLocationSenderComponent self, Int64 id) in E:\dotnet\ET-Branch_final\Server\Hotfix\Module\ActorLocation\ActorLocationSenderComponentSystem.cs:line 63
   at ETModel.ETTaskCompletionSource`1.ETModel.IAwaiter<T>.GetResult() in E:\dotnet\ET-Branch_final\Unity\Assets\Model\Base\Async\ETTaskCompletionSource.cs:line 171
   at ETModel.ETTask`1.get_Result() in E:\dotnet\ET-Branch_final\Unity\Assets\Model\Base\Async\ETTask.cs:line 168
   at ETModel.ETTask`1.Awaiter.GetResult() in E:\dotnet\ET-Branch_final\Unity\Assets\Model\Base\Async\ETTask.cs:line 254
   at ETHotfix.SessionPlayerComponentDestroySystem.DestroyAsync(SessionPlayerComponent self) in E:\dotnet\ET-Branch_final\Server\Hotfix\Module\Demo\SessionPlayerComponentSystem.cs:line 16 
 Dispose at offset 121 in file:line:column E:\dotnet\ET-Branch_final\Unity\Assets\Model\Base\Object\Component.cs:124:4
Destroy at offset 354 in file:line:column E:\dotnet\ET-Branch_final\Unity\Assets\Model\Base\Object\EventSystem.cs:471:6
Run at offset 95 in file:line:column E:\dotnet\ET-Branch_final\Unity\Assets\Model\Base\Object\IDestroySystem.cs:15:4
Destroy at offset 48 in file:line:column E:\dotnet\ET-Branch_final\Server\Hotfix\Module\Demo\SessionPlayerComponentSystem.cs:10:4
DestroyAsync at offset 173 in file:line:column <filename unknown>:0:0
Start<TStateMachine> at offset 60 in file:line:column E:\dotnet\ET-Branch_final\Unity\Assets\Model\Base\Async\AsyncETVoidMethodBuilder.cs:74:13
MoveNext at offset 506 in file:line:column E:\dotnet\ET-Branch_final\Server\Hotfix\Module\Demo\SessionPlayerComponentSystem.cs:16:4
SetException at offset 42 in file:line:column E:\dotnet\ET-Branch_final\Unity\Assets\Model\Base\Async\AsyncETVoidMethodBuilder.cs:27:13
Error at offset 102 in file:line:column E:\dotnet\ET-Branch_final\Server\Model\Base\Log.cs:31:4
Error at offset 53 in file:line:column E:\dotnet\ET-Branch_final\Server\Model\Base\Logger\NLogAdapter.cs:31:4

2021-11-17 14:43:16.1995 AllServer 0001 System.Exception: actor id is 0
   at ETHotfix.ActorLocationSenderComponent_Ex.Get(ActorLocationSenderComponent self, Int64 id) in E:\dotnet\ET-Branch_final\Server\Hotfix\Module\ActorLocation\ActorLocationSenderComponentSystem.cs:line 63
   at ETModel.ETTaskCompletionSource`1.ETModel.IAwaiter<T>.GetResult() in E:\dotnet\ET-Branch_final\Unity\Assets\Model\Base\Async\ETTaskCompletionSource.cs:line 171
   at ETModel.ETTask`1.get_Result() in E:\dotnet\ET-Branch_final\Unity\Assets\Model\Base\Async\ETTask.cs:line 168
   at ETModel.ETTask`1.Awaiter.GetResult() in E:\dotnet\ET-Branch_final\Unity\Assets\Model\Base\Async\ETTask.cs:line 254
   at ETHotfix.SessionPlayerComponentDestroySystem.DestroyAsync(SessionPlayerComponent self) in E:\dotnet\ET-Branch_final\Server\Hotfix\Module\Demo\SessionPlayerComponentSystem.cs:line 16 
 Dispose at offset 121 in file:line:column E:\dotnet\ET-Branch_final\Unity\Assets\Model\Base\Object\Component.cs:124:4
Destroy at offset 354 in file:line:column E:\dotnet\ET-Branch_final\Unity\Assets\Model\Base\Object\EventSystem.cs:471:6
Run at offset 95 in file:line:column E:\dotnet\ET-Branch_final\Unity\Assets\Model\Base\Object\IDestroySystem.cs:15:4
Destroy at offset 48 in file:line:column E:\dotnet\ET-Branch_final\Server\Hotfix\Module\Demo\SessionPlayerComponentSystem.cs:10:4
DestroyAsync at offset 173 in file:line:column <filename unknown>:0:0
Start<TStateMachine> at offset 60 in file:line:column E:\dotnet\ET-Branch_final\Unity\Assets\Model\Base\Async\AsyncETVoidMethodBuilder.cs:74:13
MoveNext at offset 506 in file:line:column E:\dotnet\ET-Branch_final\Server\Hotfix\Module\Demo\SessionPlayerComponentSystem.cs:16:4
SetException at offset 42 in file:line:column E:\dotnet\ET-Branch_final\Unity\Assets\Model\Base\Async\AsyncETVoidMethodBuilder.cs:27:13
Error at offset 102 in file:line:column E:\dotnet\ET-Branch_final\Server\Model\Base\Log.cs:31:4
Error at offset 53 in file:line:column E:\dotnet\ET-Branch_final\Server\Model\Base\Logger\NLogAdapter.cs:31:4

2021-11-17 14:47:14.3878 AllServer 0001 System.Exception: actor id is 0
   at ETHotfix.ActorLocationSenderComponent_Ex.Get(ActorLocationSenderComponent self, Int64 id) in E:\dotnet\ET-Branch_final\Server\Hotfix\Module\ActorLocation\ActorLocationSenderComponentSystem.cs:line 63
   at ETModel.ETTaskCompletionSource`1.ETModel.IAwaiter<T>.GetResult() in E:\dotnet\ET-Branch_final\Unity\Assets\Model\Base\Async\ETTaskCompletionSource.cs:line 171
   at ETModel.ETTask`1.get_Result() in E:\dotnet\ET-Branch_final\Unity\Assets\Model\Base\Async\ETTask.cs:line 168
   at ETModel.ETTask`1.Awaiter.GetResult() in E:\dotnet\ET-Branch_final\Unity\Assets\Model\Base\Async\ETTask.cs:line 254
   at ETHotfix.SessionPlayerComponentDestroySystem.DestroyAsync(SessionPlayerComponent self) in E:\dotnet\ET-Branch_final\Server\Hotfix\Module\Demo\SessionPlayerComponentSystem.cs:line 16 
 Dispose at offset 121 in file:line:column E:\dotnet\ET-Branch_final\Unity\Assets\Model\Base\Object\Component.cs:124:4
Destroy at offset 354 in file:line:column E:\dotnet\ET-Branch_final\Unity\Assets\Model\Base\Object\EventSystem.cs:471:6
Run at offset 95 in file:line:column E:\dotnet\ET-Branch_final\Unity\Assets\Model\Base\Object\IDestroySystem.cs:15:4
Destroy at offset 48 in file:line:column E:\dotnet\ET-Branch_final\Server\Hotfix\Module\Demo\SessionPlayerComponentSystem.cs:10:4
DestroyAsync at offset 173 in file:line:column <filename unknown>:0:0
Start<TStateMachine> at offset 60 in file:line:column E:\dotnet\ET-Branch_final\Unity\Assets\Model\Base\Async\AsyncETVoidMethodBuilder.cs:74:13
MoveNext at offset 506 in file:line:column E:\dotnet\ET-Branch_final\Server\Hotfix\Module\Demo\SessionPlayerComponentSystem.cs:16:4
SetException at offset 42 in file:line:column E:\dotnet\ET-Branch_final\Unity\Assets\Model\Base\Async\AsyncETVoidMethodBuilder.cs:27:13
Error at offset 102 in file:line:column E:\dotnet\ET-Branch_final\Server\Model\Base\Log.cs:31:4
Error at offset 53 in file:line:column E:\dotnet\ET-Branch_final\Server\Model\Base\Logger\NLogAdapter.cs:31:4

2021-11-17 14:47:27.1639 AllServer 0001 System.Exception: actor id is 0
   at ETHotfix.ActorLocationSenderComponent_Ex.Get(ActorLocationSenderComponent self, Int64 id) in E:\dotnet\ET-Branch_final\Server\Hotfix\Module\ActorLocation\ActorLocationSenderComponentSystem.cs:line 63
   at ETModel.ETTaskCompletionSource`1.ETModel.IAwaiter<T>.GetResult() in E:\dotnet\ET-Branch_final\Unity\Assets\Model\Base\Async\ETTaskCompletionSource.cs:line 171
   at ETModel.ETTask`1.get_Result() in E:\dotnet\ET-Branch_final\Unity\Assets\Model\Base\Async\ETTask.cs:line 168
   at ETModel.ETTask`1.Awaiter.GetResult() in E:\dotnet\ET-Branch_final\Unity\Assets\Model\Base\Async\ETTask.cs:line 254
   at ETHotfix.SessionPlayerComponentDestroySystem.DestroyAsync(SessionPlayerComponent self) in E:\dotnet\ET-Branch_final\Server\Hotfix\Module\Demo\SessionPlayerComponentSystem.cs:line 16 
 Dispose at offset 121 in file:line:column E:\dotnet\ET-Branch_final\Unity\Assets\Model\Base\Object\Component.cs:124:4
Destroy at offset 354 in file:line:column E:\dotnet\ET-Branch_final\Unity\Assets\Model\Base\Object\EventSystem.cs:471:6
Run at offset 95 in file:line:column E:\dotnet\ET-Branch_final\Unity\Assets\Model\Base\Object\IDestroySystem.cs:15:4
Destroy at offset 48 in file:line:column E:\dotnet\ET-Branch_final\Server\Hotfix\Module\Demo\SessionPlayerComponentSystem.cs:10:4
DestroyAsync at offset 173 in file:line:column <filename unknown>:0:0
Start<TStateMachine> at offset 60 in file:line:column E:\dotnet\ET-Branch_final\Unity\Assets\Model\Base\Async\AsyncETVoidMethodBuilder.cs:74:13
MoveNext at offset 506 in file:line:column E:\dotnet\ET-Branch_final\Server\Hotfix\Module\Demo\SessionPlayerComponentSystem.cs:16:4
SetException at offset 42 in file:line:column E:\dotnet\ET-Branch_final\Unity\Assets\Model\Base\Async\AsyncETVoidMethodBuilder.cs:27:13
Error at offset 102 in file:line:column E:\dotnet\ET-Branch_final\Server\Model\Base\Log.cs:31:4
Error at offset 53 in file:line:column E:\dotnet\ET-Branch_final\Server\Model\Base\Logger\NLogAdapter.cs:31:4

2021-11-17 14:53:43.2080 AllServer 0001 System.Exception: actor id is 0
   at ETHotfix.ActorLocationSenderComponent_Ex.Get(ActorLocationSenderComponent self, Int64 id) in E:\dotnet\ET-Branch_final\Server\Hotfix\Module\ActorLocation\ActorLocationSenderComponentSystem.cs:line 63
   at ETModel.ETTaskCompletionSource`1.ETModel.IAwaiter<T>.GetResult() in E:\dotnet\ET-Branch_final\Unity\Assets\Model\Base\Async\ETTaskCompletionSource.cs:line 171
   at ETModel.ETTask`1.get_Result() in E:\dotnet\ET-Branch_final\Unity\Assets\Model\Base\Async\ETTask.cs:line 168
   at ETModel.ETTask`1.Awaiter.GetResult() in E:\dotnet\ET-Branch_final\Unity\Assets\Model\Base\Async\ETTask.cs:line 254
   at ETHotfix.SessionPlayerComponentDestroySystem.DestroyAsync(SessionPlayerComponent self) in E:\dotnet\ET-Branch_final\Server\Hotfix\Module\Demo\SessionPlayerComponentSystem.cs:line 16 
 Dispose at offset 121 in file:line:column E:\dotnet\ET-Branch_final\Unity\Assets\Model\Base\Object\Component.cs:124:4
Destroy at offset 354 in file:line:column E:\dotnet\ET-Branch_final\Unity\Assets\Model\Base\Object\EventSystem.cs:471:6
Run at offset 95 in file:line:column E:\dotnet\ET-Branch_final\Unity\Assets\Model\Base\Object\IDestroySystem.cs:15:4
Destroy at offset 48 in file:line:column E:\dotnet\ET-Branch_final\Server\Hotfix\Module\Demo\SessionPlayerComponentSystem.cs:10:4
DestroyAsync at offset 173 in file:line:column <filename unknown>:0:0
Start<TStateMachine> at offset 60 in file:line:column E:\dotnet\ET-Branch_final\Unity\Assets\Model\Base\Async\AsyncETVoidMethodBuilder.cs:74:13
MoveNext at offset 506 in file:line:column E:\dotnet\ET-Branch_final\Server\Hotfix\Module\Demo\SessionPlayerComponentSystem.cs:16:4
SetException at offset 42 in file:line:column E:\dotnet\ET-Branch_final\Unity\Assets\Model\Base\Async\AsyncETVoidMethodBuilder.cs:27:13
Error at offset 102 in file:line:column E:\dotnet\ET-Branch_final\Server\Model\Base\Log.cs:31:4
Error at offset 53 in file:line:column E:\dotnet\ET-Branch_final\Server\Model\Base\Logger\NLogAdapter.cs:31:4

2021-11-17 14:53:46.4851 AllServer 0001 System.Exception: actor id is 0
   at ETHotfix.ActorLocationSenderComponent_Ex.Get(ActorLocationSenderComponent self, Int64 id) in E:\dotnet\ET-Branch_final\Server\Hotfix\Module\ActorLocation\ActorLocationSenderComponentSystem.cs:line 63
   at ETModel.ETTaskCompletionSource`1.ETModel.IAwaiter<T>.GetResult() in E:\dotnet\ET-Branch_final\Unity\Assets\Model\Base\Async\ETTaskCompletionSource.cs:line 171
   at ETModel.ETTask`1.get_Result() in E:\dotnet\ET-Branch_final\Unity\Assets\Model\Base\Async\ETTask.cs:line 168
   at ETModel.ETTask`1.Awaiter.GetResult() in E:\dotnet\ET-Branch_final\Unity\Assets\Model\Base\Async\ETTask.cs:line 254
   at ETHotfix.SessionPlayerComponentDestroySystem.DestroyAsync(SessionPlayerComponent self) in E:\dotnet\ET-Branch_final\Server\Hotfix\Module\Demo\SessionPlayerComponentSystem.cs:line 16 
 Dispose at offset 121 in file:line:column E:\dotnet\ET-Branch_final\Unity\Assets\Model\Base\Object\Component.cs:124:4
Destroy at offset 354 in file:line:column E:\dotnet\ET-Branch_final\Unity\Assets\Model\Base\Object\EventSystem.cs:471:6
Run at offset 95 in file:line:column E:\dotnet\ET-Branch_final\Unity\Assets\Model\Base\Object\IDestroySystem.cs:15:4
Destroy at offset 48 in file:line:column E:\dotnet\ET-Branch_final\Server\Hotfix\Module\Demo\SessionPlayerComponentSystem.cs:10:4
DestroyAsync at offset 173 in file:line:column <filename unknown>:0:0
Start<TStateMachine> at offset 60 in file:line:column E:\dotnet\ET-Branch_final\Unity\Assets\Model\Base\Async\AsyncETVoidMethodBuilder.cs:74:13
MoveNext at offset 506 in file:line:column E:\dotnet\ET-Branch_final\Server\Hotfix\Module\Demo\SessionPlayerComponentSystem.cs:16:4
SetException at offset 42 in file:line:column E:\dotnet\ET-Branch_final\Unity\Assets\Model\Base\Async\AsyncETVoidMethodBuilder.cs:27:13
Error at offset 102 in file:line:column E:\dotnet\ET-Branch_final\Server\Model\Base\Log.cs:31:4
Error at offset 53 in file:line:column E:\dotnet\ET-Branch_final\Server\Model\Base\Logger\NLogAdapter.cs:31:4

2021-11-17 14:55:22.0449 AllServer 0001 System.Exception: actor id is 0
   at ETHotfix.ActorLocationSenderComponent_Ex.Get(ActorLocationSenderComponent self, Int64 id) in E:\dotnet\ET-Branch_final\Server\Hotfix\Module\ActorLocation\ActorLocationSenderComponentSystem.cs:line 63
   at ETModel.ETTaskCompletionSource`1.ETModel.IAwaiter<T>.GetResult() in E:\dotnet\ET-Branch_final\Unity\Assets\Model\Base\Async\ETTaskCompletionSource.cs:line 171
   at ETModel.ETTask`1.get_Result() in E:\dotnet\ET-Branch_final\Unity\Assets\Model\Base\Async\ETTask.cs:line 168
   at ETModel.ETTask`1.Awaiter.GetResult() in E:\dotnet\ET-Branch_final\Unity\Assets\Model\Base\Async\ETTask.cs:line 254
   at ETHotfix.SessionPlayerComponentDestroySystem.DestroyAsync(SessionPlayerComponent self) in E:\dotnet\ET-Branch_final\Server\Hotfix\Module\Demo\SessionPlayerComponentSystem.cs:line 16 
 Dispose at offset 121 in file:line:column E:\dotnet\ET-Branch_final\Unity\Assets\Model\Base\Object\Component.cs:124:4
Destroy at offset 354 in file:line:column E:\dotnet\ET-Branch_final\Unity\Assets\Model\Base\Object\EventSystem.cs:471:6
Run at offset 95 in file:line:column E:\dotnet\ET-Branch_final\Unity\Assets\Model\Base\Object\IDestroySystem.cs:15:4
Destroy at offset 48 in file:line:column E:\dotnet\ET-Branch_final\Server\Hotfix\Module\Demo\SessionPlayerComponentSystem.cs:10:4
DestroyAsync at offset 173 in file:line:column <filename unknown>:0:0
Start<TStateMachine> at offset 60 in file:line:column E:\dotnet\ET-Branch_final\Unity\Assets\Model\Base\Async\AsyncETVoidMethodBuilder.cs:74:13
MoveNext at offset 506 in file:line:column E:\dotnet\ET-Branch_final\Server\Hotfix\Module\Demo\SessionPlayerComponentSystem.cs:16:4
SetException at offset 42 in file:line:column E:\dotnet\ET-Branch_final\Unity\Assets\Model\Base\Async\AsyncETVoidMethodBuilder.cs:27:13
Error at offset 102 in file:line:column E:\dotnet\ET-Branch_final\Server\Model\Base\Log.cs:31:4
Error at offset 53 in file:line:column E:\dotnet\ET-Branch_final\Server\Model\Base\Logger\NLogAdapter.cs:31:4

2021-11-17 14:55:24.6181 AllServer 0001 System.Exception: actor id is 0
   at ETHotfix.ActorLocationSenderComponent_Ex.Get(ActorLocationSenderComponent self, Int64 id) in E:\dotnet\ET-Branch_final\Server\Hotfix\Module\ActorLocation\ActorLocationSenderComponentSystem.cs:line 63
   at ETModel.ETTaskCompletionSource`1.ETModel.IAwaiter<T>.GetResult() in E:\dotnet\ET-Branch_final\Unity\Assets\Model\Base\Async\ETTaskCompletionSource.cs:line 171
   at ETModel.ETTask`1.get_Result() in E:\dotnet\ET-Branch_final\Unity\Assets\Model\Base\Async\ETTask.cs:line 168
   at ETModel.ETTask`1.Awaiter.GetResult() in E:\dotnet\ET-Branch_final\Unity\Assets\Model\Base\Async\ETTask.cs:line 254
   at ETHotfix.SessionPlayerComponentDestroySystem.DestroyAsync(SessionPlayerComponent self) in E:\dotnet\ET-Branch_final\Server\Hotfix\Module\Demo\SessionPlayerComponentSystem.cs:line 16 
 Dispose at offset 121 in file:line:column E:\dotnet\ET-Branch_final\Unity\Assets\Model\Base\Object\Component.cs:124:4
Destroy at offset 354 in file:line:column E:\dotnet\ET-Branch_final\Unity\Assets\Model\Base\Object\EventSystem.cs:471:6
Run at offset 95 in file:line:column E:\dotnet\ET-Branch_final\Unity\Assets\Model\Base\Object\IDestroySystem.cs:15:4
Destroy at offset 48 in file:line:column E:\dotnet\ET-Branch_final\Server\Hotfix\Module\Demo\SessionPlayerComponentSystem.cs:10:4
DestroyAsync at offset 173 in file:line:column <filename unknown>:0:0
Start<TStateMachine> at offset 60 in file:line:column E:\dotnet\ET-Branch_final\Unity\Assets\Model\Base\Async\AsyncETVoidMethodBuilder.cs:74:13
MoveNext at offset 506 in file:line:column E:\dotnet\ET-Branch_final\Server\Hotfix\Module\Demo\SessionPlayerComponentSystem.cs:16:4
SetException at offset 42 in file:line:column E:\dotnet\ET-Branch_final\Unity\Assets\Model\Base\Async\AsyncETVoidMethodBuilder.cs:27:13
Error at offset 102 in file:line:column E:\dotnet\ET-Branch_final\Server\Model\Base\Log.cs:31:4
Error at offset 53 in file:line:column E:\dotnet\ET-Branch_final\Server\Model\Base\Logger\NLogAdapter.cs:31:4

2021-11-17 15:00:45.7415 AllServer 0001 System.Exception: actor id is 0
   at ETHotfix.ActorLocationSenderComponent_Ex.Get(ActorLocationSenderComponent self, Int64 id) in E:\dotnet\ET-Branch_final\Server\Hotfix\Module\ActorLocation\ActorLocationSenderComponentSystem.cs:line 63
   at ETModel.ETTaskCompletionSource`1.ETModel.IAwaiter<T>.GetResult() in E:\dotnet\ET-Branch_final\Unity\Assets\Model\Base\Async\ETTaskCompletionSource.cs:line 171
   at ETModel.ETTask`1.get_Result() in E:\dotnet\ET-Branch_final\Unity\Assets\Model\Base\Async\ETTask.cs:line 168
   at ETModel.ETTask`1.Awaiter.GetResult() in E:\dotnet\ET-Branch_final\Unity\Assets\Model\Base\Async\ETTask.cs:line 254
   at ETHotfix.SessionPlayerComponentDestroySystem.DestroyAsync(SessionPlayerComponent self) in E:\dotnet\ET-Branch_final\Server\Hotfix\Module\Demo\SessionPlayerComponentSystem.cs:line 16 
 Dispose at offset 121 in file:line:column E:\dotnet\ET-Branch_final\Unity\Assets\Model\Base\Object\Component.cs:124:4
Destroy at offset 354 in file:line:column E:\dotnet\ET-Branch_final\Unity\Assets\Model\Base\Object\EventSystem.cs:471:6
Run at offset 95 in file:line:column E:\dotnet\ET-Branch_final\Unity\Assets\Model\Base\Object\IDestroySystem.cs:15:4
Destroy at offset 48 in file:line:column E:\dotnet\ET-Branch_final\Server\Hotfix\Module\Demo\SessionPlayerComponentSystem.cs:10:4
DestroyAsync at offset 173 in file:line:column <filename unknown>:0:0
Start<TStateMachine> at offset 60 in file:line:column E:\dotnet\ET-Branch_final\Unity\Assets\Model\Base\Async\AsyncETVoidMethodBuilder.cs:74:13
MoveNext at offset 506 in file:line:column E:\dotnet\ET-Branch_final\Server\Hotfix\Module\Demo\SessionPlayerComponentSystem.cs:16:4
SetException at offset 42 in file:line:column E:\dotnet\ET-Branch_final\Unity\Assets\Model\Base\Async\AsyncETVoidMethodBuilder.cs:27:13
Error at offset 102 in file:line:column E:\dotnet\ET-Branch_final\Server\Model\Base\Log.cs:31:4
Error at offset 53 in file:line:column E:\dotnet\ET-Branch_final\Server\Model\Base\Logger\NLogAdapter.cs:31:4

2021-11-17 15:02:14.4723 AllServer 0001 System.Exception: actor id is 0
   at ETHotfix.ActorLocationSenderComponent_Ex.Get(ActorLocationSenderComponent self, Int64 id) in E:\dotnet\ET-Branch_final\Server\Hotfix\Module\ActorLocation\ActorLocationSenderComponentSystem.cs:line 63
   at ETModel.ETTaskCompletionSource`1.ETModel.IAwaiter<T>.GetResult() in E:\dotnet\ET-Branch_final\Unity\Assets\Model\Base\Async\ETTaskCompletionSource.cs:line 171
   at ETModel.ETTask`1.get_Result() in E:\dotnet\ET-Branch_final\Unity\Assets\Model\Base\Async\ETTask.cs:line 168
   at ETModel.ETTask`1.Awaiter.GetResult() in E:\dotnet\ET-Branch_final\Unity\Assets\Model\Base\Async\ETTask.cs:line 254
   at ETHotfix.SessionPlayerComponentDestroySystem.DestroyAsync(SessionPlayerComponent self) in E:\dotnet\ET-Branch_final\Server\Hotfix\Module\Demo\SessionPlayerComponentSystem.cs:line 16 
 Dispose at offset 121 in file:line:column E:\dotnet\ET-Branch_final\Unity\Assets\Model\Base\Object\Component.cs:124:4
Destroy at offset 354 in file:line:column E:\dotnet\ET-Branch_final\Unity\Assets\Model\Base\Object\EventSystem.cs:471:6
Run at offset 95 in file:line:column E:\dotnet\ET-Branch_final\Unity\Assets\Model\Base\Object\IDestroySystem.cs:15:4
Destroy at offset 48 in file:line:column E:\dotnet\ET-Branch_final\Server\Hotfix\Module\Demo\SessionPlayerComponentSystem.cs:10:4
DestroyAsync at offset 173 in file:line:column <filename unknown>:0:0
Start<TStateMachine> at offset 60 in file:line:column E:\dotnet\ET-Branch_final\Unity\Assets\Model\Base\Async\AsyncETVoidMethodBuilder.cs:74:13
MoveNext at offset 506 in file:line:column E:\dotnet\ET-Branch_final\Server\Hotfix\Module\Demo\SessionPlayerComponentSystem.cs:16:4
SetException at offset 42 in file:line:column E:\dotnet\ET-Branch_final\Unity\Assets\Model\Base\Async\AsyncETVoidMethodBuilder.cs:27:13
Error at offset 102 in file:line:column E:\dotnet\ET-Branch_final\Server\Model\Base\Log.cs:31:4
Error at offset 53 in file:line:column E:\dotnet\ET-Branch_final\Server\Model\Base\Logger\NLogAdapter.cs:31:4

2021-11-17 15:02:16.8959 AllServer 0001 System.Exception: actor id is 0
   at ETHotfix.ActorLocationSenderComponent_Ex.Get(ActorLocationSenderComponent self, Int64 id) in E:\dotnet\ET-Branch_final\Server\Hotfix\Module\ActorLocation\ActorLocationSenderComponentSystem.cs:line 63
   at ETModel.ETTaskCompletionSource`1.ETModel.IAwaiter<T>.GetResult() in E:\dotnet\ET-Branch_final\Unity\Assets\Model\Base\Async\ETTaskCompletionSource.cs:line 171
   at ETModel.ETTask`1.get_Result() in E:\dotnet\ET-Branch_final\Unity\Assets\Model\Base\Async\ETTask.cs:line 168
   at ETModel.ETTask`1.Awaiter.GetResult() in E:\dotnet\ET-Branch_final\Unity\Assets\Model\Base\Async\ETTask.cs:line 254
   at ETHotfix.SessionPlayerComponentDestroySystem.DestroyAsync(SessionPlayerComponent self) in E:\dotnet\ET-Branch_final\Server\Hotfix\Module\Demo\SessionPlayerComponentSystem.cs:line 16 
 Dispose at offset 121 in file:line:column E:\dotnet\ET-Branch_final\Unity\Assets\Model\Base\Object\Component.cs:124:4
Destroy at offset 354 in file:line:column E:\dotnet\ET-Branch_final\Unity\Assets\Model\Base\Object\EventSystem.cs:471:6
Run at offset 95 in file:line:column E:\dotnet\ET-Branch_final\Unity\Assets\Model\Base\Object\IDestroySystem.cs:15:4
Destroy at offset 48 in file:line:column E:\dotnet\ET-Branch_final\Server\Hotfix\Module\Demo\SessionPlayerComponentSystem.cs:10:4
DestroyAsync at offset 173 in file:line:column <filename unknown>:0:0
Start<TStateMachine> at offset 60 in file:line:column E:\dotnet\ET-Branch_final\Unity\Assets\Model\Base\Async\AsyncETVoidMethodBuilder.cs:74:13
MoveNext at offset 506 in file:line:column E:\dotnet\ET-Branch_final\Server\Hotfix\Module\Demo\SessionPlayerComponentSystem.cs:16:4
SetException at offset 42 in file:line:column E:\dotnet\ET-Branch_final\Unity\Assets\Model\Base\Async\AsyncETVoidMethodBuilder.cs:27:13
Error at offset 102 in file:line:column E:\dotnet\ET-Branch_final\Server\Model\Base\Log.cs:31:4
Error at offset 53 in file:line:column E:\dotnet\ET-Branch_final\Server\Model\Base\Logger\NLogAdapter.cs:31:4

2021-11-17 15:16:10.6113 AllServer 0001 System.Exception: actor id is 0
   at ETHotfix.ActorLocationSenderComponent_Ex.Get(ActorLocationSenderComponent self, Int64 id) in E:\dotnet\ET-Branch_final\Server\Hotfix\Module\ActorLocation\ActorLocationSenderComponentSystem.cs:line 63
   at ETModel.ETTaskCompletionSource`1.ETModel.IAwaiter<T>.GetResult() in E:\dotnet\ET-Branch_final\Unity\Assets\Model\Base\Async\ETTaskCompletionSource.cs:line 171
   at ETModel.ETTask`1.get_Result() in E:\dotnet\ET-Branch_final\Unity\Assets\Model\Base\Async\ETTask.cs:line 168
   at ETModel.ETTask`1.Awaiter.GetResult() in E:\dotnet\ET-Branch_final\Unity\Assets\Model\Base\Async\ETTask.cs:line 254
   at ETHotfix.SessionPlayerComponentDestroySystem.DestroyAsync(SessionPlayerComponent self) in E:\dotnet\ET-Branch_final\Server\Hotfix\Module\Demo\SessionPlayerComponentSystem.cs:line 16 
 Dispose at offset 121 in file:line:column E:\dotnet\ET-Branch_final\Unity\Assets\Model\Base\Object\Component.cs:124:4
Destroy at offset 354 in file:line:column E:\dotnet\ET-Branch_final\Unity\Assets\Model\Base\Object\EventSystem.cs:471:6
Run at offset 95 in file:line:column E:\dotnet\ET-Branch_final\Unity\Assets\Model\Base\Object\IDestroySystem.cs:15:4
Destroy at offset 48 in file:line:column E:\dotnet\ET-Branch_final\Server\Hotfix\Module\Demo\SessionPlayerComponentSystem.cs:10:4
DestroyAsync at offset 173 in file:line:column <filename unknown>:0:0
Start<TStateMachine> at offset 60 in file:line:column E:\dotnet\ET-Branch_final\Unity\Assets\Model\Base\Async\AsyncETVoidMethodBuilder.cs:74:13
MoveNext at offset 506 in file:line:column E:\dotnet\ET-Branch_final\Server\Hotfix\Module\Demo\SessionPlayerComponentSystem.cs:16:4
SetException at offset 42 in file:line:column E:\dotnet\ET-Branch_final\Unity\Assets\Model\Base\Async\AsyncETVoidMethodBuilder.cs:27:13
Error at offset 102 in file:line:column E:\dotnet\ET-Branch_final\Server\Model\Base\Log.cs:31:4
Error at offset 53 in file:line:column E:\dotnet\ET-Branch_final\Server\Model\Base\Logger\NLogAdapter.cs:31:4

2021-11-17 15:16:22.1618 AllServer 0001 System.Exception: actor id is 0
   at ETHotfix.ActorLocationSenderComponent_Ex.Get(ActorLocationSenderComponent self, Int64 id) in E:\dotnet\ET-Branch_final\Server\Hotfix\Module\ActorLocation\ActorLocationSenderComponentSystem.cs:line 63
   at ETModel.ETTaskCompletionSource`1.ETModel.IAwaiter<T>.GetResult() in E:\dotnet\ET-Branch_final\Unity\Assets\Model\Base\Async\ETTaskCompletionSource.cs:line 171
   at ETModel.ETTask`1.get_Result() in E:\dotnet\ET-Branch_final\Unity\Assets\Model\Base\Async\ETTask.cs:line 168
   at ETModel.ETTask`1.Awaiter.GetResult() in E:\dotnet\ET-Branch_final\Unity\Assets\Model\Base\Async\ETTask.cs:line 254
   at ETHotfix.SessionPlayerComponentDestroySystem.DestroyAsync(SessionPlayerComponent self) in E:\dotnet\ET-Branch_final\Server\Hotfix\Module\Demo\SessionPlayerComponentSystem.cs:line 16 
 Dispose at offset 121 in file:line:column E:\dotnet\ET-Branch_final\Unity\Assets\Model\Base\Object\Component.cs:124:4
Destroy at offset 354 in file:line:column E:\dotnet\ET-Branch_final\Unity\Assets\Model\Base\Object\EventSystem.cs:471:6
Run at offset 95 in file:line:column E:\dotnet\ET-Branch_final\Unity\Assets\Model\Base\Object\IDestroySystem.cs:15:4
Destroy at offset 48 in file:line:column E:\dotnet\ET-Branch_final\Server\Hotfix\Module\Demo\SessionPlayerComponentSystem.cs:10:4
DestroyAsync at offset 173 in file:line:column <filename unknown>:0:0
Start<TStateMachine> at offset 60 in file:line:column E:\dotnet\ET-Branch_final\Unity\Assets\Model\Base\Async\AsyncETVoidMethodBuilder.cs:74:13
MoveNext at offset 506 in file:line:column E:\dotnet\ET-Branch_final\Server\Hotfix\Module\Demo\SessionPlayerComponentSystem.cs:16:4
SetException at offset 42 in file:line:column E:\dotnet\ET-Branch_final\Unity\Assets\Model\Base\Async\AsyncETVoidMethodBuilder.cs:27:13
Error at offset 102 in file:line:column E:\dotnet\ET-Branch_final\Server\Model\Base\Log.cs:31:4
Error at offset 53 in file:line:column E:\dotnet\ET-Branch_final\Server\Model\Base\Logger\NLogAdapter.cs:31:4

