2021-11-05 18:02:32.5594 AllServer 0001 (Session.cs:150) { "_t" : "C2R_TestRequest", "RpcId" : 1, "Message" : "just testing " }
2021-11-05 18:02:32.5773 AllServer 0001 (Session.cs:297) { "_t" : "R2G_GetLoginKey", "RpcId" : 1, "Account" : "just testing " }
2021-11-05 18:02:32.5925 AllServer 0001 (Session.cs:150) { "_t" : "R2G_GetLoginKey", "RpcId" : 1, "Account" : "just testing " }
2021-11-05 18:02:32.5977 AllServer 0001 (Session.cs:297) { "_t" : "G2R_GetLoginKey", "RpcId" : 1, "Error" : 0, "Message" : null, "Key" : NumberLong("-8955807871205954438") }
2021-11-05 18:02:32.5977 AllServer 0001 (Session.cs:150) { "_t" : "G2R_GetLoginKey", "RpcId" : 1, "Error" : 0, "Message" : null, "Key" : NumberLong("-8955807871205954438") }
2021-11-05 18:02:32.5977 AllServer 0001 (Session.cs:297) { "_t" : "G2C_TestHotfixMessage", "Info" : "recv hotfix message success" }
2021-11-05 18:02:32.6091 AllServer 0001 (Session.cs:297) { "_t" : "R2C_TestResponse", "RpcId" : 1, "Error" : 0, "Message" : "We have received the message! just testing  is sent", "Address" : "127.0.0.1:10002", "Key" : NumberLong("-8955807871205954438") }
2021-11-05 18:02:32.6587 AllServer 0001 (Session.cs:150) { "_t" : "C2G_LoginGate", "RpcId" : 2, "Key" : NumberLong("-8955807871205954438") }
2021-11-05 18:02:32.6587 AllServer 0001 (Session.cs:297) { "_t" : "G2C_LoginGate", "RpcId" : 2, "Error" : 0, "Message" : "", "PlayerId" : NumberLong(17039361) }
2021-11-05 18:02:32.6587 AllServer 0001 (Session.cs:297) { "_t" : "G2C_TestHotfixMessage", "Info" : "recv hotfix message success" }
2021-11-05 18:02:44.2063 AllServer 0001 (Session.cs:150) { "_t" : "C2R_TestRequest", "RpcId" : 3, "Message" : "just testing " }
2021-11-05 18:02:44.2063 AllServer 0001 (Session.cs:297) { "_t" : "R2G_GetLoginKey", "RpcId" : 2, "Account" : "just testing " }
2021-11-05 18:02:44.2063 AllServer 0001 (Session.cs:150) { "_t" : "R2G_GetLoginKey", "RpcId" : 2, "Account" : "just testing " }
2021-11-05 18:02:44.2063 AllServer 0001 (Session.cs:297) { "_t" : "G2R_GetLoginKey", "RpcId" : 2, "Error" : 0, "Message" : null, "Key" : NumberLong("8812290330244391024") }
2021-11-05 18:02:44.2063 AllServer 0001 (Session.cs:150) { "_t" : "G2R_GetLoginKey", "RpcId" : 2, "Error" : 0, "Message" : null, "Key" : NumberLong("8812290330244391024") }
2021-11-05 18:02:44.2063 AllServer 0001 (Session.cs:297) { "_t" : "G2C_TestHotfixMessage", "Info" : "recv hotfix message success" }
2021-11-05 18:02:44.2063 AllServer 0001 (Session.cs:297) { "_t" : "R2C_TestResponse", "RpcId" : 3, "Error" : 0, "Message" : "We have received the message! just testing  is sent", "Address" : "127.0.0.1:10002", "Key" : NumberLong("8812290330244391024") }
2021-11-05 19:20:32.8396 AllServer 0001 (Session.cs:150) { "_t" : "C2R_TestRequest", "RpcId" : 1, "Message" : "just testing " }
2021-11-05 19:20:32.8854 AllServer 0001 (Session.cs:297) { "_t" : "R2G_GetLoginKey", "RpcId" : 1, "Account" : "just testing " }
2021-11-05 19:20:32.8993 AllServer 0001 (Session.cs:150) { "_t" : "R2G_GetLoginKey", "RpcId" : 1, "Account" : "just testing " }
2021-11-05 19:20:32.8993 AllServer 0001 (Session.cs:297) { "_t" : "G2R_GetLoginKey", "RpcId" : 1, "Error" : 0, "Message" : null, "Key" : NumberLong("-2642037600876754276") }
2021-11-05 19:20:32.8993 AllServer 0001 (Session.cs:150) { "_t" : "G2R_GetLoginKey", "RpcId" : 1, "Error" : 0, "Message" : null, "Key" : NumberLong("-2642037600876754276") }
2021-11-05 19:20:32.9090 AllServer 0001 (Session.cs:297) { "_t" : "G2C_TestHotfixMessage", "Info" : "recv hotfix message success" }
2021-11-05 19:20:32.9090 AllServer 0001 (Session.cs:297) { "_t" : "R2C_TestResponse", "RpcId" : 1, "Error" : 0, "Message" : "We have received the message! just testing  is sent", "Address" : "127.0.0.1:10002", "Key" : NumberLong("-2642037600876754276") }
2021-11-05 19:20:32.9598 AllServer 0001 (Session.cs:150) { "_t" : "C2G_LoginGate", "RpcId" : 2, "Key" : NumberLong("-2642037600876754276") }
2021-11-05 19:20:32.9598 AllServer 0001 (Session.cs:297) { "_t" : "G2C_LoginGate", "RpcId" : 2, "Error" : 0, "Message" : "", "PlayerId" : NumberLong(17039361) }
2021-11-05 19:20:32.9598 AllServer 0001 (Session.cs:297) { "_t" : "G2C_TestHotfixMessage", "Info" : "recv hotfix message success" }
2021-11-05 19:22:18.8774 AllServer 0001 (Session.cs:150) { "_t" : "C2R_TestRequest", "RpcId" : 1, "Message" : "just testing " }
2021-11-05 19:22:18.8774 AllServer 0001 (Session.cs:297) { "_t" : "R2G_GetLoginKey", "RpcId" : 2, "Account" : "just testing " }
2021-11-05 19:22:18.8774 AllServer 0001 (Session.cs:150) { "_t" : "R2G_GetLoginKey", "RpcId" : 2, "Account" : "just testing " }
2021-11-05 19:22:18.8774 AllServer 0001 (Session.cs:297) { "_t" : "G2R_GetLoginKey", "RpcId" : 2, "Error" : 0, "Message" : null, "Key" : NumberLong("9160719072765367665") }
2021-11-05 19:22:18.8774 AllServer 0001 (Session.cs:150) { "_t" : "G2R_GetLoginKey", "RpcId" : 2, "Error" : 0, "Message" : null, "Key" : NumberLong("9160719072765367665") }
2021-11-05 19:22:18.8774 AllServer 0001 (Session.cs:297) { "_t" : "G2C_TestHotfixMessage", "Info" : "recv hotfix message success" }
2021-11-05 19:22:18.8774 AllServer 0001 (Session.cs:297) { "_t" : "R2C_TestResponse", "RpcId" : 1, "Error" : 0, "Message" : "We have received the message! just testing  is sent", "Address" : "127.0.0.1:10002", "Key" : NumberLong("9160719072765367665") }
2021-11-05 19:22:18.9372 AllServer 0001 (Session.cs:150) { "_t" : "C2G_LoginGate", "RpcId" : 2, "Key" : NumberLong("9160719072765367665") }
2021-11-05 19:22:18.9383 AllServer 0001 (Session.cs:297) { "_t" : "G2C_LoginGate", "RpcId" : 2, "Error" : 0, "Message" : "", "PlayerId" : NumberLong(20709377) }
2021-11-05 19:22:18.9383 AllServer 0001 (Session.cs:297) { "_t" : "G2C_TestHotfixMessage", "Info" : "recv hotfix message success" }
2021-11-05 19:23:52.0653 AllServer 0001 (Session.cs:150) { "_t" : "C2R_TestRequest", "RpcId" : 1, "Message" : "just testing " }
2021-11-05 19:23:52.0653 AllServer 0001 (Session.cs:297) { "_t" : "R2G_GetLoginKey", "RpcId" : 3, "Account" : "just testing " }
2021-11-05 19:23:52.0653 AllServer 0001 (Session.cs:150) { "_t" : "R2G_GetLoginKey", "RpcId" : 3, "Account" : "just testing " }
2021-11-05 19:23:52.0653 AllServer 0001 (Session.cs:297) { "_t" : "G2R_GetLoginKey", "RpcId" : 3, "Error" : 0, "Message" : null, "Key" : NumberLong("-5780160848784742807") }
2021-11-05 19:23:52.0653 AllServer 0001 (Session.cs:150) { "_t" : "G2R_GetLoginKey", "RpcId" : 3, "Error" : 0, "Message" : null, "Key" : NumberLong("-5780160848784742807") }
2021-11-05 19:23:52.0653 AllServer 0001 (Session.cs:297) { "_t" : "G2C_TestHotfixMessage", "Info" : "recv hotfix message success" }
2021-11-05 19:23:52.0653 AllServer 0001 (Session.cs:297) { "_t" : "R2C_TestResponse", "RpcId" : 1, "Error" : 0, "Message" : "We have received the message! just testing  is sent", "Address" : "127.0.0.1:10002", "Key" : NumberLong("-5780160848784742807") }
2021-11-05 19:23:52.1113 AllServer 0001 (Session.cs:150) { "_t" : "C2G_LoginGate", "RpcId" : 2, "Key" : NumberLong("-5780160848784742807") }
2021-11-05 19:23:52.1113 AllServer 0001 (Session.cs:297) { "_t" : "G2C_LoginGate", "RpcId" : 2, "Error" : 0, "Message" : "", "PlayerId" : NumberLong(24117249) }
2021-11-05 19:23:52.1113 AllServer 0001 (Session.cs:297) { "_t" : "G2C_TestHotfixMessage", "Info" : "recv hotfix message success" }
2021-11-05 19:29:53.7521 AllServer 0001 (Session.cs:150) { "_t" : "C2R_TestRequest", "RpcId" : 1, "Message" : "just testing " }
2021-11-05 19:29:53.7521 AllServer 0001 (Session.cs:297) { "_t" : "R2G_GetLoginKey", "RpcId" : 1, "Account" : "just testing " }
2021-11-05 19:29:53.7773 AllServer 0001 (Session.cs:150) { "_t" : "R2G_GetLoginKey", "RpcId" : 1, "Account" : "just testing " }
2021-11-05 19:29:53.7814 AllServer 0001 (Session.cs:297) { "_t" : "G2R_GetLoginKey", "RpcId" : 1, "Error" : 0, "Message" : null, "Key" : NumberLong("4036153713694672318") }
2021-11-05 19:29:53.7814 AllServer 0001 (Session.cs:150) { "_t" : "G2R_GetLoginKey", "RpcId" : 1, "Error" : 0, "Message" : null, "Key" : NumberLong("4036153713694672318") }
2021-11-05 19:29:53.7814 AllServer 0001 (Session.cs:297) { "_t" : "G2C_TestHotfixMessage", "Info" : "recv hotfix message success" }
2021-11-05 19:29:53.7814 AllServer 0001 (Session.cs:297) { "_t" : "R2C_TestResponse", "RpcId" : 1, "Error" : 0, "Message" : "We have received the message! just testing  is sent", "Address" : "127.0.0.1:10002", "Key" : NumberLong("4036153713694672318") }
2021-11-05 19:29:53.8447 AllServer 0001 (Session.cs:150) { "_t" : "C2G_LoginGate", "RpcId" : 2, "Key" : NumberLong("4036153713694672318") }
2021-11-05 19:29:53.8447 AllServer 0001 (Session.cs:297) { "_t" : "G2C_LoginGate", "RpcId" : 2, "Error" : 0, "Message" : "", "PlayerId" : NumberLong(17039361) }
2021-11-05 19:29:53.8447 AllServer 0001 (Session.cs:297) { "_t" : "G2C_TestHotfixMessage", "Info" : "recv hotfix message success" }
2021-11-05 19:30:14.1555 AllServer 0001 (Session.cs:150) { "_t" : "C2R_TestHelloMsg", "SayMessage" : "if received it means im ready" }
2021-11-05 20:53:59.2649 AllServer 0001 (Session.cs:150) { "_t" : "C2R_TestRequest", "RpcId" : 1, "Message" : "just testing " }
2021-11-05 20:53:59.2791 AllServer 0001 (Session.cs:297) { "_t" : "R2G_GetLoginKey", "RpcId" : 1, "Account" : "just testing " }
2021-11-05 20:53:59.2914 AllServer 0001 (Session.cs:150) { "_t" : "R2G_GetLoginKey", "RpcId" : 1, "Account" : "just testing " }
2021-11-05 20:53:59.2964 AllServer 0001 (Session.cs:297) { "_t" : "G2R_GetLoginKey", "RpcId" : 1, "Error" : 0, "Message" : null, "Key" : NumberLong("7093758063115812146") }
2021-11-05 20:53:59.2964 AllServer 0001 (Session.cs:150) { "_t" : "G2R_GetLoginKey", "RpcId" : 1, "Error" : 0, "Message" : null, "Key" : NumberLong("7093758063115812146") }
2021-11-05 20:53:59.2964 AllServer 0001 (Session.cs:297) { "_t" : "G2C_TestHotfixMessage", "Info" : "recv hotfix message success" }
2021-11-05 20:53:59.2964 AllServer 0001 (Session.cs:297) { "_t" : "R2C_TestResponse", "RpcId" : 1, "Error" : 0, "Message" : "We have received the message! just testing  is sent", "Address" : "127.0.0.1:10002", "Key" : NumberLong("7093758063115812146") }
2021-11-05 20:53:59.3725 AllServer 0001 (Session.cs:150) { "_t" : "C2G_LoginGate", "RpcId" : 2, "Key" : NumberLong("7093758063115812146") }
2021-11-05 20:53:59.3763 AllServer 0001 (Session.cs:297) { "_t" : "G2C_LoginGate", "RpcId" : 2, "Error" : 0, "Message" : "", "PlayerId" : NumberLong(17039361) }
2021-11-05 20:53:59.3763 AllServer 0001 (Session.cs:297) { "_t" : "G2C_TestHotfixMessage", "Info" : "recv hotfix message success" }
2021-11-05 20:54:03.9695 AllServer 0001 (Session.cs:150) { "_t" : "C2R_TestHelloMsg", "SayMessage" : "if received it means im ready" }
2021-11-05 20:59:58.5858 AllServer 0001 (Session.cs:150) { "_t" : "C2R_TestRequest", "RpcId" : 1, "Message" : "just testing " }
2021-11-05 20:59:58.5989 AllServer 0001 (Session.cs:297) { "_t" : "R2G_GetLoginKey", "RpcId" : 1, "Account" : "just testing " }
2021-11-05 20:59:58.6120 AllServer 0001 (Session.cs:150) { "_t" : "R2G_GetLoginKey", "RpcId" : 1, "Account" : "just testing " }
2021-11-05 20:59:58.6120 AllServer 0001 (Session.cs:297) { "_t" : "G2R_GetLoginKey", "RpcId" : 1, "Error" : 0, "Message" : null, "Key" : NumberLong("1515246441968186284") }
2021-11-05 20:59:58.6120 AllServer 0001 (Session.cs:150) { "_t" : "G2R_GetLoginKey", "RpcId" : 1, "Error" : 0, "Message" : null, "Key" : NumberLong("1515246441968186284") }
2021-11-05 20:59:58.6120 AllServer 0001 (Session.cs:297) { "_t" : "G2C_TestHotfixMessage", "Info" : "recv hotfix message success" }
2021-11-05 20:59:58.6262 AllServer 0001 (Session.cs:297) { "_t" : "R2C_TestResponse", "RpcId" : 1, "Error" : 0, "Message" : "We have received the message! just testing  is sent", "Address" : "127.0.0.1:10002", "Key" : NumberLong("1515246441968186284") }
2021-11-05 20:59:58.6788 AllServer 0001 (Session.cs:150) { "_t" : "C2G_LoginGate", "RpcId" : 2, "Key" : NumberLong("1515246441968186284") }
2021-11-05 20:59:58.6788 AllServer 0001 (Session.cs:297) { "_t" : "G2C_LoginGate", "RpcId" : 2, "Error" : 0, "Message" : "", "PlayerId" : NumberLong(17039361) }
2021-11-05 20:59:58.6788 AllServer 0001 (Session.cs:297) { "_t" : "G2C_TestHotfixMessage", "Info" : "recv hotfix message success" }
2021-11-05 21:00:03.2040 AllServer 0001 (Session.cs:150) { "_t" : "C2R_TestHelloMsg", "SayMessage" : "if received it means im ready" }
2021-11-05 21:02:23.5494 AllServer 0001 (Session.cs:150) { "_t" : "C2R_TestRequest", "RpcId" : 1, "Message" : "just testing " }
2021-11-05 21:02:23.5494 AllServer 0001 (Session.cs:297) { "_t" : "R2G_GetLoginKey", "RpcId" : 1, "Account" : "just testing " }
2021-11-05 21:02:23.5746 AllServer 0001 (Session.cs:150) { "_t" : "R2G_GetLoginKey", "RpcId" : 1, "Account" : "just testing " }
2021-11-05 21:02:23.5797 AllServer 0001 (Session.cs:297) { "_t" : "G2R_GetLoginKey", "RpcId" : 1, "Error" : 0, "Message" : null, "Key" : NumberLong("-4303181554975301584") }
2021-11-05 21:02:23.5797 AllServer 0001 (Session.cs:150) { "_t" : "G2R_GetLoginKey", "RpcId" : 1, "Error" : 0, "Message" : null, "Key" : NumberLong("-4303181554975301584") }
2021-11-05 21:02:23.5797 AllServer 0001 (Session.cs:297) { "_t" : "G2C_TestHotfixMessage", "Info" : "recv hotfix message success" }
2021-11-05 21:02:23.5797 AllServer 0001 (Session.cs:297) { "_t" : "R2C_TestResponse", "RpcId" : 1, "Error" : 0, "Message" : "We have received the message! just testing  is sent", "Address" : "127.0.0.1:10002", "Key" : NumberLong("-4303181554975301584") }
2021-11-05 21:02:23.5797 AllServer 0001 (Session.cs:297) { "_t" : "R2G_GetLoginKey", "RpcId" : 2, "Account" : "test" }
2021-11-05 21:02:23.5797 AllServer 0001 (Session.cs:150) { "_t" : "R2G_GetLoginKey", "RpcId" : 2, "Account" : "test" }
2021-11-05 21:02:23.5797 AllServer 0001 (Session.cs:297) { "_t" : "G2R_GetLoginKey", "RpcId" : 2, "Error" : 0, "Message" : null, "Key" : NumberLong("-5297297450171365946") }
2021-11-05 21:02:23.5935 AllServer 0001 (Session.cs:150) { "_t" : "G2R_GetLoginKey", "RpcId" : 2, "Error" : 0, "Message" : null, "Key" : NumberLong("-5297297450171365946") }
2021-11-05 21:02:23.5935 AllServer 0001 (Session.cs:297) { "_t" : "R2C_TestResponse", "RpcId" : 1, "Error" : 0, "Message" : "-5297297450171365946", "Address" : "", "Key" : NumberLong(0) }
2021-11-05 21:02:23.6737 AllServer 0001 (Session.cs:150) { "_t" : "C2G_LoginGate", "RpcId" : 2, "Key" : NumberLong("-4303181554975301584") }
2021-11-05 21:02:23.6737 AllServer 0001 (Session.cs:297) { "_t" : "G2C_LoginGate", "RpcId" : 2, "Error" : 0, "Message" : "", "PlayerId" : NumberLong(17039361) }
2021-11-05 21:02:23.6737 AllServer 0001 (Session.cs:297) { "_t" : "G2C_TestHotfixMessage", "Info" : "recv hotfix message success" }
2021-11-05 21:02:26.6148 AllServer 0001 (Session.cs:150) { "_t" : "C2R_TestHelloMsg", "SayMessage" : "if received it means im ready" }
2021-11-05 21:02:38.3682 AllServer 0001 (TestWaitingHandler.cs:14) if received it means im ready
2021-11-05 21:02:38.3682 AllServer 0001 (Session.cs:297) { "_t" : "M2M_TestGetReadyRequest", "RpcId" : 3 }
2021-11-05 21:02:38.3682 AllServer 0001 (Session.cs:150) { "_t" : "M2M_TestGetReadyRequest", "RpcId" : 3 }
2021-11-05 21:02:42.8052 AllServer 0001 (Session.cs:297) { "_t" : "M2M_TestGetReadyResponse", "RpcId" : 3, "Error" : 0, "Message" : "AllReady" }
2021-11-05 21:02:42.8052 AllServer 0001 (Session.cs:150) { "_t" : "M2M_TestGetReadyResponse", "RpcId" : 3, "Error" : 0, "Message" : "AllReady" }
2021-11-05 21:02:42.8052 AllServer 0001 (TestWaitingHandler.cs:22) AllReady
2021-11-05 21:02:42.8052 AllServer 0001 (Session.cs:297) { "_t" : "G2C_TestHotfixMessage", "Info" : "AllReady recv hotfix message success" }
