2021-11-13 20:57:22.0621 AllServer 0001 System.Exception: actor id is 0
   at ETHotfix.ActorLocationSenderComponent_Ex.Get(ActorLocationSenderComponent self, Int64 id) in E:\dotnet\ET-Branch_opst\Server\Hotfix\Module\ActorLocation\ActorLocationSenderComponentSystem.cs:line 63
   at ETModel.ETTaskCompletionSource`1.ETModel.IAwaiter<T>.GetResult() in E:\dotnet\ET-Branch_opst\Unity\Assets\Model\Base\Async\ETTaskCompletionSource.cs:line 171
   at ETModel.ETTask`1.get_Result() in E:\dotnet\ET-Branch_opst\Unity\Assets\Model\Base\Async\ETTask.cs:line 168
   at ETModel.ETTask`1.Awaiter.GetResult() in E:\dotnet\ET-Branch_opst\Unity\Assets\Model\Base\Async\ETTask.cs:line 254
   at ETHotfix.SessionPlayerComponentDestroySystem.DestroyAsync(SessionPlayerComponent self) in E:\dotnet\ET-Branch_opst\Server\Hotfix\Module\Demo\SessionPlayerComponentSystem.cs:line 16 
 Dispose at offset 121 in file:line:column E:\dotnet\ET-Branch_opst\Unity\Assets\Model\Base\Object\Component.cs:124:4
Destroy at offset 354 in file:line:column E:\dotnet\ET-Branch_opst\Unity\Assets\Model\Base\Object\EventSystem.cs:471:6
Run at offset 95 in file:line:column E:\dotnet\ET-Branch_opst\Unity\Assets\Model\Base\Object\IDestroySystem.cs:15:4
Destroy at offset 48 in file:line:column E:\dotnet\ET-Branch_opst\Server\Hotfix\Module\Demo\SessionPlayerComponentSystem.cs:10:4
DestroyAsync at offset 173 in file:line:column <filename unknown>:0:0
Start<TStateMachine> at offset 60 in file:line:column E:\dotnet\ET-Branch_opst\Unity\Assets\Model\Base\Async\AsyncETVoidMethodBuilder.cs:74:13
MoveNext at offset 506 in file:line:column E:\dotnet\ET-Branch_opst\Server\Hotfix\Module\Demo\SessionPlayerComponentSystem.cs:16:4
SetException at offset 42 in file:line:column E:\dotnet\ET-Branch_opst\Unity\Assets\Model\Base\Async\AsyncETVoidMethodBuilder.cs:27:13
Error at offset 102 in file:line:column E:\dotnet\ET-Branch_opst\Server\Model\Base\Log.cs:31:4
Error at offset 53 in file:line:column E:\dotnet\ET-Branch_opst\Server\Model\Base\Logger\NLogAdapter.cs:31:4

2021-11-13 21:00:27.6067 AllServer 0001 System.Exception: actor id is 0
   at ETHotfix.ActorLocationSenderComponent_Ex.Get(ActorLocationSenderComponent self, Int64 id) in E:\dotnet\ET-Branch_opst\Server\Hotfix\Module\ActorLocation\ActorLocationSenderComponentSystem.cs:line 63
   at ETModel.ETTaskCompletionSource`1.ETModel.IAwaiter<T>.GetResult() in E:\dotnet\ET-Branch_opst\Unity\Assets\Model\Base\Async\ETTaskCompletionSource.cs:line 171
   at ETModel.ETTask`1.get_Result() in E:\dotnet\ET-Branch_opst\Unity\Assets\Model\Base\Async\ETTask.cs:line 168
   at ETModel.ETTask`1.Awaiter.GetResult() in E:\dotnet\ET-Branch_opst\Unity\Assets\Model\Base\Async\ETTask.cs:line 254
   at ETHotfix.SessionPlayerComponentDestroySystem.DestroyAsync(SessionPlayerComponent self) in E:\dotnet\ET-Branch_opst\Server\Hotfix\Module\Demo\SessionPlayerComponentSystem.cs:line 16 
 Dispose at offset 121 in file:line:column E:\dotnet\ET-Branch_opst\Unity\Assets\Model\Base\Object\Component.cs:124:4
Destroy at offset 354 in file:line:column E:\dotnet\ET-Branch_opst\Unity\Assets\Model\Base\Object\EventSystem.cs:471:6
Run at offset 95 in file:line:column E:\dotnet\ET-Branch_opst\Unity\Assets\Model\Base\Object\IDestroySystem.cs:15:4
Destroy at offset 48 in file:line:column E:\dotnet\ET-Branch_opst\Server\Hotfix\Module\Demo\SessionPlayerComponentSystem.cs:10:4
DestroyAsync at offset 173 in file:line:column <filename unknown>:0:0
Start<TStateMachine> at offset 60 in file:line:column E:\dotnet\ET-Branch_opst\Unity\Assets\Model\Base\Async\AsyncETVoidMethodBuilder.cs:74:13
MoveNext at offset 506 in file:line:column E:\dotnet\ET-Branch_opst\Server\Hotfix\Module\Demo\SessionPlayerComponentSystem.cs:16:4
SetException at offset 42 in file:line:column E:\dotnet\ET-Branch_opst\Unity\Assets\Model\Base\Async\AsyncETVoidMethodBuilder.cs:27:13
Error at offset 102 in file:line:column E:\dotnet\ET-Branch_opst\Server\Model\Base\Log.cs:31:4
Error at offset 53 in file:line:column E:\dotnet\ET-Branch_opst\Server\Model\Base\Logger\NLogAdapter.cs:31:4

2021-11-13 21:02:49.8278 AllServer 0001 System.Exception: actor id is 0
   at ETHotfix.ActorLocationSenderComponent_Ex.Get(ActorLocationSenderComponent self, Int64 id) in E:\dotnet\ET-Branch_opst\Server\Hotfix\Module\ActorLocation\ActorLocationSenderComponentSystem.cs:line 63
   at ETModel.ETTaskCompletionSource`1.ETModel.IAwaiter<T>.GetResult() in E:\dotnet\ET-Branch_opst\Unity\Assets\Model\Base\Async\ETTaskCompletionSource.cs:line 171
   at ETModel.ETTask`1.get_Result() in E:\dotnet\ET-Branch_opst\Unity\Assets\Model\Base\Async\ETTask.cs:line 168
   at ETModel.ETTask`1.Awaiter.GetResult() in E:\dotnet\ET-Branch_opst\Unity\Assets\Model\Base\Async\ETTask.cs:line 254
   at ETHotfix.SessionPlayerComponentDestroySystem.DestroyAsync(SessionPlayerComponent self) in E:\dotnet\ET-Branch_opst\Server\Hotfix\Module\Demo\SessionPlayerComponentSystem.cs:line 16 
 Dispose at offset 121 in file:line:column E:\dotnet\ET-Branch_opst\Unity\Assets\Model\Base\Object\Component.cs:124:4
Destroy at offset 354 in file:line:column E:\dotnet\ET-Branch_opst\Unity\Assets\Model\Base\Object\EventSystem.cs:471:6
Run at offset 95 in file:line:column E:\dotnet\ET-Branch_opst\Unity\Assets\Model\Base\Object\IDestroySystem.cs:15:4
Destroy at offset 48 in file:line:column E:\dotnet\ET-Branch_opst\Server\Hotfix\Module\Demo\SessionPlayerComponentSystem.cs:10:4
DestroyAsync at offset 173 in file:line:column <filename unknown>:0:0
Start<TStateMachine> at offset 60 in file:line:column E:\dotnet\ET-Branch_opst\Unity\Assets\Model\Base\Async\AsyncETVoidMethodBuilder.cs:74:13
MoveNext at offset 506 in file:line:column E:\dotnet\ET-Branch_opst\Server\Hotfix\Module\Demo\SessionPlayerComponentSystem.cs:16:4
SetException at offset 42 in file:line:column E:\dotnet\ET-Branch_opst\Unity\Assets\Model\Base\Async\AsyncETVoidMethodBuilder.cs:27:13
Error at offset 102 in file:line:column E:\dotnet\ET-Branch_opst\Server\Model\Base\Log.cs:31:4
Error at offset 53 in file:line:column E:\dotnet\ET-Branch_opst\Server\Model\Base\Logger\NLogAdapter.cs:31:4

2021-11-13 21:16:29.9165 AllServer 0001 System.Exception: actor id is 0
   at ETHotfix.ActorLocationSenderComponent_Ex.Get(ActorLocationSenderComponent self, Int64 id) in E:\dotnet\ET-Branch_opst\Server\Hotfix\Module\ActorLocation\ActorLocationSenderComponentSystem.cs:line 63
   at ETModel.ETTaskCompletionSource`1.ETModel.IAwaiter<T>.GetResult() in E:\dotnet\ET-Branch_opst\Unity\Assets\Model\Base\Async\ETTaskCompletionSource.cs:line 171
   at ETModel.ETTask`1.get_Result() in E:\dotnet\ET-Branch_opst\Unity\Assets\Model\Base\Async\ETTask.cs:line 168
   at ETModel.ETTask`1.Awaiter.GetResult() in E:\dotnet\ET-Branch_opst\Unity\Assets\Model\Base\Async\ETTask.cs:line 254
   at ETHotfix.SessionPlayerComponentDestroySystem.DestroyAsync(SessionPlayerComponent self) in E:\dotnet\ET-Branch_opst\Server\Hotfix\Module\Demo\SessionPlayerComponentSystem.cs:line 16 
 Dispose at offset 121 in file:line:column E:\dotnet\ET-Branch_opst\Unity\Assets\Model\Base\Object\Component.cs:124:4
Destroy at offset 354 in file:line:column E:\dotnet\ET-Branch_opst\Unity\Assets\Model\Base\Object\EventSystem.cs:471:6
Run at offset 95 in file:line:column E:\dotnet\ET-Branch_opst\Unity\Assets\Model\Base\Object\IDestroySystem.cs:15:4
Destroy at offset 48 in file:line:column E:\dotnet\ET-Branch_opst\Server\Hotfix\Module\Demo\SessionPlayerComponentSystem.cs:10:4
DestroyAsync at offset 173 in file:line:column <filename unknown>:0:0
Start<TStateMachine> at offset 60 in file:line:column E:\dotnet\ET-Branch_opst\Unity\Assets\Model\Base\Async\AsyncETVoidMethodBuilder.cs:74:13
MoveNext at offset 506 in file:line:column E:\dotnet\ET-Branch_opst\Server\Hotfix\Module\Demo\SessionPlayerComponentSystem.cs:16:4
SetException at offset 42 in file:line:column E:\dotnet\ET-Branch_opst\Unity\Assets\Model\Base\Async\AsyncETVoidMethodBuilder.cs:27:13
Error at offset 102 in file:line:column E:\dotnet\ET-Branch_opst\Server\Model\Base\Log.cs:31:4
Error at offset 53 in file:line:column E:\dotnet\ET-Branch_opst\Server\Model\Base\Logger\NLogAdapter.cs:31:4

2021-11-13 21:24:01.9781 AllServer 0001 System.Exception: actor id is 0
   at ETHotfix.ActorLocationSenderComponent_Ex.Get(ActorLocationSenderComponent self, Int64 id) in E:\dotnet\ET-Branch_opst\Server\Hotfix\Module\ActorLocation\ActorLocationSenderComponentSystem.cs:line 63
   at ETModel.ETTaskCompletionSource`1.ETModel.IAwaiter<T>.GetResult() in E:\dotnet\ET-Branch_opst\Unity\Assets\Model\Base\Async\ETTaskCompletionSource.cs:line 171
   at ETModel.ETTask`1.get_Result() in E:\dotnet\ET-Branch_opst\Unity\Assets\Model\Base\Async\ETTask.cs:line 168
   at ETModel.ETTask`1.Awaiter.GetResult() in E:\dotnet\ET-Branch_opst\Unity\Assets\Model\Base\Async\ETTask.cs:line 254
   at ETHotfix.SessionPlayerComponentDestroySystem.DestroyAsync(SessionPlayerComponent self) in E:\dotnet\ET-Branch_opst\Server\Hotfix\Module\Demo\SessionPlayerComponentSystem.cs:line 16 
 Dispose at offset 121 in file:line:column E:\dotnet\ET-Branch_opst\Unity\Assets\Model\Base\Object\Component.cs:124:4
Destroy at offset 354 in file:line:column E:\dotnet\ET-Branch_opst\Unity\Assets\Model\Base\Object\EventSystem.cs:471:6
Run at offset 95 in file:line:column E:\dotnet\ET-Branch_opst\Unity\Assets\Model\Base\Object\IDestroySystem.cs:15:4
Destroy at offset 48 in file:line:column E:\dotnet\ET-Branch_opst\Server\Hotfix\Module\Demo\SessionPlayerComponentSystem.cs:10:4
DestroyAsync at offset 173 in file:line:column <filename unknown>:0:0
Start<TStateMachine> at offset 60 in file:line:column E:\dotnet\ET-Branch_opst\Unity\Assets\Model\Base\Async\AsyncETVoidMethodBuilder.cs:74:13
MoveNext at offset 506 in file:line:column E:\dotnet\ET-Branch_opst\Server\Hotfix\Module\Demo\SessionPlayerComponentSystem.cs:16:4
SetException at offset 42 in file:line:column E:\dotnet\ET-Branch_opst\Unity\Assets\Model\Base\Async\AsyncETVoidMethodBuilder.cs:27:13
Error at offset 102 in file:line:column E:\dotnet\ET-Branch_opst\Server\Model\Base\Log.cs:31:4
Error at offset 53 in file:line:column E:\dotnet\ET-Branch_opst\Server\Model\Base\Logger\NLogAdapter.cs:31:4

2021-11-13 21:38:17.5589 AllServer 0001 消息opcode为0: C2M_RefreshResourceMarketHandler 
 Main at offset 1999 in file:line:column E:\dotnet\ET-Branch_opst\Server\App\Program.cs:41:5
AddComponent<K> at offset 547 in file:line:column E:\dotnet\ET-Branch_opst\Unity\Assets\Model\Base\Object\Entity.cs:98:4
CreateWithParent<T> at offset 471 in file:line:column E:\dotnet\ET-Branch_opst\Unity\Assets\Model\Base\Object\ComponentFactory.cs:51:4
Awake at offset 409 in file:line:column E:\dotnet\ET-Branch_opst\Unity\Assets\Model\Base\Object\EventSystem.cs:253:6
Run at offset 95 in file:line:column E:\dotnet\ET-Branch_opst\Unity\Assets\Model\Base\Object\IAwakeSystem.cs:39:4
Awake at offset 42 in file:line:column E:\dotnet\ET-Branch_opst\Server\Hotfix\Module\Message\MessageDispatherComponentSystem.cs:12:4
Load at offset 1033 in file:line:column E:\dotnet\ET-Branch_opst\Server\Hotfix\Module\Message\MessageDispatherComponentSystem.cs:63:6
Error at offset 62 in file:line:column E:\dotnet\ET-Branch_opst\Server\Model\Base\Log.cs:36:4
Error at offset 53 in file:line:column E:\dotnet\ET-Branch_opst\Server\Model\Base\Logger\NLogAdapter.cs:31:4

2021-11-13 21:39:03.2114 AllServer 0001 System.Exception: actor id is 0
   at ETHotfix.ActorLocationSenderComponent_Ex.Get(ActorLocationSenderComponent self, Int64 id) in E:\dotnet\ET-Branch_opst\Server\Hotfix\Module\ActorLocation\ActorLocationSenderComponentSystem.cs:line 63
   at ETModel.ETTaskCompletionSource`1.ETModel.IAwaiter<T>.GetResult() in E:\dotnet\ET-Branch_opst\Unity\Assets\Model\Base\Async\ETTaskCompletionSource.cs:line 171
   at ETModel.ETTask`1.get_Result() in E:\dotnet\ET-Branch_opst\Unity\Assets\Model\Base\Async\ETTask.cs:line 168
   at ETModel.ETTask`1.Awaiter.GetResult() in E:\dotnet\ET-Branch_opst\Unity\Assets\Model\Base\Async\ETTask.cs:line 254
   at ETHotfix.SessionPlayerComponentDestroySystem.DestroyAsync(SessionPlayerComponent self) in E:\dotnet\ET-Branch_opst\Server\Hotfix\Module\Demo\SessionPlayerComponentSystem.cs:line 16 
 Dispose at offset 121 in file:line:column E:\dotnet\ET-Branch_opst\Unity\Assets\Model\Base\Object\Component.cs:124:4
Destroy at offset 354 in file:line:column E:\dotnet\ET-Branch_opst\Unity\Assets\Model\Base\Object\EventSystem.cs:471:6
Run at offset 95 in file:line:column E:\dotnet\ET-Branch_opst\Unity\Assets\Model\Base\Object\IDestroySystem.cs:15:4
Destroy at offset 48 in file:line:column E:\dotnet\ET-Branch_opst\Server\Hotfix\Module\Demo\SessionPlayerComponentSystem.cs:10:4
DestroyAsync at offset 173 in file:line:column <filename unknown>:0:0
Start<TStateMachine> at offset 60 in file:line:column E:\dotnet\ET-Branch_opst\Unity\Assets\Model\Base\Async\AsyncETVoidMethodBuilder.cs:74:13
MoveNext at offset 506 in file:line:column E:\dotnet\ET-Branch_opst\Server\Hotfix\Module\Demo\SessionPlayerComponentSystem.cs:16:4
SetException at offset 42 in file:line:column E:\dotnet\ET-Branch_opst\Unity\Assets\Model\Base\Async\AsyncETVoidMethodBuilder.cs:27:13
Error at offset 102 in file:line:column E:\dotnet\ET-Branch_opst\Server\Model\Base\Log.cs:31:4
Error at offset 53 in file:line:column E:\dotnet\ET-Branch_opst\Server\Model\Base\Logger\NLogAdapter.cs:31:4

2021-11-13 21:41:55.3660 AllServer 0001 System.Exception: actor id is 0
   at ETHotfix.ActorLocationSenderComponent_Ex.Get(ActorLocationSenderComponent self, Int64 id) in E:\dotnet\ET-Branch_opst\Server\Hotfix\Module\ActorLocation\ActorLocationSenderComponentSystem.cs:line 63
   at ETModel.ETTaskCompletionSource`1.ETModel.IAwaiter<T>.GetResult() in E:\dotnet\ET-Branch_opst\Unity\Assets\Model\Base\Async\ETTaskCompletionSource.cs:line 171
   at ETModel.ETTask`1.get_Result() in E:\dotnet\ET-Branch_opst\Unity\Assets\Model\Base\Async\ETTask.cs:line 168
   at ETModel.ETTask`1.Awaiter.GetResult() in E:\dotnet\ET-Branch_opst\Unity\Assets\Model\Base\Async\ETTask.cs:line 254
   at ETHotfix.SessionPlayerComponentDestroySystem.DestroyAsync(SessionPlayerComponent self) in E:\dotnet\ET-Branch_opst\Server\Hotfix\Module\Demo\SessionPlayerComponentSystem.cs:line 16 
 Dispose at offset 121 in file:line:column E:\dotnet\ET-Branch_opst\Unity\Assets\Model\Base\Object\Component.cs:124:4
Destroy at offset 354 in file:line:column E:\dotnet\ET-Branch_opst\Unity\Assets\Model\Base\Object\EventSystem.cs:471:6
Run at offset 95 in file:line:column E:\dotnet\ET-Branch_opst\Unity\Assets\Model\Base\Object\IDestroySystem.cs:15:4
Destroy at offset 48 in file:line:column E:\dotnet\ET-Branch_opst\Server\Hotfix\Module\Demo\SessionPlayerComponentSystem.cs:10:4
DestroyAsync at offset 173 in file:line:column <filename unknown>:0:0
Start<TStateMachine> at offset 60 in file:line:column E:\dotnet\ET-Branch_opst\Unity\Assets\Model\Base\Async\AsyncETVoidMethodBuilder.cs:74:13
MoveNext at offset 506 in file:line:column E:\dotnet\ET-Branch_opst\Server\Hotfix\Module\Demo\SessionPlayerComponentSystem.cs:16:4
SetException at offset 42 in file:line:column E:\dotnet\ET-Branch_opst\Unity\Assets\Model\Base\Async\AsyncETVoidMethodBuilder.cs:27:13
Error at offset 102 in file:line:column E:\dotnet\ET-Branch_opst\Server\Model\Base\Log.cs:31:4
Error at offset 53 in file:line:column E:\dotnet\ET-Branch_opst\Server\Model\Base\Logger\NLogAdapter.cs:31:4

2021-11-13 21:47:32.1066 AllServer 0001 System.Exception: actor id is 0
   at ETHotfix.ActorLocationSenderComponent_Ex.Get(ActorLocationSenderComponent self, Int64 id) in E:\dotnet\ET-Branch_opst\Server\Hotfix\Module\ActorLocation\ActorLocationSenderComponentSystem.cs:line 63
   at ETModel.ETTaskCompletionSource`1.ETModel.IAwaiter<T>.GetResult() in E:\dotnet\ET-Branch_opst\Unity\Assets\Model\Base\Async\ETTaskCompletionSource.cs:line 171
   at ETModel.ETTask`1.get_Result() in E:\dotnet\ET-Branch_opst\Unity\Assets\Model\Base\Async\ETTask.cs:line 168
   at ETModel.ETTask`1.Awaiter.GetResult() in E:\dotnet\ET-Branch_opst\Unity\Assets\Model\Base\Async\ETTask.cs:line 254
   at ETHotfix.SessionPlayerComponentDestroySystem.DestroyAsync(SessionPlayerComponent self) in E:\dotnet\ET-Branch_opst\Server\Hotfix\Module\Demo\SessionPlayerComponentSystem.cs:line 16 
 Dispose at offset 121 in file:line:column E:\dotnet\ET-Branch_opst\Unity\Assets\Model\Base\Object\Component.cs:124:4
Destroy at offset 354 in file:line:column E:\dotnet\ET-Branch_opst\Unity\Assets\Model\Base\Object\EventSystem.cs:471:6
Run at offset 95 in file:line:column E:\dotnet\ET-Branch_opst\Unity\Assets\Model\Base\Object\IDestroySystem.cs:15:4
Destroy at offset 48 in file:line:column E:\dotnet\ET-Branch_opst\Server\Hotfix\Module\Demo\SessionPlayerComponentSystem.cs:10:4
DestroyAsync at offset 173 in file:line:column <filename unknown>:0:0
Start<TStateMachine> at offset 60 in file:line:column E:\dotnet\ET-Branch_opst\Unity\Assets\Model\Base\Async\AsyncETVoidMethodBuilder.cs:74:13
MoveNext at offset 506 in file:line:column E:\dotnet\ET-Branch_opst\Server\Hotfix\Module\Demo\SessionPlayerComponentSystem.cs:16:4
SetException at offset 42 in file:line:column E:\dotnet\ET-Branch_opst\Unity\Assets\Model\Base\Async\AsyncETVoidMethodBuilder.cs:27:13
Error at offset 102 in file:line:column E:\dotnet\ET-Branch_opst\Server\Model\Base\Log.cs:31:4
Error at offset 53 in file:line:column E:\dotnet\ET-Branch_opst\Server\Model\Base\Logger\NLogAdapter.cs:31:4

2021-11-13 21:51:53.4746 AllServer 0001 System.ArgumentException: An item with the same key has already been added. Key: 0
   at System.Collections.Generic.Dictionary`2.TryInsert(TKey key, TValue value, InsertionBehavior behavior)
   at System.Collections.Generic.Dictionary`2.Add(TKey key, TValue value)
   at ETModel.PlayerComponent.Add(Player player) in E:\dotnet\ET-Branch_opst\Server\Model\Module\Demo\PlayerComponent.cs:line 46
   at ETHotfix.C2G_LoginGateHandler.Run(Session session, C2G_LoginGate request, G2C_LoginGate response, Action reply) in E:\dotnet\ET-Branch_opst\Server\Hotfix\Module\Demo\C2G_LoginGateHandler.cs:line 25
   at ETModel.ETTaskCompletionSource.ETModel.IAwaiter.GetResult() in E:\dotnet\ET-Branch_opst\Unity\Assets\Model\Base\Async\ETTaskCompletionSource.cs:line 32
   at ETModel.ETTask.GetResult() in E:\dotnet\ET-Branch_opst\Unity\Assets\Model\Base\Async\ETTask.cs:line 33
   at ETModel.ETTask.Awaiter.GetResult() in E:\dotnet\ET-Branch_opst\Unity\Assets\Model\Base\Async\ETTask.cs:line 98
   at ETModel.AMRpcHandler`2.Handle(Session session, Object message) in E:\dotnet\ET-Branch_opst\Server\Model\Module\Message\AMRpcHandler.cs:line 37 
 Dispatch at offset 72 in file:line:column E:\dotnet\ET-Branch_opst\Server\Hotfix\Module\Message\OuterMessageDispatcher.cs:9:4
DispatchAsync at offset 254 in file:line:column <filename unknown>:0:0
Start<TStateMachine> at offset 60 in file:line:column E:\dotnet\ET-Branch_opst\Unity\Assets\Model\Base\Async\AsyncETVoidMethodBuilder.cs:74:13
MoveNext at offset 2555 in file:line:column E:\dotnet\ET-Branch_opst\Server\Hotfix\Module\Message\OuterMessageDispatcher.cs:53:6
Handle at offset 528 in file:line:column E:\dotnet\ET-Branch_opst\Server\Hotfix\Module\Message\MessageDispatherComponentSystem.cs:92:6
Handle at offset 403 in file:line:column <filename unknown>:0:0
Start<TStateMachine> at offset 60 in file:line:column E:\dotnet\ET-Branch_opst\Unity\Assets\Model\Base\Async\AsyncETVoidMethodBuilder.cs:74:13
MoveNext at offset 1742 in file:line:column E:\dotnet\ET-Branch_opst\Server\Model\Module\Message\AMRpcHandler.cs:37:6
Error at offset 102 in file:line:column E:\dotnet\ET-Branch_opst\Server\Model\Base\Log.cs:31:4
Error at offset 53 in file:line:column E:\dotnet\ET-Branch_opst\Server\Model\Base\Logger\NLogAdapter.cs:31:4

2021-11-13 21:54:37.5187 AllServer 0001 System.Exception: actor id is 0
   at ETHotfix.ActorLocationSenderComponent_Ex.Get(ActorLocationSenderComponent self, Int64 id) in E:\dotnet\ET-Branch_opst\Server\Hotfix\Module\ActorLocation\ActorLocationSenderComponentSystem.cs:line 63
   at ETModel.ETTaskCompletionSource`1.ETModel.IAwaiter<T>.GetResult() in E:\dotnet\ET-Branch_opst\Unity\Assets\Model\Base\Async\ETTaskCompletionSource.cs:line 171
   at ETModel.ETTask`1.get_Result() in E:\dotnet\ET-Branch_opst\Unity\Assets\Model\Base\Async\ETTask.cs:line 168
   at ETModel.ETTask`1.Awaiter.GetResult() in E:\dotnet\ET-Branch_opst\Unity\Assets\Model\Base\Async\ETTask.cs:line 254
   at ETHotfix.SessionPlayerComponentDestroySystem.DestroyAsync(SessionPlayerComponent self) in E:\dotnet\ET-Branch_opst\Server\Hotfix\Module\Demo\SessionPlayerComponentSystem.cs:line 16 
 Dispose at offset 121 in file:line:column E:\dotnet\ET-Branch_opst\Unity\Assets\Model\Base\Object\Component.cs:124:4
Destroy at offset 354 in file:line:column E:\dotnet\ET-Branch_opst\Unity\Assets\Model\Base\Object\EventSystem.cs:471:6
Run at offset 95 in file:line:column E:\dotnet\ET-Branch_opst\Unity\Assets\Model\Base\Object\IDestroySystem.cs:15:4
Destroy at offset 48 in file:line:column E:\dotnet\ET-Branch_opst\Server\Hotfix\Module\Demo\SessionPlayerComponentSystem.cs:10:4
DestroyAsync at offset 173 in file:line:column <filename unknown>:0:0
Start<TStateMachine> at offset 60 in file:line:column E:\dotnet\ET-Branch_opst\Unity\Assets\Model\Base\Async\AsyncETVoidMethodBuilder.cs:74:13
MoveNext at offset 506 in file:line:column E:\dotnet\ET-Branch_opst\Server\Hotfix\Module\Demo\SessionPlayerComponentSystem.cs:16:4
SetException at offset 42 in file:line:column E:\dotnet\ET-Branch_opst\Unity\Assets\Model\Base\Async\AsyncETVoidMethodBuilder.cs:27:13
Error at offset 102 in file:line:column E:\dotnet\ET-Branch_opst\Server\Model\Base\Log.cs:31:4
Error at offset 53 in file:line:column E:\dotnet\ET-Branch_opst\Server\Model\Base\Logger\NLogAdapter.cs:31:4

2021-11-13 22:11:43.8461 AllServer 0001 System.Exception: actor id is 0
   at ETHotfix.ActorLocationSenderComponent_Ex.Get(ActorLocationSenderComponent self, Int64 id) in E:\dotnet\ET-Branch_opst\Server\Hotfix\Module\ActorLocation\ActorLocationSenderComponentSystem.cs:line 63
   at ETModel.ETTaskCompletionSource`1.ETModel.IAwaiter<T>.GetResult() in E:\dotnet\ET-Branch_opst\Unity\Assets\Model\Base\Async\ETTaskCompletionSource.cs:line 171
   at ETModel.ETTask`1.get_Result() in E:\dotnet\ET-Branch_opst\Unity\Assets\Model\Base\Async\ETTask.cs:line 168
   at ETModel.ETTask`1.Awaiter.GetResult() in E:\dotnet\ET-Branch_opst\Unity\Assets\Model\Base\Async\ETTask.cs:line 254
   at ETHotfix.SessionPlayerComponentDestroySystem.DestroyAsync(SessionPlayerComponent self) in E:\dotnet\ET-Branch_opst\Server\Hotfix\Module\Demo\SessionPlayerComponentSystem.cs:line 16 
 Dispose at offset 121 in file:line:column E:\dotnet\ET-Branch_opst\Unity\Assets\Model\Base\Object\Component.cs:124:4
Destroy at offset 354 in file:line:column E:\dotnet\ET-Branch_opst\Unity\Assets\Model\Base\Object\EventSystem.cs:471:6
Run at offset 95 in file:line:column E:\dotnet\ET-Branch_opst\Unity\Assets\Model\Base\Object\IDestroySystem.cs:15:4
Destroy at offset 48 in file:line:column E:\dotnet\ET-Branch_opst\Server\Hotfix\Module\Demo\SessionPlayerComponentSystem.cs:10:4
DestroyAsync at offset 173 in file:line:column <filename unknown>:0:0
Start<TStateMachine> at offset 60 in file:line:column E:\dotnet\ET-Branch_opst\Unity\Assets\Model\Base\Async\AsyncETVoidMethodBuilder.cs:74:13
MoveNext at offset 506 in file:line:column E:\dotnet\ET-Branch_opst\Server\Hotfix\Module\Demo\SessionPlayerComponentSystem.cs:16:4
SetException at offset 42 in file:line:column E:\dotnet\ET-Branch_opst\Unity\Assets\Model\Base\Async\AsyncETVoidMethodBuilder.cs:27:13
Error at offset 102 in file:line:column E:\dotnet\ET-Branch_opst\Server\Model\Base\Log.cs:31:4
Error at offset 53 in file:line:column E:\dotnet\ET-Branch_opst\Server\Model\Base\Logger\NLogAdapter.cs:31:4

2021-11-13 22:34:14.6615 AllServer 0001 System.Exception: actor id is 0
   at ETHotfix.ActorLocationSenderComponent_Ex.Get(ActorLocationSenderComponent self, Int64 id) in E:\dotnet\ET-Branch_opst\Server\Hotfix\Module\ActorLocation\ActorLocationSenderComponentSystem.cs:line 63
   at ETModel.ETTaskCompletionSource`1.ETModel.IAwaiter<T>.GetResult() in E:\dotnet\ET-Branch_opst\Unity\Assets\Model\Base\Async\ETTaskCompletionSource.cs:line 171
   at ETModel.ETTask`1.get_Result() in E:\dotnet\ET-Branch_opst\Unity\Assets\Model\Base\Async\ETTask.cs:line 168
   at ETModel.ETTask`1.Awaiter.GetResult() in E:\dotnet\ET-Branch_opst\Unity\Assets\Model\Base\Async\ETTask.cs:line 254
   at ETHotfix.SessionPlayerComponentDestroySystem.DestroyAsync(SessionPlayerComponent self) in E:\dotnet\ET-Branch_opst\Server\Hotfix\Module\Demo\SessionPlayerComponentSystem.cs:line 16 
 Dispose at offset 121 in file:line:column E:\dotnet\ET-Branch_opst\Unity\Assets\Model\Base\Object\Component.cs:124:4
Destroy at offset 354 in file:line:column E:\dotnet\ET-Branch_opst\Unity\Assets\Model\Base\Object\EventSystem.cs:471:6
Run at offset 95 in file:line:column E:\dotnet\ET-Branch_opst\Unity\Assets\Model\Base\Object\IDestroySystem.cs:15:4
Destroy at offset 48 in file:line:column E:\dotnet\ET-Branch_opst\Server\Hotfix\Module\Demo\SessionPlayerComponentSystem.cs:10:4
DestroyAsync at offset 173 in file:line:column <filename unknown>:0:0
Start<TStateMachine> at offset 60 in file:line:column E:\dotnet\ET-Branch_opst\Unity\Assets\Model\Base\Async\AsyncETVoidMethodBuilder.cs:74:13
MoveNext at offset 506 in file:line:column E:\dotnet\ET-Branch_opst\Server\Hotfix\Module\Demo\SessionPlayerComponentSystem.cs:16:4
SetException at offset 42 in file:line:column E:\dotnet\ET-Branch_opst\Unity\Assets\Model\Base\Async\AsyncETVoidMethodBuilder.cs:27:13
Error at offset 102 in file:line:column E:\dotnet\ET-Branch_opst\Server\Model\Base\Log.cs:31:4
Error at offset 53 in file:line:column E:\dotnet\ET-Branch_opst\Server\Model\Base\Logger\NLogAdapter.cs:31:4

2021-11-13 22:39:10.1778 AllServer 0001 System.Exception: actor id is 0
   at ETHotfix.ActorLocationSenderComponent_Ex.Get(ActorLocationSenderComponent self, Int64 id) in E:\dotnet\ET-Branch_opst\Server\Hotfix\Module\ActorLocation\ActorLocationSenderComponentSystem.cs:line 63
   at ETModel.ETTaskCompletionSource`1.ETModel.IAwaiter<T>.GetResult() in E:\dotnet\ET-Branch_opst\Unity\Assets\Model\Base\Async\ETTaskCompletionSource.cs:line 171
   at ETModel.ETTask`1.get_Result() in E:\dotnet\ET-Branch_opst\Unity\Assets\Model\Base\Async\ETTask.cs:line 168
   at ETModel.ETTask`1.Awaiter.GetResult() in E:\dotnet\ET-Branch_opst\Unity\Assets\Model\Base\Async\ETTask.cs:line 254
   at ETHotfix.SessionPlayerComponentDestroySystem.DestroyAsync(SessionPlayerComponent self) in E:\dotnet\ET-Branch_opst\Server\Hotfix\Module\Demo\SessionPlayerComponentSystem.cs:line 16 
 Dispose at offset 121 in file:line:column E:\dotnet\ET-Branch_opst\Unity\Assets\Model\Base\Object\Component.cs:124:4
Destroy at offset 354 in file:line:column E:\dotnet\ET-Branch_opst\Unity\Assets\Model\Base\Object\EventSystem.cs:471:6
Run at offset 95 in file:line:column E:\dotnet\ET-Branch_opst\Unity\Assets\Model\Base\Object\IDestroySystem.cs:15:4
Destroy at offset 48 in file:line:column E:\dotnet\ET-Branch_opst\Server\Hotfix\Module\Demo\SessionPlayerComponentSystem.cs:10:4
DestroyAsync at offset 173 in file:line:column <filename unknown>:0:0
Start<TStateMachine> at offset 60 in file:line:column E:\dotnet\ET-Branch_opst\Unity\Assets\Model\Base\Async\AsyncETVoidMethodBuilder.cs:74:13
MoveNext at offset 506 in file:line:column E:\dotnet\ET-Branch_opst\Server\Hotfix\Module\Demo\SessionPlayerComponentSystem.cs:16:4
SetException at offset 42 in file:line:column E:\dotnet\ET-Branch_opst\Unity\Assets\Model\Base\Async\AsyncETVoidMethodBuilder.cs:27:13
Error at offset 102 in file:line:column E:\dotnet\ET-Branch_opst\Server\Model\Base\Log.cs:31:4
Error at offset 53 in file:line:column E:\dotnet\ET-Branch_opst\Server\Model\Base\Logger\NLogAdapter.cs:31:4

2021-11-13 22:39:19.9800 AllServer 0001 System.ArgumentException: An item with the same key has already been added. Key: 0
   at System.Collections.Generic.Dictionary`2.TryInsert(TKey key, TValue value, InsertionBehavior behavior)
   at System.Collections.Generic.Dictionary`2.Add(TKey key, TValue value)
   at ETModel.PlayerComponent.Add(Player player) in E:\dotnet\ET-Branch_opst\Server\Model\Module\Demo\PlayerComponent.cs:line 46
   at ETHotfix.C2G_LoginGateHandler.Run(Session session, C2G_LoginGate request, G2C_LoginGate response, Action reply) in E:\dotnet\ET-Branch_opst\Server\Hotfix\Module\Demo\C2G_LoginGateHandler.cs:line 25
   at ETModel.ETTaskCompletionSource.ETModel.IAwaiter.GetResult() in E:\dotnet\ET-Branch_opst\Unity\Assets\Model\Base\Async\ETTaskCompletionSource.cs:line 32
   at ETModel.ETTask.GetResult() in E:\dotnet\ET-Branch_opst\Unity\Assets\Model\Base\Async\ETTask.cs:line 33
   at ETModel.ETTask.Awaiter.GetResult() in E:\dotnet\ET-Branch_opst\Unity\Assets\Model\Base\Async\ETTask.cs:line 98
   at ETModel.AMRpcHandler`2.Handle(Session session, Object message) in E:\dotnet\ET-Branch_opst\Server\Model\Module\Message\AMRpcHandler.cs:line 37 
 Dispatch at offset 72 in file:line:column E:\dotnet\ET-Branch_opst\Server\Hotfix\Module\Message\OuterMessageDispatcher.cs:9:4
DispatchAsync at offset 254 in file:line:column <filename unknown>:0:0
Start<TStateMachine> at offset 60 in file:line:column E:\dotnet\ET-Branch_opst\Unity\Assets\Model\Base\Async\AsyncETVoidMethodBuilder.cs:74:13
MoveNext at offset 2555 in file:line:column E:\dotnet\ET-Branch_opst\Server\Hotfix\Module\Message\OuterMessageDispatcher.cs:53:6
Handle at offset 528 in file:line:column E:\dotnet\ET-Branch_opst\Server\Hotfix\Module\Message\MessageDispatherComponentSystem.cs:92:6
Handle at offset 403 in file:line:column <filename unknown>:0:0
Start<TStateMachine> at offset 60 in file:line:column E:\dotnet\ET-Branch_opst\Unity\Assets\Model\Base\Async\AsyncETVoidMethodBuilder.cs:74:13
MoveNext at offset 1742 in file:line:column E:\dotnet\ET-Branch_opst\Server\Model\Module\Message\AMRpcHandler.cs:37:6
Error at offset 102 in file:line:column E:\dotnet\ET-Branch_opst\Server\Model\Base\Log.cs:31:4
Error at offset 53 in file:line:column E:\dotnet\ET-Branch_opst\Server\Model\Base\Logger\NLogAdapter.cs:31:4

2021-11-13 22:49:54.9369 AllServer 0001 System.Exception: actor id is 0
   at ETHotfix.ActorLocationSenderComponent_Ex.Get(ActorLocationSenderComponent self, Int64 id) in E:\dotnet\ET-Branch_opst\Server\Hotfix\Module\ActorLocation\ActorLocationSenderComponentSystem.cs:line 63
   at ETModel.ETTaskCompletionSource`1.ETModel.IAwaiter<T>.GetResult() in E:\dotnet\ET-Branch_opst\Unity\Assets\Model\Base\Async\ETTaskCompletionSource.cs:line 171
   at ETModel.ETTask`1.get_Result() in E:\dotnet\ET-Branch_opst\Unity\Assets\Model\Base\Async\ETTask.cs:line 168
   at ETModel.ETTask`1.Awaiter.GetResult() in E:\dotnet\ET-Branch_opst\Unity\Assets\Model\Base\Async\ETTask.cs:line 254
   at ETHotfix.SessionPlayerComponentDestroySystem.DestroyAsync(SessionPlayerComponent self) in E:\dotnet\ET-Branch_opst\Server\Hotfix\Module\Demo\SessionPlayerComponentSystem.cs:line 16 
 Dispose at offset 121 in file:line:column E:\dotnet\ET-Branch_opst\Unity\Assets\Model\Base\Object\Component.cs:124:4
Destroy at offset 354 in file:line:column E:\dotnet\ET-Branch_opst\Unity\Assets\Model\Base\Object\EventSystem.cs:471:6
Run at offset 95 in file:line:column E:\dotnet\ET-Branch_opst\Unity\Assets\Model\Base\Object\IDestroySystem.cs:15:4
Destroy at offset 48 in file:line:column E:\dotnet\ET-Branch_opst\Server\Hotfix\Module\Demo\SessionPlayerComponentSystem.cs:10:4
DestroyAsync at offset 173 in file:line:column <filename unknown>:0:0
Start<TStateMachine> at offset 60 in file:line:column E:\dotnet\ET-Branch_opst\Unity\Assets\Model\Base\Async\AsyncETVoidMethodBuilder.cs:74:13
MoveNext at offset 506 in file:line:column E:\dotnet\ET-Branch_opst\Server\Hotfix\Module\Demo\SessionPlayerComponentSystem.cs:16:4
SetException at offset 42 in file:line:column E:\dotnet\ET-Branch_opst\Unity\Assets\Model\Base\Async\AsyncETVoidMethodBuilder.cs:27:13
Error at offset 102 in file:line:column E:\dotnet\ET-Branch_opst\Server\Model\Base\Log.cs:31:4
Error at offset 53 in file:line:column E:\dotnet\ET-Branch_opst\Server\Model\Base\Logger\NLogAdapter.cs:31:4

2021-11-13 22:53:48.5766 AllServer 0001 System.Exception: actor id is 0
   at ETHotfix.ActorLocationSenderComponent_Ex.Get(ActorLocationSenderComponent self, Int64 id) in E:\dotnet\ET-Branch_opst\Server\Hotfix\Module\ActorLocation\ActorLocationSenderComponentSystem.cs:line 63
   at ETModel.ETTaskCompletionSource`1.ETModel.IAwaiter<T>.GetResult() in E:\dotnet\ET-Branch_opst\Unity\Assets\Model\Base\Async\ETTaskCompletionSource.cs:line 171
   at ETModel.ETTask`1.get_Result() in E:\dotnet\ET-Branch_opst\Unity\Assets\Model\Base\Async\ETTask.cs:line 168
   at ETModel.ETTask`1.Awaiter.GetResult() in E:\dotnet\ET-Branch_opst\Unity\Assets\Model\Base\Async\ETTask.cs:line 254
   at ETHotfix.SessionPlayerComponentDestroySystem.DestroyAsync(SessionPlayerComponent self) in E:\dotnet\ET-Branch_opst\Server\Hotfix\Module\Demo\SessionPlayerComponentSystem.cs:line 16 
 Dispose at offset 121 in file:line:column E:\dotnet\ET-Branch_opst\Unity\Assets\Model\Base\Object\Component.cs:124:4
Destroy at offset 354 in file:line:column E:\dotnet\ET-Branch_opst\Unity\Assets\Model\Base\Object\EventSystem.cs:471:6
Run at offset 95 in file:line:column E:\dotnet\ET-Branch_opst\Unity\Assets\Model\Base\Object\IDestroySystem.cs:15:4
Destroy at offset 48 in file:line:column E:\dotnet\ET-Branch_opst\Server\Hotfix\Module\Demo\SessionPlayerComponentSystem.cs:10:4
DestroyAsync at offset 173 in file:line:column <filename unknown>:0:0
Start<TStateMachine> at offset 60 in file:line:column E:\dotnet\ET-Branch_opst\Unity\Assets\Model\Base\Async\AsyncETVoidMethodBuilder.cs:74:13
MoveNext at offset 506 in file:line:column E:\dotnet\ET-Branch_opst\Server\Hotfix\Module\Demo\SessionPlayerComponentSystem.cs:16:4
SetException at offset 42 in file:line:column E:\dotnet\ET-Branch_opst\Unity\Assets\Model\Base\Async\AsyncETVoidMethodBuilder.cs:27:13
Error at offset 102 in file:line:column E:\dotnet\ET-Branch_opst\Server\Model\Base\Log.cs:31:4
Error at offset 53 in file:line:column E:\dotnet\ET-Branch_opst\Server\Model\Base\Logger\NLogAdapter.cs:31:4

2021-11-13 23:08:33.9713 AllServer 0001 System.Exception: actor id is 0
   at ETHotfix.ActorLocationSenderComponent_Ex.Get(ActorLocationSenderComponent self, Int64 id) in E:\dotnet\ET-Branch_opst\Server\Hotfix\Module\ActorLocation\ActorLocationSenderComponentSystem.cs:line 63
   at ETModel.ETTaskCompletionSource`1.ETModel.IAwaiter<T>.GetResult() in E:\dotnet\ET-Branch_opst\Unity\Assets\Model\Base\Async\ETTaskCompletionSource.cs:line 171
   at ETModel.ETTask`1.get_Result() in E:\dotnet\ET-Branch_opst\Unity\Assets\Model\Base\Async\ETTask.cs:line 168
   at ETModel.ETTask`1.Awaiter.GetResult() in E:\dotnet\ET-Branch_opst\Unity\Assets\Model\Base\Async\ETTask.cs:line 254
   at ETHotfix.SessionPlayerComponentDestroySystem.DestroyAsync(SessionPlayerComponent self) in E:\dotnet\ET-Branch_opst\Server\Hotfix\Module\Demo\SessionPlayerComponentSystem.cs:line 16 
 Dispose at offset 121 in file:line:column E:\dotnet\ET-Branch_opst\Unity\Assets\Model\Base\Object\Component.cs:124:4
Destroy at offset 354 in file:line:column E:\dotnet\ET-Branch_opst\Unity\Assets\Model\Base\Object\EventSystem.cs:471:6
Run at offset 95 in file:line:column E:\dotnet\ET-Branch_opst\Unity\Assets\Model\Base\Object\IDestroySystem.cs:15:4
Destroy at offset 48 in file:line:column E:\dotnet\ET-Branch_opst\Server\Hotfix\Module\Demo\SessionPlayerComponentSystem.cs:10:4
DestroyAsync at offset 173 in file:line:column <filename unknown>:0:0
Start<TStateMachine> at offset 60 in file:line:column E:\dotnet\ET-Branch_opst\Unity\Assets\Model\Base\Async\AsyncETVoidMethodBuilder.cs:74:13
MoveNext at offset 506 in file:line:column E:\dotnet\ET-Branch_opst\Server\Hotfix\Module\Demo\SessionPlayerComponentSystem.cs:16:4
SetException at offset 42 in file:line:column E:\dotnet\ET-Branch_opst\Unity\Assets\Model\Base\Async\AsyncETVoidMethodBuilder.cs:27:13
Error at offset 102 in file:line:column E:\dotnet\ET-Branch_opst\Server\Model\Base\Log.cs:31:4
Error at offset 53 in file:line:column E:\dotnet\ET-Branch_opst\Server\Model\Base\Logger\NLogAdapter.cs:31:4

2021-11-13 23:13:15.3345 AllServer 0001 System.Exception: actor id is 0
   at ETHotfix.ActorLocationSenderComponent_Ex.Get(ActorLocationSenderComponent self, Int64 id) in E:\dotnet\ET-Branch_opst\Server\Hotfix\Module\ActorLocation\ActorLocationSenderComponentSystem.cs:line 63
   at ETModel.ETTaskCompletionSource`1.ETModel.IAwaiter<T>.GetResult() in E:\dotnet\ET-Branch_opst\Unity\Assets\Model\Base\Async\ETTaskCompletionSource.cs:line 171
   at ETModel.ETTask`1.get_Result() in E:\dotnet\ET-Branch_opst\Unity\Assets\Model\Base\Async\ETTask.cs:line 168
   at ETModel.ETTask`1.Awaiter.GetResult() in E:\dotnet\ET-Branch_opst\Unity\Assets\Model\Base\Async\ETTask.cs:line 254
   at ETHotfix.SessionPlayerComponentDestroySystem.DestroyAsync(SessionPlayerComponent self) in E:\dotnet\ET-Branch_opst\Server\Hotfix\Module\Demo\SessionPlayerComponentSystem.cs:line 16 
 Dispose at offset 121 in file:line:column E:\dotnet\ET-Branch_opst\Unity\Assets\Model\Base\Object\Component.cs:124:4
Destroy at offset 354 in file:line:column E:\dotnet\ET-Branch_opst\Unity\Assets\Model\Base\Object\EventSystem.cs:471:6
Run at offset 95 in file:line:column E:\dotnet\ET-Branch_opst\Unity\Assets\Model\Base\Object\IDestroySystem.cs:15:4
Destroy at offset 48 in file:line:column E:\dotnet\ET-Branch_opst\Server\Hotfix\Module\Demo\SessionPlayerComponentSystem.cs:10:4
DestroyAsync at offset 173 in file:line:column <filename unknown>:0:0
Start<TStateMachine> at offset 60 in file:line:column E:\dotnet\ET-Branch_opst\Unity\Assets\Model\Base\Async\AsyncETVoidMethodBuilder.cs:74:13
MoveNext at offset 506 in file:line:column E:\dotnet\ET-Branch_opst\Server\Hotfix\Module\Demo\SessionPlayerComponentSystem.cs:16:4
SetException at offset 42 in file:line:column E:\dotnet\ET-Branch_opst\Unity\Assets\Model\Base\Async\AsyncETVoidMethodBuilder.cs:27:13
Error at offset 102 in file:line:column E:\dotnet\ET-Branch_opst\Server\Model\Base\Log.cs:31:4
Error at offset 53 in file:line:column E:\dotnet\ET-Branch_opst\Server\Model\Base\Logger\NLogAdapter.cs:31:4

2021-11-13 23:18:50.8276 AllServer 0001 System.Exception: actor id is 0
   at ETHotfix.ActorLocationSenderComponent_Ex.Get(ActorLocationSenderComponent self, Int64 id) in E:\dotnet\ET-Branch_opst\Server\Hotfix\Module\ActorLocation\ActorLocationSenderComponentSystem.cs:line 63
   at ETModel.ETTaskCompletionSource`1.ETModel.IAwaiter<T>.GetResult() in E:\dotnet\ET-Branch_opst\Unity\Assets\Model\Base\Async\ETTaskCompletionSource.cs:line 171
   at ETModel.ETTask`1.get_Result() in E:\dotnet\ET-Branch_opst\Unity\Assets\Model\Base\Async\ETTask.cs:line 168
   at ETModel.ETTask`1.Awaiter.GetResult() in E:\dotnet\ET-Branch_opst\Unity\Assets\Model\Base\Async\ETTask.cs:line 254
   at ETHotfix.SessionPlayerComponentDestroySystem.DestroyAsync(SessionPlayerComponent self) in E:\dotnet\ET-Branch_opst\Server\Hotfix\Module\Demo\SessionPlayerComponentSystem.cs:line 16 
 Dispose at offset 121 in file:line:column E:\dotnet\ET-Branch_opst\Unity\Assets\Model\Base\Object\Component.cs:124:4
Destroy at offset 354 in file:line:column E:\dotnet\ET-Branch_opst\Unity\Assets\Model\Base\Object\EventSystem.cs:471:6
Run at offset 95 in file:line:column E:\dotnet\ET-Branch_opst\Unity\Assets\Model\Base\Object\IDestroySystem.cs:15:4
Destroy at offset 48 in file:line:column E:\dotnet\ET-Branch_opst\Server\Hotfix\Module\Demo\SessionPlayerComponentSystem.cs:10:4
DestroyAsync at offset 173 in file:line:column <filename unknown>:0:0
Start<TStateMachine> at offset 60 in file:line:column E:\dotnet\ET-Branch_opst\Unity\Assets\Model\Base\Async\AsyncETVoidMethodBuilder.cs:74:13
MoveNext at offset 506 in file:line:column E:\dotnet\ET-Branch_opst\Server\Hotfix\Module\Demo\SessionPlayerComponentSystem.cs:16:4
SetException at offset 42 in file:line:column E:\dotnet\ET-Branch_opst\Unity\Assets\Model\Base\Async\AsyncETVoidMethodBuilder.cs:27:13
Error at offset 102 in file:line:column E:\dotnet\ET-Branch_opst\Server\Model\Base\Log.cs:31:4
Error at offset 53 in file:line:column E:\dotnet\ET-Branch_opst\Server\Model\Base\Logger\NLogAdapter.cs:31:4

2021-11-13 23:28:40.0141 AllServer 0001 System.Exception: actor id is 0
   at ETHotfix.ActorLocationSenderComponent_Ex.Get(ActorLocationSenderComponent self, Int64 id) in E:\dotnet\ET-Branch_opst\Server\Hotfix\Module\ActorLocation\ActorLocationSenderComponentSystem.cs:line 63
   at ETModel.ETTaskCompletionSource`1.ETModel.IAwaiter<T>.GetResult() in E:\dotnet\ET-Branch_opst\Unity\Assets\Model\Base\Async\ETTaskCompletionSource.cs:line 171
   at ETModel.ETTask`1.get_Result() in E:\dotnet\ET-Branch_opst\Unity\Assets\Model\Base\Async\ETTask.cs:line 168
   at ETModel.ETTask`1.Awaiter.GetResult() in E:\dotnet\ET-Branch_opst\Unity\Assets\Model\Base\Async\ETTask.cs:line 254
   at ETHotfix.SessionPlayerComponentDestroySystem.DestroyAsync(SessionPlayerComponent self) in E:\dotnet\ET-Branch_opst\Server\Hotfix\Module\Demo\SessionPlayerComponentSystem.cs:line 16 
 Dispose at offset 121 in file:line:column E:\dotnet\ET-Branch_opst\Unity\Assets\Model\Base\Object\Component.cs:124:4
Destroy at offset 354 in file:line:column E:\dotnet\ET-Branch_opst\Unity\Assets\Model\Base\Object\EventSystem.cs:471:6
Run at offset 95 in file:line:column E:\dotnet\ET-Branch_opst\Unity\Assets\Model\Base\Object\IDestroySystem.cs:15:4
Destroy at offset 48 in file:line:column E:\dotnet\ET-Branch_opst\Server\Hotfix\Module\Demo\SessionPlayerComponentSystem.cs:10:4
DestroyAsync at offset 173 in file:line:column <filename unknown>:0:0
Start<TStateMachine> at offset 60 in file:line:column E:\dotnet\ET-Branch_opst\Unity\Assets\Model\Base\Async\AsyncETVoidMethodBuilder.cs:74:13
MoveNext at offset 506 in file:line:column E:\dotnet\ET-Branch_opst\Server\Hotfix\Module\Demo\SessionPlayerComponentSystem.cs:16:4
SetException at offset 42 in file:line:column E:\dotnet\ET-Branch_opst\Unity\Assets\Model\Base\Async\AsyncETVoidMethodBuilder.cs:27:13
Error at offset 102 in file:line:column E:\dotnet\ET-Branch_opst\Server\Model\Base\Log.cs:31:4
Error at offset 53 in file:line:column E:\dotnet\ET-Branch_opst\Server\Model\Base\Logger\NLogAdapter.cs:31:4

2021-11-13 23:30:12.7701 AllServer 0001 System.Exception: actor id is 0
   at ETHotfix.ActorLocationSenderComponent_Ex.Get(ActorLocationSenderComponent self, Int64 id) in E:\dotnet\ET-Branch_opst\Server\Hotfix\Module\ActorLocation\ActorLocationSenderComponentSystem.cs:line 63
   at ETModel.ETTaskCompletionSource`1.ETModel.IAwaiter<T>.GetResult() in E:\dotnet\ET-Branch_opst\Unity\Assets\Model\Base\Async\ETTaskCompletionSource.cs:line 171
   at ETModel.ETTask`1.get_Result() in E:\dotnet\ET-Branch_opst\Unity\Assets\Model\Base\Async\ETTask.cs:line 168
   at ETModel.ETTask`1.Awaiter.GetResult() in E:\dotnet\ET-Branch_opst\Unity\Assets\Model\Base\Async\ETTask.cs:line 254
   at ETHotfix.SessionPlayerComponentDestroySystem.DestroyAsync(SessionPlayerComponent self) in E:\dotnet\ET-Branch_opst\Server\Hotfix\Module\Demo\SessionPlayerComponentSystem.cs:line 16 
 Dispose at offset 121 in file:line:column E:\dotnet\ET-Branch_opst\Unity\Assets\Model\Base\Object\Component.cs:124:4
Destroy at offset 354 in file:line:column E:\dotnet\ET-Branch_opst\Unity\Assets\Model\Base\Object\EventSystem.cs:471:6
Run at offset 95 in file:line:column E:\dotnet\ET-Branch_opst\Unity\Assets\Model\Base\Object\IDestroySystem.cs:15:4
Destroy at offset 48 in file:line:column E:\dotnet\ET-Branch_opst\Server\Hotfix\Module\Demo\SessionPlayerComponentSystem.cs:10:4
DestroyAsync at offset 173 in file:line:column <filename unknown>:0:0
Start<TStateMachine> at offset 60 in file:line:column E:\dotnet\ET-Branch_opst\Unity\Assets\Model\Base\Async\AsyncETVoidMethodBuilder.cs:74:13
MoveNext at offset 506 in file:line:column E:\dotnet\ET-Branch_opst\Server\Hotfix\Module\Demo\SessionPlayerComponentSystem.cs:16:4
SetException at offset 42 in file:line:column E:\dotnet\ET-Branch_opst\Unity\Assets\Model\Base\Async\AsyncETVoidMethodBuilder.cs:27:13
Error at offset 102 in file:line:column E:\dotnet\ET-Branch_opst\Server\Model\Base\Log.cs:31:4
Error at offset 53 in file:line:column E:\dotnet\ET-Branch_opst\Server\Model\Base\Logger\NLogAdapter.cs:31:4

2021-11-13 23:45:48.4814 AllServer 0001 System.Exception: actor id is 0
   at ETHotfix.ActorLocationSenderComponent_Ex.Get(ActorLocationSenderComponent self, Int64 id) in E:\dotnet\ET-Branch_opst\Server\Hotfix\Module\ActorLocation\ActorLocationSenderComponentSystem.cs:line 63
   at ETModel.ETTaskCompletionSource`1.ETModel.IAwaiter<T>.GetResult() in E:\dotnet\ET-Branch_opst\Unity\Assets\Model\Base\Async\ETTaskCompletionSource.cs:line 171
   at ETModel.ETTask`1.get_Result() in E:\dotnet\ET-Branch_opst\Unity\Assets\Model\Base\Async\ETTask.cs:line 168
   at ETModel.ETTask`1.Awaiter.GetResult() in E:\dotnet\ET-Branch_opst\Unity\Assets\Model\Base\Async\ETTask.cs:line 254
   at ETHotfix.SessionPlayerComponentDestroySystem.DestroyAsync(SessionPlayerComponent self) in E:\dotnet\ET-Branch_opst\Server\Hotfix\Module\Demo\SessionPlayerComponentSystem.cs:line 16 
 Dispose at offset 121 in file:line:column E:\dotnet\ET-Branch_opst\Unity\Assets\Model\Base\Object\Component.cs:124:4
Destroy at offset 354 in file:line:column E:\dotnet\ET-Branch_opst\Unity\Assets\Model\Base\Object\EventSystem.cs:471:6
Run at offset 95 in file:line:column E:\dotnet\ET-Branch_opst\Unity\Assets\Model\Base\Object\IDestroySystem.cs:15:4
Destroy at offset 48 in file:line:column E:\dotnet\ET-Branch_opst\Server\Hotfix\Module\Demo\SessionPlayerComponentSystem.cs:10:4
DestroyAsync at offset 173 in file:line:column <filename unknown>:0:0
Start<TStateMachine> at offset 60 in file:line:column E:\dotnet\ET-Branch_opst\Unity\Assets\Model\Base\Async\AsyncETVoidMethodBuilder.cs:74:13
MoveNext at offset 506 in file:line:column E:\dotnet\ET-Branch_opst\Server\Hotfix\Module\Demo\SessionPlayerComponentSystem.cs:16:4
SetException at offset 42 in file:line:column E:\dotnet\ET-Branch_opst\Unity\Assets\Model\Base\Async\AsyncETVoidMethodBuilder.cs:27:13
Error at offset 102 in file:line:column E:\dotnet\ET-Branch_opst\Server\Model\Base\Log.cs:31:4
Error at offset 53 in file:line:column E:\dotnet\ET-Branch_opst\Server\Model\Base\Logger\NLogAdapter.cs:31:4

2021-11-13 23:52:50.9701 AllServer 0001 System.Exception: actor id is 0
   at ETHotfix.ActorLocationSenderComponent_Ex.Get(ActorLocationSenderComponent self, Int64 id) in E:\dotnet\ET-Branch_opst\Server\Hotfix\Module\ActorLocation\ActorLocationSenderComponentSystem.cs:line 63
   at ETModel.ETTaskCompletionSource`1.ETModel.IAwaiter<T>.GetResult() in E:\dotnet\ET-Branch_opst\Unity\Assets\Model\Base\Async\ETTaskCompletionSource.cs:line 171
   at ETModel.ETTask`1.get_Result() in E:\dotnet\ET-Branch_opst\Unity\Assets\Model\Base\Async\ETTask.cs:line 168
   at ETModel.ETTask`1.Awaiter.GetResult() in E:\dotnet\ET-Branch_opst\Unity\Assets\Model\Base\Async\ETTask.cs:line 254
   at ETHotfix.SessionPlayerComponentDestroySystem.DestroyAsync(SessionPlayerComponent self) in E:\dotnet\ET-Branch_opst\Server\Hotfix\Module\Demo\SessionPlayerComponentSystem.cs:line 16 
 Dispose at offset 121 in file:line:column E:\dotnet\ET-Branch_opst\Unity\Assets\Model\Base\Object\Component.cs:124:4
Destroy at offset 354 in file:line:column E:\dotnet\ET-Branch_opst\Unity\Assets\Model\Base\Object\EventSystem.cs:471:6
Run at offset 95 in file:line:column E:\dotnet\ET-Branch_opst\Unity\Assets\Model\Base\Object\IDestroySystem.cs:15:4
Destroy at offset 48 in file:line:column E:\dotnet\ET-Branch_opst\Server\Hotfix\Module\Demo\SessionPlayerComponentSystem.cs:10:4
DestroyAsync at offset 173 in file:line:column <filename unknown>:0:0
Start<TStateMachine> at offset 60 in file:line:column E:\dotnet\ET-Branch_opst\Unity\Assets\Model\Base\Async\AsyncETVoidMethodBuilder.cs:74:13
MoveNext at offset 506 in file:line:column E:\dotnet\ET-Branch_opst\Server\Hotfix\Module\Demo\SessionPlayerComponentSystem.cs:16:4
SetException at offset 42 in file:line:column E:\dotnet\ET-Branch_opst\Unity\Assets\Model\Base\Async\AsyncETVoidMethodBuilder.cs:27:13
Error at offset 102 in file:line:column E:\dotnet\ET-Branch_opst\Server\Model\Base\Log.cs:31:4
Error at offset 53 in file:line:column E:\dotnet\ET-Branch_opst\Server\Model\Base\Logger\NLogAdapter.cs:31:4

2021-11-14 00:04:36.9486 AllServer 0001 System.Exception: actor id is 0
   at ETHotfix.ActorLocationSenderComponent_Ex.Get(ActorLocationSenderComponent self, Int64 id) in E:\dotnet\ET-Branch_opst\Server\Hotfix\Module\ActorLocation\ActorLocationSenderComponentSystem.cs:line 63
   at ETModel.ETTaskCompletionSource`1.ETModel.IAwaiter<T>.GetResult() in E:\dotnet\ET-Branch_opst\Unity\Assets\Model\Base\Async\ETTaskCompletionSource.cs:line 171
   at ETModel.ETTask`1.get_Result() in E:\dotnet\ET-Branch_opst\Unity\Assets\Model\Base\Async\ETTask.cs:line 168
   at ETModel.ETTask`1.Awaiter.GetResult() in E:\dotnet\ET-Branch_opst\Unity\Assets\Model\Base\Async\ETTask.cs:line 254
   at ETHotfix.SessionPlayerComponentDestroySystem.DestroyAsync(SessionPlayerComponent self) in E:\dotnet\ET-Branch_opst\Server\Hotfix\Module\Demo\SessionPlayerComponentSystem.cs:line 16 
 Dispose at offset 121 in file:line:column E:\dotnet\ET-Branch_opst\Unity\Assets\Model\Base\Object\Component.cs:124:4
Destroy at offset 354 in file:line:column E:\dotnet\ET-Branch_opst\Unity\Assets\Model\Base\Object\EventSystem.cs:471:6
Run at offset 95 in file:line:column E:\dotnet\ET-Branch_opst\Unity\Assets\Model\Base\Object\IDestroySystem.cs:15:4
Destroy at offset 48 in file:line:column E:\dotnet\ET-Branch_opst\Server\Hotfix\Module\Demo\SessionPlayerComponentSystem.cs:10:4
DestroyAsync at offset 173 in file:line:column <filename unknown>:0:0
Start<TStateMachine> at offset 60 in file:line:column E:\dotnet\ET-Branch_opst\Unity\Assets\Model\Base\Async\AsyncETVoidMethodBuilder.cs:74:13
MoveNext at offset 506 in file:line:column E:\dotnet\ET-Branch_opst\Server\Hotfix\Module\Demo\SessionPlayerComponentSystem.cs:16:4
SetException at offset 42 in file:line:column E:\dotnet\ET-Branch_opst\Unity\Assets\Model\Base\Async\AsyncETVoidMethodBuilder.cs:27:13
Error at offset 102 in file:line:column E:\dotnet\ET-Branch_opst\Server\Model\Base\Log.cs:31:4
Error at offset 53 in file:line:column E:\dotnet\ET-Branch_opst\Server\Model\Base\Logger\NLogAdapter.cs:31:4

2021-11-14 00:05:17.2388 AllServer 0001 System.Exception: actor id is 0
   at ETHotfix.ActorLocationSenderComponent_Ex.Get(ActorLocationSenderComponent self, Int64 id) in E:\dotnet\ET-Branch_opst\Server\Hotfix\Module\ActorLocation\ActorLocationSenderComponentSystem.cs:line 63
   at ETModel.ETTaskCompletionSource`1.ETModel.IAwaiter<T>.GetResult() in E:\dotnet\ET-Branch_opst\Unity\Assets\Model\Base\Async\ETTaskCompletionSource.cs:line 171
   at ETModel.ETTask`1.get_Result() in E:\dotnet\ET-Branch_opst\Unity\Assets\Model\Base\Async\ETTask.cs:line 168
   at ETModel.ETTask`1.Awaiter.GetResult() in E:\dotnet\ET-Branch_opst\Unity\Assets\Model\Base\Async\ETTask.cs:line 254
   at ETHotfix.SessionPlayerComponentDestroySystem.DestroyAsync(SessionPlayerComponent self) in E:\dotnet\ET-Branch_opst\Server\Hotfix\Module\Demo\SessionPlayerComponentSystem.cs:line 16 
 Dispose at offset 121 in file:line:column E:\dotnet\ET-Branch_opst\Unity\Assets\Model\Base\Object\Component.cs:124:4
Destroy at offset 354 in file:line:column E:\dotnet\ET-Branch_opst\Unity\Assets\Model\Base\Object\EventSystem.cs:471:6
Run at offset 95 in file:line:column E:\dotnet\ET-Branch_opst\Unity\Assets\Model\Base\Object\IDestroySystem.cs:15:4
Destroy at offset 48 in file:line:column E:\dotnet\ET-Branch_opst\Server\Hotfix\Module\Demo\SessionPlayerComponentSystem.cs:10:4
DestroyAsync at offset 173 in file:line:column <filename unknown>:0:0
Start<TStateMachine> at offset 60 in file:line:column E:\dotnet\ET-Branch_opst\Unity\Assets\Model\Base\Async\AsyncETVoidMethodBuilder.cs:74:13
MoveNext at offset 506 in file:line:column E:\dotnet\ET-Branch_opst\Server\Hotfix\Module\Demo\SessionPlayerComponentSystem.cs:16:4
SetException at offset 42 in file:line:column E:\dotnet\ET-Branch_opst\Unity\Assets\Model\Base\Async\AsyncETVoidMethodBuilder.cs:27:13
Error at offset 102 in file:line:column E:\dotnet\ET-Branch_opst\Server\Model\Base\Log.cs:31:4
Error at offset 53 in file:line:column E:\dotnet\ET-Branch_opst\Server\Model\Base\Logger\NLogAdapter.cs:31:4

