2021-11-04 20:52:04.6230 AllServer 0001 (Session.cs:150) { "_t" : "C2R_TestRequest", "RpcId" : 1, "Message" : "just testing " }
2021-11-04 20:57:49.9649 AllServer 0001 (Session.cs:150) { "_t" : "C2R_TestRequest", "RpcId" : 1, "Message" : "just testing " }
2021-11-04 20:57:49.9725 AllServer 0001 (Session.cs:297) { "_t" : "G2C_TestHotfixMessage", "Info" : "recv hotfix message success" }
2021-11-04 20:57:49.9725 AllServer 0001 (Session.cs:297) { "_t" : "R2C_TestResponse", "RpcId" : 1, "Error" : 0, "Message" : "We have received the message! just testing  is sent", "Address" : "from server", "Key" : NumberLong(1234567) }
2021-11-04 21:12:00.3411 AllServer 0001 (Session.cs:150) { "_t" : "C2R_TestRequest", "RpcId" : 1, "Message" : "just testing " }
2021-11-04 21:12:00.3411 AllServer 0001 (Session.cs:297) { "_t" : "G2C_TestHotfixMessage", "Info" : "recv hotfix message success" }
2021-11-04 21:12:00.3616 AllServer 0001 (Session.cs:297) { "_t" : "R2C_TestResponse", "RpcId" : 1, "Error" : 0, "Message" : "We have received the message! just testing  is sent", "Address" : "127.0.0.1:10002", "Key" : NumberLong(1234567) }
2021-11-04 21:12:00.4201 AllServer 0001 (Session.cs:150) { "_t" : "C2G_LoginGate", "RpcId" : 2, "Key" : NumberLong(1234567) }
2021-11-04 21:12:00.4201 AllServer 0001 (Session.cs:297) { "_t" : "G2C_LoginGate", "RpcId" : 2, "Error" : 100006, "Message" : "Gate key验证失败!", "PlayerId" : NumberLong(0) }
2021-11-04 21:25:50.2074 AllServer 0001 (Session.cs:150) { "_t" : "C2R_TestRequest", "RpcId" : 1, "Message" : "just testing " }
2021-11-04 21:25:50.2216 AllServer 0001 (Session.cs:297) { "_t" : "R2G_GetLoginKey", "RpcId" : 1, "Account" : "just testing " }
2021-11-04 21:25:50.2337 AllServer 0001 (Session.cs:150) { "_t" : "R2G_GetLoginKey", "RpcId" : 1, "Account" : "just testing " }
2021-11-04 21:25:50.2337 AllServer 0001 (Session.cs:297) { "_t" : "G2R_GetLoginKey", "RpcId" : 1, "Error" : 0, "Message" : null, "Key" : NumberLong("2835722428936709964") }
2021-11-04 21:25:50.2337 AllServer 0001 (Session.cs:150) { "_t" : "G2R_GetLoginKey", "RpcId" : 1, "Error" : 0, "Message" : null, "Key" : NumberLong("2835722428936709964") }
2021-11-04 21:25:50.2337 AllServer 0001 (Session.cs:297) { "_t" : "G2C_TestHotfixMessage", "Info" : "recv hotfix message success" }
2021-11-04 21:25:50.2482 AllServer 0001 (Session.cs:297) { "_t" : "R2C_TestResponse", "RpcId" : 1, "Error" : 0, "Message" : "We have received the message! just testing  is sent", "Address" : "127.0.0.1:10002", "Key" : NumberLong("2835722428936709964") }
2021-11-04 21:25:50.2977 AllServer 0001 (Session.cs:150) { "_t" : "C2G_LoginGate", "RpcId" : 2, "Key" : NumberLong("2835722428936709964") }
2021-11-04 21:25:50.2977 AllServer 0001 (Session.cs:297) { "_t" : "G2C_LoginGate", "RpcId" : 2, "Error" : 0, "Message" : "", "PlayerId" : NumberLong(16515073) }
2021-11-04 21:25:50.2977 AllServer 0001 (Session.cs:297) { "_t" : "G2C_TestHotfixMessage", "Info" : "recv hotfix message success" }
2021-11-04 21:26:15.1064 AllServer 0001 (Session.cs:150) { "_t" : "C2R_TestRequest", "RpcId" : 1, "Message" : "just testing " }
2021-11-04 21:26:15.1064 AllServer 0001 (Session.cs:297) { "_t" : "R2G_GetLoginKey", "RpcId" : 2, "Account" : "just testing " }
2021-11-04 21:26:15.1064 AllServer 0001 (Session.cs:150) { "_t" : "R2G_GetLoginKey", "RpcId" : 2, "Account" : "just testing " }
2021-11-04 21:26:15.1064 AllServer 0001 (Session.cs:297) { "_t" : "G2R_GetLoginKey", "RpcId" : 2, "Error" : 0, "Message" : null, "Key" : NumberLong("7856861349177190489") }
2021-11-04 21:26:15.1064 AllServer 0001 (Session.cs:150) { "_t" : "G2R_GetLoginKey", "RpcId" : 2, "Error" : 0, "Message" : null, "Key" : NumberLong("7856861349177190489") }
2021-11-04 21:26:15.1064 AllServer 0001 (Session.cs:297) { "_t" : "G2C_TestHotfixMessage", "Info" : "recv hotfix message success" }
2021-11-04 21:26:15.1064 AllServer 0001 (Session.cs:297) { "_t" : "R2C_TestResponse", "RpcId" : 1, "Error" : 0, "Message" : "We have received the message! just testing  is sent", "Address" : "127.0.0.1:10002", "Key" : NumberLong("7856861349177190489") }
2021-11-04 21:26:15.1683 AllServer 0001 (Session.cs:150) { "_t" : "C2G_LoginGate", "RpcId" : 2, "Key" : NumberLong("7856861349177190489") }
2021-11-04 21:26:15.1683 AllServer 0001 (Session.cs:297) { "_t" : "G2C_LoginGate", "RpcId" : 2, "Error" : 0, "Message" : "", "PlayerId" : NumberLong(19922945) }
2021-11-04 21:26:15.1694 AllServer 0001 (Session.cs:297) { "_t" : "G2C_TestHotfixMessage", "Info" : "recv hotfix message success" }
2021-11-04 21:26:17.3342 AllServer 0001 (Session.cs:150) { "_t" : "C2R_TestRequest", "RpcId" : 3, "Message" : "just testing " }
2021-11-04 21:26:17.3342 AllServer 0001 (Session.cs:297) { "_t" : "R2G_GetLoginKey", "RpcId" : 3, "Account" : "just testing " }
2021-11-04 21:26:17.3342 AllServer 0001 (Session.cs:150) { "_t" : "R2G_GetLoginKey", "RpcId" : 3, "Account" : "just testing " }
2021-11-04 21:26:17.3342 AllServer 0001 (Session.cs:297) { "_t" : "G2R_GetLoginKey", "RpcId" : 3, "Error" : 0, "Message" : null, "Key" : NumberLong("6260907988137428480") }
2021-11-04 21:26:17.3342 AllServer 0001 (Session.cs:150) { "_t" : "G2R_GetLoginKey", "RpcId" : 3, "Error" : 0, "Message" : null, "Key" : NumberLong("6260907988137428480") }
2021-11-04 21:26:17.3342 AllServer 0001 (Session.cs:297) { "_t" : "G2C_TestHotfixMessage", "Info" : "recv hotfix message success" }
2021-11-04 21:26:17.3342 AllServer 0001 (Session.cs:297) { "_t" : "R2C_TestResponse", "RpcId" : 3, "Error" : 0, "Message" : "We have received the message! just testing  is sent", "Address" : "127.0.0.1:10002", "Key" : NumberLong("6260907988137428480") }
2021-11-04 21:28:26.6745 AllServer 0001 (Session.cs:150) { "_t" : "C2R_TestRequest", "RpcId" : 1, "Message" : "just testing " }
2021-11-04 21:28:26.6862 AllServer 0001 (Session.cs:297) { "_t" : "R2G_GetLoginKey", "RpcId" : 1, "Account" : "just testing " }
2021-11-04 21:28:26.6862 AllServer 0001 (Session.cs:150) { "_t" : "R2G_GetLoginKey", "RpcId" : 1, "Account" : "just testing " }
2021-11-04 21:28:26.7015 AllServer 0001 (Session.cs:297) { "_t" : "G2R_GetLoginKey", "RpcId" : 1, "Error" : 0, "Message" : null, "Key" : NumberLong("7875900310476183948") }
2021-11-04 21:28:26.7015 AllServer 0001 (Session.cs:150) { "_t" : "G2R_GetLoginKey", "RpcId" : 1, "Error" : 0, "Message" : null, "Key" : NumberLong("7875900310476183948") }
2021-11-04 21:45:37.4161 AllServer 0001 (Session.cs:150) { "_t" : "C2R_TestRequest", "RpcId" : 1, "Message" : "just testing " }
2021-11-04 21:45:37.4309 AllServer 0001 (Session.cs:297) { "_t" : "R2G_GetLoginKey", "RpcId" : 1, "Account" : "just testing " }
2021-11-04 21:45:37.4434 AllServer 0001 (Session.cs:150) { "_t" : "R2G_GetLoginKey", "RpcId" : 1, "Account" : "just testing " }
2021-11-04 21:45:37.4434 AllServer 0001 (Session.cs:297) { "_t" : "G2R_GetLoginKey", "RpcId" : 1, "Error" : 0, "Message" : null, "Key" : NumberLong("3099426788059496993") }
2021-11-04 21:45:37.4434 AllServer 0001 (Session.cs:150) { "_t" : "G2R_GetLoginKey", "RpcId" : 1, "Error" : 0, "Message" : null, "Key" : NumberLong("3099426788059496993") }
2021-11-04 21:51:11.1117 AllServer 0001 (Session.cs:150) { "_t" : "C2R_TestRequest", "RpcId" : 1, "Message" : "just testing " }
2021-11-04 21:51:11.1746 AllServer 0001 (Session.cs:297) { "_t" : "R2C_TestResponse", "RpcId" : 1, "Error" : 102001, "Message" : "System.ArgumentOutOfRangeException: Index was out of range. Must be non-negative and less than the size of the collection. (Parameter 'index')\r\n   at System.Collections.Generic.List`1.get_Item(Int32 index)\r\n   at ETModel.RealmGateAddressComponent.GetAddress() in D:\\UnityWork\\ET-Branch_V5.0\\ET-Branch_V5.0\\Server\\Model\\Module\\Demo\\RealmGateAddressComponent.cs:line 12\r\n   at ETHotfix.TestHandler.Run(Session session, C2R_TestRequest request, R2C_TestResponse response, Action reply) in D:\\UnityWork\\ET-Branch_V5.0\\ET-Branch_V5.0\\Server\\Hotfix\\Test\\TestHandler.cs:line 27\r\n   at ETModel.ETTaskCompletionSource.ETModel.IAwaiter.GetResult() in D:\\UnityWork\\ET-Branch_V5.0\\ET-Branch_V5.0\\Unity\\Assets\\Model\\Base\\Async\\ETTaskCompletionSource.cs:line 32\r\n   at ETModel.ETTask.GetResult() in D:\\UnityWork\\ET-Branch_V5.0\\ET-Branch_V5.0\\Unity\\Assets\\Model\\Base\\Async\\ETTask.cs:line 33\r\n   at ETModel.ETTask.Awaiter.GetResult() in D:\\UnityWork\\ET-Branch_V5.0\\ET-Branch_V5.0\\Unity\\Assets\\Model\\Base\\Async\\ETTask.cs:line 98\r\n   at ETModel.AMRpcHandler`2.Handle(Session session, Object message) in D:\\UnityWork\\ET-Branch_V5.0\\ET-Branch_V5.0\\Server\\Model\\Module\\Message\\AMRpcHandler.cs:line 37", "Address" : "", "Key" : NumberLong(0) }
2021-11-04 21:51:15.3448 AllServer 0001 (Session.cs:150) { "_t" : "C2R_TestRequest", "RpcId" : 2, "Message" : "just testing " }
2021-11-04 21:51:15.3448 AllServer 0001 (Session.cs:297) { "_t" : "R2G_GetLoginKey", "RpcId" : 1, "Account" : "just testing " }
2021-11-04 21:51:15.3647 AllServer 0001 (Session.cs:150) { "_t" : "R2G_GetLoginKey", "RpcId" : 1, "Account" : "just testing " }
2021-11-04 21:51:15.3647 AllServer 0001 (Session.cs:297) { "_t" : "G2R_GetLoginKey", "RpcId" : 1, "Error" : 0, "Message" : null, "Key" : NumberLong("-1530122496327325046") }
2021-11-04 21:51:15.3647 AllServer 0001 (Session.cs:150) { "_t" : "G2R_GetLoginKey", "RpcId" : 1, "Error" : 0, "Message" : null, "Key" : NumberLong("-1530122496327325046") }
2021-11-04 21:54:45.9469 AllServer 0001 (Session.cs:150) { "_t" : "C2R_TestRequest", "RpcId" : 1, "Message" : "just testing " }
2021-11-04 21:54:45.9597 AllServer 0001 (Session.cs:297) { "_t" : "R2G_GetLoginKey", "RpcId" : 1, "Account" : "just testing " }
2021-11-04 21:54:45.9720 AllServer 0001 (Session.cs:150) { "_t" : "R2G_GetLoginKey", "RpcId" : 1, "Account" : "just testing " }
2021-11-04 21:54:45.9720 AllServer 0001 (Session.cs:297) { "_t" : "G2R_GetLoginKey", "RpcId" : 1, "Error" : 0, "Message" : null, "Key" : NumberLong("2557745138161281071") }
2021-11-04 21:54:45.9720 AllServer 0001 (Session.cs:150) { "_t" : "G2R_GetLoginKey", "RpcId" : 1, "Error" : 0, "Message" : null, "Key" : NumberLong("2557745138161281071") }
2021-11-04 21:56:42.9473 AllServer 0001 (Session.cs:150) { "_t" : "C2R_TestRequest", "RpcId" : 1, "Message" : "just testing " }
2021-11-04 21:56:42.9599 AllServer 0001 (Session.cs:297) { "_t" : "R2G_GetLoginKey", "RpcId" : 1, "Account" : "just testing " }
2021-11-04 21:56:42.9715 AllServer 0001 (Session.cs:150) { "_t" : "R2G_GetLoginKey", "RpcId" : 1, "Account" : "just testing " }
2021-11-04 21:56:42.9715 AllServer 0001 (Session.cs:297) { "_t" : "G2R_GetLoginKey", "RpcId" : 1, "Error" : 0, "Message" : null, "Key" : NumberLong("1028177494074939337") }
2021-11-04 21:56:42.9715 AllServer 0001 (Session.cs:150) { "_t" : "G2R_GetLoginKey", "RpcId" : 1, "Error" : 0, "Message" : null, "Key" : NumberLong("1028177494074939337") }
2021-11-04 22:03:49.7209 AllServer 0001 (Session.cs:150) { "_t" : "C2R_TestRequest", "RpcId" : 1, "Message" : "just testing " }
2021-11-04 22:03:49.7346 AllServer 0001 (Session.cs:297) { "_t" : "R2G_GetLoginKey", "RpcId" : 1, "Account" : "just testing " }
2021-11-04 22:03:49.7346 AllServer 0001 (Session.cs:150) { "_t" : "R2G_GetLoginKey", "RpcId" : 1, "Account" : "just testing " }
2021-11-04 22:03:49.7515 AllServer 0001 (Session.cs:297) { "_t" : "G2R_GetLoginKey", "RpcId" : 1, "Error" : 0, "Message" : null, "Key" : NumberLong("8645634323894384730") }
2021-11-04 22:03:49.7515 AllServer 0001 (Session.cs:150) { "_t" : "G2R_GetLoginKey", "RpcId" : 1, "Error" : 0, "Message" : null, "Key" : NumberLong("8645634323894384730") }
2021-11-04 22:16:50.8938 AllServer 0001 (Session.cs:150) { "_t" : "C2R_TestRequest", "RpcId" : 1, "Message" : "just testing " }
2021-11-04 22:16:50.9071 AllServer 0001 (Session.cs:297) { "_t" : "R2G_GetLoginKey", "RpcId" : 1, "Account" : "just testing " }
2021-11-04 22:16:50.9071 AllServer 0001 (Session.cs:150) { "_t" : "R2G_GetLoginKey", "RpcId" : 1, "Account" : "just testing " }
2021-11-04 22:16:50.9227 AllServer 0001 (Session.cs:297) { "_t" : "G2R_GetLoginKey", "RpcId" : 1, "Error" : 0, "Message" : null, "Key" : NumberLong("6276801146502742181") }
2021-11-04 22:16:50.9227 AllServer 0001 (Session.cs:150) { "_t" : "G2R_GetLoginKey", "RpcId" : 1, "Error" : 0, "Message" : null, "Key" : NumberLong("6276801146502742181") }
2021-11-04 22:16:50.9227 AllServer 0001 (Session.cs:297) { "_t" : "G2C_TestHotfixMessage", "Info" : "recv hotfix message success" }
2021-11-04 22:16:50.9227 AllServer 0001 (Session.cs:297) { "_t" : "R2C_TestResponse", "RpcId" : 1, "Error" : 0, "Message" : "We have received the message! just testing  is sent", "Address" : "127.0.0.1:10002", "Key" : NumberLong("6276801146502742181") }
2021-11-04 22:16:50.9860 AllServer 0001 (Session.cs:150) { "_t" : "C2G_LoginGate", "RpcId" : 2, "Key" : NumberLong("6276801146502742181") }
2021-11-04 22:16:50.9860 AllServer 0001 (Session.cs:297) { "_t" : "G2C_LoginGate", "RpcId" : 2, "Error" : 0, "Message" : "", "PlayerId" : NumberLong(16777217) }
2021-11-04 22:16:50.9860 AllServer 0001 (Session.cs:297) { "_t" : "G2C_TestHotfixMessage", "Info" : "recv hotfix message success" }
2021-11-04 22:17:49.7325 AllServer 0001 (Session.cs:150) { "_t" : "C2R_TestRequest", "RpcId" : 1, "Message" : "just testing " }
2021-11-04 22:17:49.7325 AllServer 0001 (Session.cs:297) { "_t" : "R2G_GetLoginKey", "RpcId" : 2, "Account" : "just testing " }
2021-11-04 22:17:49.7325 AllServer 0001 (Session.cs:150) { "_t" : "R2G_GetLoginKey", "RpcId" : 2, "Account" : "just testing " }
2021-11-04 22:17:49.7325 AllServer 0001 (Session.cs:297) { "_t" : "G2R_GetLoginKey", "RpcId" : 2, "Error" : 0, "Message" : null, "Key" : NumberLong("7526322352287354208") }
2021-11-04 22:17:49.7345 AllServer 0001 (Session.cs:150) { "_t" : "G2R_GetLoginKey", "RpcId" : 2, "Error" : 0, "Message" : null, "Key" : NumberLong("7526322352287354208") }
2021-11-04 22:17:49.7725 AllServer 0001 (Session.cs:297) { "_t" : "R2C_TestResponse", "RpcId" : 1, "Error" : 102001, "Message" : "System.Exception: AddComponent, component already exist, id: 262144, component: UserComponent\r\n   at ETModel.Entity.AddComponent[K]() in D:\\UnityWork\\ET-Branch_V5.0\\ET-Branch_V5.0\\Unity\\Assets\\Model\\Base\\Object\\Entity.cs:line 95\r\n   at ETHotfix.TestHandler.Run(Session session, C2R_TestRequest request, R2C_TestResponse response, Action reply) in D:\\UnityWork\\ET-Branch_V5.0\\ET-Branch_V5.0\\Server\\Hotfix\\Test\\TestHandler.cs:line 37\r\n   at ETModel.ETTaskCompletionSource.ETModel.IAwaiter.GetResult() in D:\\UnityWork\\ET-Branch_V5.0\\ET-Branch_V5.0\\Unity\\Assets\\Model\\Base\\Async\\ETTaskCompletionSource.cs:line 32\r\n   at ETModel.ETTask.GetResult() in D:\\UnityWork\\ET-Branch_V5.0\\ET-Branch_V5.0\\Unity\\Assets\\Model\\Base\\Async\\ETTask.cs:line 33\r\n   at ETModel.ETTask.Awaiter.GetResult() in D:\\UnityWork\\ET-Branch_V5.0\\ET-Branch_V5.0\\Unity\\Assets\\Model\\Base\\Async\\ETTask.cs:line 98\r\n   at ETModel.AMRpcHandler`2.Handle(Session session, Object message) in D:\\UnityWork\\ET-Branch_V5.0\\ET-Branch_V5.0\\Server\\Model\\Module\\Message\\AMRpcHandler.cs:line 37", "Address" : "127.0.0.1:10002", "Key" : NumberLong("7526322352287354208") }
2021-11-04 22:18:12.5350 AllServer 0001 (Session.cs:150) { "_t" : "C2R_TestRequest", "RpcId" : 2, "Message" : "just testing " }
2021-11-04 22:18:12.5350 AllServer 0001 (Session.cs:297) { "_t" : "R2G_GetLoginKey", "RpcId" : 3, "Account" : "just testing " }
2021-11-04 22:18:12.5350 AllServer 0001 (Session.cs:150) { "_t" : "R2G_GetLoginKey", "RpcId" : 3, "Account" : "just testing " }
2021-11-04 22:18:12.5350 AllServer 0001 (Session.cs:297) { "_t" : "G2R_GetLoginKey", "RpcId" : 3, "Error" : 0, "Message" : null, "Key" : NumberLong("-6583253942233906486") }
2021-11-04 22:18:12.5350 AllServer 0001 (Session.cs:150) { "_t" : "G2R_GetLoginKey", "RpcId" : 3, "Error" : 0, "Message" : null, "Key" : NumberLong("-6583253942233906486") }
2021-11-04 22:18:12.5772 AllServer 0001 (Session.cs:297) { "_t" : "R2C_TestResponse", "RpcId" : 2, "Error" : 102001, "Message" : "System.Exception: AddComponent, component already exist, id: 262144, component: UserComponent\r\n   at ETModel.Entity.AddComponent[K]() in D:\\UnityWork\\ET-Branch_V5.0\\ET-Branch_V5.0\\Unity\\Assets\\Model\\Base\\Object\\Entity.cs:line 95\r\n   at ETHotfix.TestHandler.Run(Session session, C2R_TestRequest request, R2C_TestResponse response, Action reply) in D:\\UnityWork\\ET-Branch_V5.0\\ET-Branch_V5.0\\Server\\Hotfix\\Test\\TestHandler.cs:line 37\r\n   at ETModel.ETTaskCompletionSource.ETModel.IAwaiter.GetResult() in D:\\UnityWork\\ET-Branch_V5.0\\ET-Branch_V5.0\\Unity\\Assets\\Model\\Base\\Async\\ETTaskCompletionSource.cs:line 32\r\n   at ETModel.ETTask.GetResult() in D:\\UnityWork\\ET-Branch_V5.0\\ET-Branch_V5.0\\Unity\\Assets\\Model\\Base\\Async\\ETTask.cs:line 33\r\n   at ETModel.ETTask.Awaiter.GetResult() in D:\\UnityWork\\ET-Branch_V5.0\\ET-Branch_V5.0\\Unity\\Assets\\Model\\Base\\Async\\ETTask.cs:line 98\r\n   at ETModel.AMRpcHandler`2.Handle(Session session, Object message) in D:\\UnityWork\\ET-Branch_V5.0\\ET-Branch_V5.0\\Server\\Model\\Module\\Message\\AMRpcHandler.cs:line 37", "Address" : "127.0.0.1:10002", "Key" : NumberLong("-6583253942233906486") }
2021-11-04 22:18:40.6699 AllServer 0001 (Session.cs:150) { "_t" : "C2R_TestRequest", "RpcId" : 1, "Message" : "just testing " }
2021-11-04 22:18:40.6699 AllServer 0001 (Session.cs:297) { "_t" : "R2G_GetLoginKey", "RpcId" : 4, "Account" : "just testing " }
2021-11-04 22:18:40.6699 AllServer 0001 (Session.cs:150) { "_t" : "R2G_GetLoginKey", "RpcId" : 4, "Account" : "just testing " }
2021-11-04 22:18:40.6699 AllServer 0001 (Session.cs:297) { "_t" : "G2R_GetLoginKey", "RpcId" : 4, "Error" : 0, "Message" : null, "Key" : NumberLong("6757154876464074373") }
2021-11-04 22:18:40.6719 AllServer 0001 (Session.cs:150) { "_t" : "G2R_GetLoginKey", "RpcId" : 4, "Error" : 0, "Message" : null, "Key" : NumberLong("6757154876464074373") }
2021-11-04 22:18:40.6992 AllServer 0001 (Session.cs:297) { "_t" : "R2C_TestResponse", "RpcId" : 1, "Error" : 102001, "Message" : "System.Exception: AddComponent, component already exist, id: 262144, component: UserComponent\r\n   at ETModel.Entity.AddComponent[K]() in D:\\UnityWork\\ET-Branch_V5.0\\ET-Branch_V5.0\\Unity\\Assets\\Model\\Base\\Object\\Entity.cs:line 95\r\n   at ETHotfix.TestHandler.Run(Session session, C2R_TestRequest request, R2C_TestResponse response, Action reply) in D:\\UnityWork\\ET-Branch_V5.0\\ET-Branch_V5.0\\Server\\Hotfix\\Test\\TestHandler.cs:line 37\r\n   at ETModel.ETTaskCompletionSource.ETModel.IAwaiter.GetResult() in D:\\UnityWork\\ET-Branch_V5.0\\ET-Branch_V5.0\\Unity\\Assets\\Model\\Base\\Async\\ETTaskCompletionSource.cs:line 32\r\n   at ETModel.ETTask.GetResult() in D:\\UnityWork\\ET-Branch_V5.0\\ET-Branch_V5.0\\Unity\\Assets\\Model\\Base\\Async\\ETTask.cs:line 33\r\n   at ETModel.ETTask.Awaiter.GetResult() in D:\\UnityWork\\ET-Branch_V5.0\\ET-Branch_V5.0\\Unity\\Assets\\Model\\Base\\Async\\ETTask.cs:line 98\r\n   at ETModel.AMRpcHandler`2.Handle(Session session, Object message) in D:\\UnityWork\\ET-Branch_V5.0\\ET-Branch_V5.0\\Server\\Model\\Module\\Message\\AMRpcHandler.cs:line 37", "Address" : "127.0.0.1:10002", "Key" : NumberLong("6757154876464074373") }
2021-11-04 22:25:52.0452 AllServer 0001 (Session.cs:150) { "_t" : "C2R_TestRequest", "RpcId" : 1, "Message" : "just testing " }
2021-11-04 22:25:52.0580 AllServer 0001 (Session.cs:297) { "_t" : "R2G_GetLoginKey", "RpcId" : 1, "Account" : "just testing " }
2021-11-04 22:25:52.0695 AllServer 0001 (Session.cs:150) { "_t" : "R2G_GetLoginKey", "RpcId" : 1, "Account" : "just testing " }
2021-11-04 22:25:52.0695 AllServer 0001 (Session.cs:297) { "_t" : "G2R_GetLoginKey", "RpcId" : 1, "Error" : 0, "Message" : null, "Key" : NumberLong("9149438085842745126") }
2021-11-04 22:25:52.0695 AllServer 0001 (Session.cs:150) { "_t" : "G2R_GetLoginKey", "RpcId" : 1, "Error" : 0, "Message" : null, "Key" : NumberLong("9149438085842745126") }
2021-11-04 22:27:31.5575 AllServer 0001 (Session.cs:297) { "_t" : "R2C_TestResponse", "RpcId" : 1, "Error" : 102001, "Message" : "System.NullReferenceException: Object reference not set to an instance of an object.\r\n   at ETHotfix.TestHandler.Run(Session session, C2R_TestRequest request, R2C_TestResponse response, Action reply) in D:\\UnityWork\\ET-Branch_V5.0\\ET-Branch_V5.0\\Server\\Hotfix\\Test\\TestHandler.cs:line 41\r\n   at ETModel.ETTaskCompletionSource.ETModel.IAwaiter.GetResult() in D:\\UnityWork\\ET-Branch_V5.0\\ET-Branch_V5.0\\Unity\\Assets\\Model\\Base\\Async\\ETTaskCompletionSource.cs:line 32\r\n   at ETModel.ETTask.GetResult() in D:\\UnityWork\\ET-Branch_V5.0\\ET-Branch_V5.0\\Unity\\Assets\\Model\\Base\\Async\\ETTask.cs:line 33\r\n   at ETModel.ETTask.Awaiter.GetResult() in D:\\UnityWork\\ET-Branch_V5.0\\ET-Branch_V5.0\\Unity\\Assets\\Model\\Base\\Async\\ETTask.cs:line 98\r\n   at ETModel.AMRpcHandler`2.Handle(Session session, Object message) in D:\\UnityWork\\ET-Branch_V5.0\\ET-Branch_V5.0\\Server\\Model\\Module\\Message\\AMRpcHandler.cs:line 37", "Address" : "127.0.0.1:10002", "Key" : NumberLong("9149438085842745126") }
2021-11-04 22:27:31.5680 AllServer 0001 (Session.cs:150) { "_t" : "C2R_TestRequest", "RpcId" : 1, "Message" : "just testing " }
2021-11-04 22:27:31.5680 AllServer 0001 (Session.cs:297) { "_t" : "R2G_GetLoginKey", "RpcId" : 2, "Account" : "just testing " }
2021-11-04 22:27:31.5680 AllServer 0001 (Session.cs:150) { "_t" : "R2G_GetLoginKey", "RpcId" : 2, "Account" : "just testing " }
2021-11-04 22:27:31.5680 AllServer 0001 (Session.cs:297) { "_t" : "G2R_GetLoginKey", "RpcId" : 2, "Error" : 0, "Message" : null, "Key" : NumberLong("-8403654046684165302") }
2021-11-04 22:27:31.5680 AllServer 0001 (Session.cs:150) { "_t" : "G2R_GetLoginKey", "RpcId" : 2, "Error" : 0, "Message" : null, "Key" : NumberLong("-8403654046684165302") }
2021-11-04 22:27:43.8705 AllServer 0001 (Session.cs:297) { "_t" : "R2C_TestResponse", "RpcId" : 1, "Error" : 102001, "Message" : "System.Exception: AddComponent, component already exist, id: 262144, component: UserComponent\r\n   at ETModel.Entity.AddComponent[K]() in D:\\UnityWork\\ET-Branch_V5.0\\ET-Branch_V5.0\\Unity\\Assets\\Model\\Base\\Object\\Entity.cs:line 95\r\n   at ETHotfix.TestHandler.Run(Session session, C2R_TestRequest request, R2C_TestResponse response, Action reply) in D:\\UnityWork\\ET-Branch_V5.0\\ET-Branch_V5.0\\Server\\Hotfix\\Test\\TestHandler.cs:line 38\r\n   at ETModel.ETTaskCompletionSource.ETModel.IAwaiter.GetResult() in D:\\UnityWork\\ET-Branch_V5.0\\ET-Branch_V5.0\\Unity\\Assets\\Model\\Base\\Async\\ETTaskCompletionSource.cs:line 32\r\n   at ETModel.ETTask.GetResult() in D:\\UnityWork\\ET-Branch_V5.0\\ET-Branch_V5.0\\Unity\\Assets\\Model\\Base\\Async\\ETTask.cs:line 33\r\n   at ETModel.ETTask.Awaiter.GetResult() in D:\\UnityWork\\ET-Branch_V5.0\\ET-Branch_V5.0\\Unity\\Assets\\Model\\Base\\Async\\ETTask.cs:line 98\r\n   at ETModel.AMRpcHandler`2.Handle(Session session, Object message) in D:\\UnityWork\\ET-Branch_V5.0\\ET-Branch_V5.0\\Server\\Model\\Module\\Message\\AMRpcHandler.cs:line 37", "Address" : "127.0.0.1:10002", "Key" : NumberLong("-8403654046684165302") }
2021-11-04 22:31:42.7832 AllServer 0001 (Session.cs:150) { "_t" : "C2R_TestRequest", "RpcId" : 1, "Message" : "just testing " }
2021-11-04 22:31:42.7832 AllServer 0001 (Session.cs:297) { "_t" : "R2G_GetLoginKey", "RpcId" : 1, "Account" : "just testing " }
2021-11-04 22:31:42.8067 AllServer 0001 (Session.cs:150) { "_t" : "R2G_GetLoginKey", "RpcId" : 1, "Account" : "just testing " }
2021-11-04 22:31:42.8067 AllServer 0001 (Session.cs:297) { "_t" : "G2R_GetLoginKey", "RpcId" : 1, "Error" : 0, "Message" : null, "Key" : NumberLong("2003894136402601357") }
2021-11-04 22:31:42.8140 AllServer 0001 (Session.cs:150) { "_t" : "G2R_GetLoginKey", "RpcId" : 1, "Error" : 0, "Message" : null, "Key" : NumberLong("2003894136402601357") }
2021-11-04 22:42:13.8997 AllServer 0001 (Session.cs:150) { "_t" : "C2R_TestRequest", "RpcId" : 1, "Message" : "just testing " }
2021-11-04 22:42:13.9240 AllServer 0001 (Session.cs:297) { "_t" : "R2G_GetLoginKey", "RpcId" : 1, "Account" : "just testing " }
2021-11-04 22:42:13.9240 AllServer 0001 (Session.cs:150) { "_t" : "R2G_GetLoginKey", "RpcId" : 1, "Account" : "just testing " }
2021-11-04 22:42:13.9407 AllServer 0001 (Session.cs:297) { "_t" : "G2R_GetLoginKey", "RpcId" : 1, "Error" : 0, "Message" : null, "Key" : NumberLong("-1964046768262501579") }
2021-11-04 22:42:13.9407 AllServer 0001 (Session.cs:150) { "_t" : "G2R_GetLoginKey", "RpcId" : 1, "Error" : 0, "Message" : null, "Key" : NumberLong("-1964046768262501579") }
